<?xml version="1.0" encoding="utf-8"?><testsuites name="pytest tests"><testsuite name="pytest" errors="0" failures="0" skipped="0" tests="15" time="37.313" timestamp="2026-06-03T12:42:31.633217+00:00" hostname="agent-env-0ba9a290-1bd1-435d-b5fb-f5291b2cace4"><testcase classname="backend.tests.test_iter143_pietential_engine" name="test_1_simulate_returns_high_intent" time="27.491" /><testcase classname="backend.tests.test_iter143_pietential_engine" name="test_2_icp_match_is_pietential_icp" time="0.000" /><testcase classname="backend.tests.test_iter143_pietential_engine" name="test_3_insight_card_with_founder_flag" time="0.000" /><testcase classname="backend.tests.test_iter143_pietential_engine" name="test_4_lead_score_and_tier" time="0.000" /><testcase classname="backend.tests.test_iter143_pietential_engine" name="test_5_pipeline_health_shape" time="0.460" /><testcase classname="backend.tests.test_iter143_pietential_engine" name="test_6_tenant_isolation_demo_user_blocked" time="0.457" /><testcase classname="backend.tests.test_iter143_pietential_engine" name="test_7_saleshandy_loop_skips_pietential" time="0.000" /><testcase classname="backend.tests.test_iter143_pietential_engine" name="test_8_insight_card_has_ui_fields" time="0.126" /><testcase classname="backend.tests.test_iter143_pietential_engine" name="test_9_poll_run_now_requires_admin" time="0.507" /><testcase classname="backend.tests.test_iter143_pietential_engine" name="test_10_scan_run_now_requires_admin" time="0.472" /><testcase classname="backend.tests.test_iter143_pietential_engine" name="test_11_signal_dedup_within_30d" time="2.947" /><testcase classname="backend.tests.test_iter143_pietential_engine" name="test_12_v10_no_direct_anthropic_imports" time="0.017" /><testcase classname="backend.tests.test_iter143_pietential_engine" name="test_13_cleanup_simulated" time="0.147" /><testcase classname="backend.tests.test_iter143_pietential_engine" name="test_14_loops_registered_in_server" time="0.000" /><testcase classname="backend.tests.test_iter143_pietential_engine" name="test_15_manual_triggers_reachable" time="4.621" /></testsuite></testsuites>