<?xml version="1.0" encoding="utf-8"?><testsuites name="pytest tests"><testsuite name="pytest" errors="0" failures="0" skipped="0" tests="15" time="3.373" timestamp="2026-04-30T17:11:18.174348+00:00" hostname="agent-env-0ba9a290-1bd1-435d-b5fb-f5291b2cace4"><testcase classname="backend.tests.test_iter20_assets_brain_recap.TestSalesAssets" name="test_assets_catalog_has_7_types" time="0.701" /><testcase classname="backend.tests.test_iter20_assets_brain_recap.TestSalesAssets" name="test_list_assets_shape" time="0.124" /><testcase classname="backend.tests.test_iter20_assets_brain_recap.TestSalesAssets" name="test_create_asset" time="0.227" /><testcase classname="backend.tests.test_iter20_assets_brain_recap.TestSalesAssets" name="test_created_asset_appears_in_list" time="0.197" /><testcase classname="backend.tests.test_iter20_assets_brain_recap.TestSalesAssets" name="test_patch_asset" time="0.113" /><testcase classname="backend.tests.test_iter20_assets_brain_recap.TestSalesAssets" name="test_use_increments_usage" time="0.403" /><testcase classname="backend.tests.test_iter20_assets_brain_recap.TestSalesAssets" name="test_patch_404_on_missing" time="0.281" /><testcase classname="backend.tests.test_iter20_assets_brain_recap.TestSalesAssets" name="test_delete_asset" time="0.317" /><testcase classname="backend.tests.test_iter20_assets_brain_recap.TestAriaBrain" name="test_brain_shape" time="0.129" /><testcase classname="backend.tests.test_iter20_assets_brain_recap.TestWeeklyRecap" name="test_recap_shape" time="0.129" /><testcase classname="backend.tests.test_iter20_assets_brain_recap" name="test_regression_smoke[/api/aria-agent/training]" time="0.121" /><testcase classname="backend.tests.test_iter20_assets_brain_recap" name="test_regression_smoke[/api/aria-agent/playbooks]" time="0.133" /><testcase classname="backend.tests.test_iter20_assets_brain_recap" name="test_regression_smoke[/api/aria-agent/handoff/alerts]" time="0.143" /><testcase classname="backend.tests.test_iter20_assets_brain_recap" name="test_regression_smoke[/api/aria-agent/workspace/stories]" time="0.145" /><testcase classname="backend.tests.test_iter20_assets_brain_recap" name="test_regression_smoke[/api/aria-agent/workspace/feed]" time="0.118" /></testsuite></testsuites>