<?xml version="1.0" encoding="utf-8"?><testsuites name="pytest tests"><testsuite name="pytest" errors="0" failures="1" skipped="0" tests="9" time="1.825" timestamp="2026-05-28T11:45:45.501759+00:00" hostname="agent-env-0ba9a290-1bd1-435d-b5fb-f5291b2cace4"><testcase classname="backend.tests.test_iter109c_batch1_universal_oauth.TestConfigureAuthUrl" name="test_calendly_configure_returns_configured_true" time="0.580" /><testcase classname="backend.tests.test_iter109c_batch1_universal_oauth.TestConfigureAuthUrl" name="test_calendly_auth_url_contains_calendly_decrypted_client_id_and_redirect" time="0.118" /><testcase classname="backend.tests.test_iter109c_batch1_universal_oauth.TestConfigureAuthUrl" name="test_v4_db_stores_client_id_and_secret_with_enc_prefix" time="0.005" /><testcase classname="backend.tests.test_iter109c_batch1_universal_oauth.TestSaleshandyTest" name="test_saleshandy_test_responds_200_for_pietential" time="0.587" /><testcase classname="backend.tests.test_iter109c_batch1_universal_oauth.TestDisconnect" name="test_delete_calendly_then_status_shows_not_configured" time="0.117"><failure message="AssertionError: 404 {&quot;detail&quot;:&quot;Integration not connected&quot;}&#10;assert 404 == 200&#10; +  where 404 = &lt;Response [404]&gt;.status_code">backend/tests/test_iter109c_batch1_universal_oauth.py:153: in test_delete_calendly_then_status_shows_not_configured
    assert d.status_code == 200, f"{d.status_code} {d.text}"
E   AssertionError: 404 {"detail":"Integration not connected"}
E   assert 404 == 200
E    +  where 404 = &lt;Response [404]&gt;.status_code</failure></testcase><testcase classname="backend.tests.test_iter109c_batch1_universal_oauth.TestPietentialSaleshandyMigration" name="test_pietential_saleshandy_status_connected" time="0.111" /><testcase classname="backend.tests.test_iter109c_batch1_universal_oauth.TestEnvAudit" name="test_no_forbidden_oauth_client_ids_in_backend_env" time="0.000" /><testcase classname="backend.tests.test_iter109c_batch1_universal_oauth.TestFrontendRegistry" name="test_registry_has_13_entries" time="0.000" /><testcase classname="backend.tests.test_iter109c_batch1_universal_oauth.TestProvidersCatalogue" name="test_list_providers_returns_5_oauth" time="0.136" /></testsuite></testsuites>