<?xml version="1.0" encoding="utf-8"?><testsuites name="pytest tests"><testsuite name="pytest" errors="0" failures="1" skipped="0" tests="26" time="31.507" timestamp="2026-05-11T14:54:50.696366+00:00" hostname="agent-env-0ba9a290-1bd1-435d-b5fb-f5291b2cace4"><testcase classname="backend.tests.test_iter34_crm_sync.TestConnectDisconnect" name="test_get_integrations_empty" time="0.616" /><testcase classname="backend.tests.test_iter34_crm_sync.TestConnectDisconnect" name="test_connect_custom_webhook_defaults" time="0.190" /><testcase classname="backend.tests.test_iter34_crm_sync.TestConnectDisconnect" name="test_connect_pipedrive_hides_creds" time="0.309" /><testcase classname="backend.tests.test_iter34_crm_sync.TestConnectDisconnect" name="test_connect_invalid_crm_type" time="0.197" /><testcase classname="backend.tests.test_iter34_crm_sync.TestConnectDisconnect" name="test_connect_pipedrive_requires_api_key" time="0.187" /><testcase classname="backend.tests.test_iter34_crm_sync.TestConnectDisconnect" name="test_connect_webhook_requires_url" time="0.181" /><testcase classname="backend.tests.test_iter34_crm_sync.TestConnectDisconnect" name="test_rep_forbidden_to_connect" time="0.568" /><testcase classname="backend.tests.test_iter34_crm_sync.TestConnectDisconnect" name="test_disconnect" time="0.306" /><testcase classname="backend.tests.test_iter34_crm_sync.TestMappingAndRules" name="test_get_field_mapping_defaults" time="0.262" /><testcase classname="backend.tests.test_iter34_crm_sync.TestMappingAndRules" name="test_put_field_mapping" time="0.309" /><testcase classname="backend.tests.test_iter34_crm_sync.TestMappingAndRules" name="test_put_sync_rules_filters_unknown" time="0.255" /><testcase classname="backend.tests.test_iter34_crm_sync.TestMappingAndRules" name="test_rep_forbidden_on_mapping" time="0.261" /><testcase classname="backend.tests.test_iter34_crm_sync.TestTestConnection" name="test_invalid_webhook_returns_400" time="0.621" /><testcase classname="backend.tests.test_iter34_crm_sync.TestTestConnection" name="test_no_integration_returns_400" time="0.179" /><testcase classname="backend.tests.test_iter34_crm_sync.TestEventFiring" name="test_lead_create_fires_event" time="0.304" /><testcase classname="backend.tests.test_iter34_crm_sync.TestEventFiring" name="test_stage_changed_to_qualified" time="0.377" /><testcase classname="backend.tests.test_iter34_crm_sync.TestEventFiring" name="test_closed_won_fires" time="13.151"><failure message="AssertionError: lead.closed_won event was not queued&#10;assert None">E   AssertionError: lead.closed_won event was not queued
    assert None</failure></testcase><testcase classname="backend.tests.test_iter34_crm_sync.TestEventFiring" name="test_takeover_fires_two_events" time="0.786" /><testcase classname="backend.tests.test_iter34_crm_sync.TestSyncLog" name="test_list_with_filters" time="0.204" /><testcase classname="backend.tests.test_iter34_crm_sync.TestSyncLog" name="test_retry_entry" time="8.743" /><testcase classname="backend.tests.test_iter34_crm_sync.TestSyncLog" name="test_retry_all_failed" time="0.192" /><testcase classname="backend.tests.test_iter34_crm_sync.TestOAuthAndExtras" name="test_oauth_start_hubspot_placeholder" time="0.195" /><testcase classname="backend.tests.test_iter34_crm_sync.TestOAuthAndExtras" name="test_oauth_invalid_crm" time="0.186" /><testcase classname="backend.tests.test_iter34_crm_sync.TestOAuthAndExtras" name="test_lead_status_disconnected" time="0.189" /><testcase classname="backend.tests.test_iter34_crm_sync.TestOAuthAndExtras" name="test_lead_status_connected" time="2.397" /><testcase classname="backend.tests.test_iter34_crm_sync.TestOAuthAndExtras" name="test_inbound_no_integration_404" time="0.269" /></testsuite></testsuites>