<?xml version="1.0" encoding="utf-8"?><testsuites name="pytest tests"><testsuite name="pytest" errors="0" failures="0" skipped="0" tests="13" time="3.445" timestamp="2026-04-28T16:02:36.269383+00:00" hostname="agent-env-0ba9a290-1bd1-435d-b5fb-f5291b2cace4"><testcase classname="backend.tests.test_daily_call_plan.TestDailyCallPlanConfig" name="test_get_config_returns_object" time="0.561" /><testcase classname="backend.tests.test_daily_call_plan.TestDailyCallPlanConfig" name="test_put_validation_invalid_hour" time="0.061" /><testcase classname="backend.tests.test_daily_call_plan.TestDailyCallPlanConfig" name="test_put_validation_invalid_tz" time="0.053" /><testcase classname="backend.tests.test_daily_call_plan.TestDailyCallPlanConfig" name="test_put_validation_invalid_plan_size" time="0.050" /><testcase classname="backend.tests.test_daily_call_plan.TestDailyCallPlanConfig" name="test_put_roundtrip" time="0.137" /><testcase classname="backend.tests.test_daily_call_plan.TestPreview" name="test_preview_returns_html_and_count" time="0.281" /><testcase classname="backend.tests.test_daily_call_plan.TestPreview" name="test_preview_contains_urgency_badges_or_empty_state" time="0.075" /><testcase classname="backend.tests.test_daily_call_plan.TestSendNow" name="test_send_now_missing_recipient_returns_400" time="1.383" /><testcase classname="backend.tests.test_daily_call_plan.TestSendNow" name="test_send_now_resend_blocks_unverified_recipient" time="0.384" /><testcase classname="backend.tests.test_daily_call_plan.TestSendNow" name="test_send_now_endpoint_reachable_and_authed" time="0.182" /><testcase classname="backend.tests.test_daily_call_plan.TestRegression" name="test_call_priority_still_works" time="0.062" /><testcase classname="backend.tests.test_daily_call_plan.TestRegression" name="test_best_time_to_call_still_works" time="0.128" /><testcase classname="backend.tests.test_daily_call_plan.TestBackgroundLoop" name="test_loop_log_present" time="0.001" /></testsuite></testsuites>