<?xml version="1.0" encoding="utf-8"?><testsuites name="pytest tests"><testsuite name="pytest" errors="0" failures="0" skipped="0" tests="22" time="15.628" timestamp="2026-05-22T10:23:34.119607+00:00" hostname="agent-env-0ba9a290-1bd1-435d-b5fb-f5291b2cace4"><testcase classname="backend.tests.test_iter74_aria_agent_refactor" name="test_aria_get_endpoint_200[/api/aria-agent/training]" time="0.597" /><testcase classname="backend.tests.test_iter74_aria_agent_refactor" name="test_aria_get_endpoint_200[/api/aria-agent/playbooks]" time="0.108" /><testcase classname="backend.tests.test_iter74_aria_agent_refactor" name="test_aria_get_endpoint_200[/api/aria-agent/journeys/default]" time="0.126" /><testcase classname="backend.tests.test_iter74_aria_agent_refactor" name="test_aria_get_endpoint_200[/api/aria-agent/handoff/rules]" time="0.144" /><testcase classname="backend.tests.test_iter74_aria_agent_refactor" name="test_aria_get_endpoint_200[/api/aria-agent/handoff/alerts]" time="0.144" /><testcase classname="backend.tests.test_iter74_aria_agent_refactor" name="test_aria_get_endpoint_200[/api/aria-agent/revival/segments]" time="0.130" /><testcase classname="backend.tests.test_iter74_aria_agent_refactor" name="test_aria_get_endpoint_200[/api/aria-agent/agent-activity]" time="0.117" /><testcase classname="backend.tests.test_iter74_aria_agent_refactor" name="test_aria_get_endpoint_200[/api/aria-agent/insights]" time="0.127" /><testcase classname="backend.tests.test_iter74_aria_agent_refactor" name="test_aria_get_endpoint_200[/api/aria-agent/assets/catalog]" time="0.131" /><testcase classname="backend.tests.test_iter74_aria_agent_refactor" name="test_aria_get_endpoint_200[/api/aria-agent/assets]" time="0.134" /><testcase classname="backend.tests.test_iter74_aria_agent_refactor" name="test_aria_get_endpoint_200[/api/aria-agent/brain]" time="0.107" /><testcase classname="backend.tests.test_iter74_aria_agent_refactor" name="test_aria_get_endpoint_200[/api/aria-agent/weekly-recap]" time="0.120" /><testcase classname="backend.tests.test_iter74_aria_agent_refactor" name="test_aria_get_endpoint_200[/api/aria-agent/workspace/stories]" time="0.137" /><testcase classname="backend.tests.test_iter74_aria_agent_refactor" name="test_aria_get_endpoint_200[/api/aria-agent/workspace/feed]" time="0.102" /><testcase classname="backend.tests.test_iter74_aria_agent_refactor" name="test_aria_get_endpoint_200[/api/aria-agent/workspace/pipeline-mood]" time="0.129" /><testcase classname="backend.tests.test_iter74_aria_agent_refactor" name="test_aria_get_endpoint_200[/api/aria-agent/workspace/morning-brief]" time="0.129" /><testcase classname="backend.tests.test_iter74_aria_agent_refactor" name="test_put_training_persists" time="0.237" /><testcase classname="backend.tests.test_iter74_aria_agent_refactor" name="test_playbook_activate_deactivate_roundtrip" time="0.357" /><testcase classname="backend.tests.test_iter74_aria_agent_refactor" name="test_asset_crud_flow" time="0.578" /><testcase classname="backend.tests.test_iter74_aria_agent_refactor" name="test_workspace_story_card" time="0.270" /><testcase classname="backend.tests.test_iter74_aria_agent_refactor" name="test_founder_brief" time="11.475" /><testcase classname="backend.tests.test_iter74_aria_agent_refactor" name="test_aria_read" time="0.154" /></testsuite></testsuites>