<?xml version="1.0" encoding="utf-8"?><testsuites name="pytest tests"><testsuite name="pytest" errors="0" failures="2" skipped="0" tests="111" time="87.495" timestamp="2026-05-28T13:24:20.502053+00:00" hostname="agent-env-0ba9a290-1bd1-435d-b5fb-f5291b2cace4"><testcase classname="tests.test_iter102_p0_audit_fixes.TestIntegrationEncryption" name="test_encrypt_decrypt_roundtrip_in_memory" time="0.002" /><testcase classname="tests.test_iter102_p0_audit_fixes.TestIntegrationEncryption" name="test_encrypt_is_idempotent" time="0.000" /><testcase classname="tests.test_iter102_p0_audit_fixes.TestIntegrationEncryption" name="test_connect_stores_encrypted_value_in_db" time="0.640" /><testcase classname="tests.test_iter102_p0_audit_fixes.TestAutomationRuleAutoFire" name="test_pixel_form_submit_fires_lead_created_rule" time="0.247" /><testcase classname="tests.test_iter102_p0_audit_fixes.TestAutomationRuleAutoFire" name="test_rule_with_unmet_condition_does_not_fire" time="0.001" /><testcase classname="tests.test_iter102_p0_audit_fixes.TestAutomationRuleAutoFire" name="test_disabled_rule_skipped" time="0.001" /><testcase classname="tests.test_iter102_p0_audit_fixes.TestIcpCap" name="test_can_create_up_to_5" time="2.039" /><testcase classname="tests.test_iter102_p0_audit_fixes.TestIcpCap" name="test_6th_blocked_with_403" time="0.106" /><testcase classname="tests.test_pietential_phase3" name="test_saleshandy_csv_import" time="0.515" /><testcase classname="tests.test_pietential_phase3" name="test_saleshandy_csv_reimport_updates" time="0.138" /><testcase classname="tests.test_pietential_phase3" name="test_lemlist_csv_import" time="0.253"><failure message="AssertionError: Pat lead not created from lemlist CSV&#10;assert None is not None">E   AssertionError: Pat lead not created from lemlist CSV
    assert None is not None</failure></testcase><testcase classname="tests.test_pietential_phase3" name="test_campaigns_list_all" time="0.122" /><testcase classname="tests.test_pietential_phase3" name="test_campaigns_filter_saleshandy" time="0.120" /><testcase classname="tests.test_pietential_phase3" name="test_campaigns_filter_lemlist" time="0.116" /><testcase classname="tests.test_pietential_phase3" name="test_logs_list" time="0.116" /><testcase classname="tests.test_pietential_phase3" name="test_logs_filter_csv_import" time="0.116" /><testcase classname="tests.test_pietential_phase3" name="test_logs_filter_level_info" time="0.108" /><testcase classname="tests.test_pietential_phase3" name="test_logs_filter_level_error_returns_array" time="0.154" /><testcase classname="tests.test_pietential_phase3" name="test_account_platform_active_flags" time="0.109"><failure message="assert None is not None">E   assert None is not None</failure></testcase><testcase classname="tests.test_pietential_phase3" name="test_manual_sync_without_api_key_400" time="0.250" /><testcase classname="tests.test_pietential_phase3" name="test_manual_sync_with_api_key_ok" time="0.342" /><testcase classname="tests.test_pietential_phase3" name="test_field_mapping_get_default" time="0.139" /><testcase classname="tests.test_pietential_phase3" name="test_field_mapping_post_then_get" time="0.286" /><testcase classname="tests.test_pietential_phase3" name="test_regression_routes[/api/pt/overview]" time="0.146" /><testcase classname="tests.test_pietential_phase3" name="test_regression_routes[/api/pt/saleshandy/activity]" time="0.139" /><testcase classname="tests.test_pietential_phase3" name="test_regression_routes[/api/pt/lemlist/activity]" time="0.135" /><testcase classname="tests.test_pietential_phase3" name="test_regression_routes[/api/pt/touchpoints]" time="0.125" /><testcase classname="tests.test_pietential_phase3" name="test_regression_routes[/api/pt/team]" time="0.108" /><testcase classname="tests.test_pietential_phase3" name="test_regression_routes[/api/pt/training/signal]" time="0.115" /><testcase classname="tests.test_pietential_phase3" name="test_regression_demo_replay" time="0.143" /><testcase classname="tests.test_pietential_phase3" name="test_regression_score_decay_admin" time="0.108" /><testcase classname="tests.test_iter94_insights_engine_and_test_chat.TestInsightsIntegrations" name="test_get_integrations_returns_handshake" time="0.448" /><testcase classname="tests.test_iter94_insights_engine_and_test_chat.TestInsightsIntegrations" name="test_sales_rep_blocked_on_put_integrations" time="0.468" /><testcase classname="tests.test_iter94_insights_engine_and_test_chat.TestInsightsIntegrations" name="test_admin_can_set_and_clear_keys" time="0.226" /><testcase classname="tests.test_iter94_insights_engine_and_test_chat.TestInsightsFeedAndScan" name="test_feed_empty_initial" time="0.146" /><testcase classname="tests.test_iter94_insights_engine_and_test_chat.TestInsightsFeedAndScan" name="test_sales_rep_blocked_on_scan" time="0.130" /><testcase classname="tests.test_iter94_insights_engine_and_test_chat.TestInsightsFeedAndScan" name="test_admin_scan_runs_returns_status" time="47.727" /><testcase classname="tests.test_iter94_insights_engine_and_test_chat.TestInsightsFeedAndScan" name="test_invalid_action_rejected" time="0.186" /><testcase classname="tests.test_iter94_insights_engine_and_test_chat.TestInsightsFeedAndScan" name="test_action_on_nonexistent_card_404" time="0.125" /><testcase classname="tests.test_iter94_insights_engine_and_test_chat.TestInsightsUnit" name="test_icp_score_title_match" time="0.006" /><testcase classname="tests.test_iter94_insights_engine_and_test_chat.TestInsightsUnit" name="test_icp_score_no_match" time="0.000" /><testcase classname="tests.test_iter94_insights_engine_and_test_chat.TestInsightsUnit" name="test_best_icp_returns_highest" time="0.000" /><testcase classname="tests.test_iter94_insights_engine_and_test_chat.TestInsightsUnit" name="test_best_icp_empty_returns_none" time="0.000" /><testcase classname="tests.test_iter94_insights_engine_and_test_chat.TestInsightsUnit" name="test_resource_map_covers_all_signal_types" time="0.000" /><testcase classname="tests.test_iter94_insights_engine_and_test_chat.TestAriaTestChat" name="test_returns_message_for_trained_workspace" time="10.971" /><testcase classname="tests.test_iter94_insights_engine_and_test_chat.TestAriaTestChat" name="test_rejects_empty_message" time="0.133" /><testcase classname="tests.test_iter94_insights_engine_and_test_chat.TestAriaTestChat" name="test_works_without_training_profile" time="6.194" /><testcase classname="tests.test_iter94_insights_engine_and_test_chat.TestMigrationDoesNotWipeTraining" name="test_pietential_training_survives_migration_rerun" time="0.020" /><testcase classname="tests.test_iter94_insights_engine_and_test_chat.TestMigrationDoesNotWipeTraining" name="test_upsert_is_set_on_insert_not_set" time="0.001" /><testcase classname="tests.test_iter92_aria_master_prompt_v2.TestAssembler" name="test_empty_profile_renders_section_headers" time="0.014" /><testcase classname="tests.test_iter92_aria_master_prompt_v2.TestAssembler" name="test_b2c_excludes_insights_section" time="0.000" /><testcase classname="tests.test_iter92_aria_master_prompt_v2.TestAssembler" name="test_b2b_includes_insights_section" time="0.000" /><testcase classname="tests.test_iter92_aria_master_prompt_v2.TestAssembler" name="test_brand_integrity_block_includes_workspace_name" time="0.000" /><testcase classname="tests.test_iter92_aria_master_prompt_v2.TestAssembler" name="test_filled_icp_renders_correctly" time="0.000" /><testcase classname="tests.test_iter92_aria_master_prompt_v2.TestAssembler" name="test_empty_lists_render_as_not_configured" time="0.000" /><testcase classname="tests.test_iter92_aria_master_prompt_v2.TestEndpoints" name="test_workspace_type_get" time="0.493" /><testcase classname="tests.test_iter92_aria_master_prompt_v2.TestEndpoints" name="test_workspace_type_set_rejects_invalid" time="0.124" /><testcase classname="tests.test_iter92_aria_master_prompt_v2.TestEndpoints" name="test_workspace_type_set_accepts_valid" time="0.479" /><testcase classname="tests.test_iter92_aria_master_prompt_v2.TestEndpoints" name="test_training_profile_get_returns_shape" time="0.156" /><testcase classname="tests.test_iter92_aria_master_prompt_v2.TestEndpoints" name="test_training_profile_put_reassembles" time="0.145" /><testcase classname="tests.test_iter92_aria_master_prompt_v2.TestEndpoints" name="test_system_prompt_preview_uses_saved_data" time="0.104" /><testcase classname="tests.test_iter92_aria_master_prompt_v2.TestEndpoints" name="test_reassemble_endpoint" time="0.107" /><testcase classname="tests.test_iter92_aria_master_prompt_v2.TestRoleGating" name="test_sales_rep_blocked_on_put_profile" time="0.469" /><testcase classname="tests.test_iter92_aria_master_prompt_v2.TestRoleGating" name="test_sales_rep_blocked_on_workspace_type" time="0.116" /><testcase classname="tests.test_iter92_aria_master_prompt_v2.TestIntegration" name="test_stored_prompt_is_encrypted" time="0.001" /><testcase classname="tests.test_iter92_aria_master_prompt_v2.TestIntegration" name="test_aria_agent_uses_assembled_prompt" time="0.003" /><testcase classname="tests.test_iter92_aria_master_prompt_v2.TestIntegration" name="test_aria_agent_falls_back_when_no_profile" time="0.000" /><testcase classname="tests.test_iter109c_batch2_call_booking.TestCallBookingSettings" name="test_v1_get_settings_returns_default_with_provider_status" time="0.467" /><testcase classname="tests.test_iter109c_batch2_call_booking.TestCallBookingSettings" name="test_v2_put_settings_persists_then_get_returns_saved_values" time="0.119" /><testcase classname="tests.test_iter109c_batch2_call_booking.TestBookGuardedByGoogle" name="test_v3_book_without_google_calendar_scope_returns_412" time="0.060" /><testcase classname="tests.test_iter109c_batch2_call_booking.TestListBookings" name="test_v4_list_bookings_returns_empty" time="0.053" /><testcase classname="tests.test_iter109c_batch2_call_booking.TestNoShowCheck" name="test_v5_no_show_check_empty" time="0.057" /><testcase classname="tests.test_iter109c_batch2_call_booking.TestSaleshandyAuditOnConfigure" name="test_v6_configure_api_key_then_status_returns_connected_by_name" time="0.110" /><testcase classname="tests.test_iter109c_batch2_call_booking.TestGoogleScopeNarrowing" name="test_v7_configure_with_narrow_scopes_then_auth_url_contains_only_those" time="0.216" /><testcase classname="tests.test_iter109c_batch1_universal_oauth.TestConfigureAuthUrl" name="test_calendly_configure_returns_configured_true" time="0.480" /><testcase classname="tests.test_iter109c_batch1_universal_oauth.TestConfigureAuthUrl" name="test_calendly_auth_url_contains_calendly_decrypted_client_id_and_redirect" time="0.166" /><testcase classname="tests.test_iter109c_batch1_universal_oauth.TestConfigureAuthUrl" name="test_v4_db_stores_client_id_and_secret_with_enc_prefix" time="0.004" /><testcase classname="tests.test_iter109c_batch1_universal_oauth.TestSaleshandyTest" name="test_saleshandy_test_responds_200_for_pietential" time="0.598" /><testcase classname="tests.test_iter109c_batch1_universal_oauth.TestDisconnect" name="test_delete_calendly_then_status_shows_not_configured" time="0.227" /><testcase classname="tests.test_iter109c_batch1_universal_oauth.TestPietentialSaleshandyMigration" name="test_pietential_saleshandy_status_connected" time="0.133" /><testcase classname="tests.test_iter109c_batch1_universal_oauth.TestEnvAudit" name="test_no_forbidden_oauth_client_ids_in_backend_env" time="0.000" /><testcase classname="tests.test_iter109c_batch1_universal_oauth.TestFrontendRegistry" name="test_registry_has_13_entries" time="0.000" /><testcase classname="tests.test_iter109c_batch1_universal_oauth.TestProvidersCatalogue" name="test_list_providers_returns_5_oauth" time="0.110" /><testcase classname="tests.test_iter90_pietential_lead_scoring.TestHeuristicScore" name="test_hot_chro" time="0.000" /><testcase classname="tests.test_iter90_pietential_lead_scoring.TestHeuristicScore" name="test_hot_vp_people" time="0.000" /><testcase classname="tests.test_iter90_pietential_lead_scoring.TestHeuristicScore" name="test_hot_head_of_talent" time="0.000" /><testcase classname="tests.test_iter90_pietential_lead_scoring.TestHeuristicScore" name="test_warm_director_of_hr" time="0.000" /><testcase classname="tests.test_iter90_pietential_lead_scoring.TestHeuristicScore" name="test_warm_senior_manager_people" time="0.000" /><testcase classname="tests.test_iter90_pietential_lead_scoring.TestHeuristicScore" name="test_cold_random_title" time="0.000" /><testcase classname="tests.test_iter90_pietential_lead_scoring.TestHeuristicScore" name="test_cold_empty_title" time="0.000" /><testcase classname="tests.test_iter90_pietential_lead_scoring.TestHeuristicScore" name="test_engagement_clicked_pushes_warm_to_hot" time="0.000" /><testcase classname="tests.test_iter90_pietential_lead_scoring.TestHeuristicScore" name="test_engagement_unsubscribed_demotes_hot_to_warm_or_cold" time="0.000" /><testcase classname="tests.test_iter90_pietential_lead_scoring.TestHeuristicScore" name="test_missing_company_demotes" time="0.000" /><testcase classname="tests.test_iter90_pietential_lead_scoring.TestHeuristicScore" name="test_score_bounded_0_100" time="0.000" /><testcase classname="tests.test_iter90_pietential_lead_scoring.TestHeuristicScore" name="test_why_is_string" time="0.000" /><testcase classname="tests.test_iter90_pietential_lead_scoring.TestAriaScoring" name="test_aria_returns_none_when_no_key" time="1.349" /><testcase classname="tests.test_iter90_pietential_lead_scoring.TestAriaScoring" name="test_aria_returns_none_when_missing_email" time="0.000" /><testcase classname="tests.test_iter90_pietential_lead_scoring.TestAriaScoring" name="test_aria_returns_none_when_no_title_or_company" time="0.000" /><testcase classname="tests.test_iter90_pietential_lead_scoring.TestAriaScoring" name="test_score_lead_falls_back_to_heuristic_on_aria_failure" time="0.000" /><testcase classname="tests.test_iter90_pietential_lead_scoring.TestAriaScoring" name="test_score_lead_uses_aria_when_available" time="0.000" /><testcase classname="tests.test_iter90_pietential_lead_scoring.TestAriaScoring" name="test_score_lead_skips_aria_when_use_aria_false" time="0.000" /><testcase classname="tests.test_iter90_pietential_lead_scoring.TestRescoreEndpoint" name="test_sales_rep_blocked" time="0.693" /><testcase classname="tests.test_iter90_pietential_lead_scoring.TestRescoreEndpoint" name="test_admin_allowed_response_shape" time="2.004" /><testcase classname="tests.test_iter90_pietential_lead_scoring.TestRescoreEndpoint" name="test_empty_result_when_no_matches" time="0.115" /><testcase classname="tests.test_iter90_pietential_lead_scoring.TestRescoreEndpoint" name="test_max_leads_capped" time="3.110" /><testcase classname="tests.test_iter90_pietential_lead_scoring.TestPullEndpointsGates" name="test_lemlist_pull_blocked_for_sales_rep" time="0.123" /><testcase classname="tests.test_iter90_pietential_lead_scoring.TestPullEndpointsGates" name="test_saleshandy_pull_blocked_for_sales_rep" time="0.140" /><testcase classname="tests.test_iter90_pietential_lead_scoring.TestPullEndpointsGates" name="test_lemlist_pull_admin_reachable" time="0.125" /><testcase classname="tests.test_iter90_pietential_lead_scoring.TestIter88Regression" name="test_setup_health_still_5_items" time="0.119" /><testcase classname="tests.test_iter90_pietential_lead_scoring.TestIter88Regression" name="test_deployments_list_includes_setup_rollup" time="0.159" /><testcase classname="tests.test_iter90_pietential_lead_scoring.TestIter88Regression" name="test_login_rate_limit_present" time="0.330" /></testsuite></testsuites>