<?xml version="1.0" encoding="utf-8"?><testsuites name="pytest tests"><testsuite name="pytest" errors="0" failures="1" skipped="0" tests="25" time="4.282" timestamp="2026-07-08T07:32:08.789112+00:00" hostname="agent-env-0ba9a290-1bd1-435d-b5fb-f5291b2cace4"><testcase classname="backend.tests.test_iter168_security.TestSEC001PietentialWrites" name="test_patch_foreign_lead_returns_404" time="0.734" /><testcase classname="backend.tests.test_iter168_security.TestSEC001PietentialWrites" name="test_delete_foreign_lead_returns_404" time="0.135" /><testcase classname="backend.tests.test_iter168_security.TestSEC001PietentialWrites" name="test_ask_aria_foreign_lead_returns_404" time="0.101" /><testcase classname="backend.tests.test_iter168_security.TestSEC001PietentialWrites" name="test_patch_real_lead_still_works" time="0.247" /><testcase classname="backend.tests.test_iter168_security.TestSEC002LegacyLeadsTenantScoped" name="test_your_five_today_tenant_scoped" time="0.138" /><testcase classname="backend.tests.test_iter168_security.TestSEC002LegacyLeadsTenantScoped" name="test_sleeping_returns_200" time="0.134"><failure message="AssertionError: {&quot;detail&quot;:&quot;Lead not found&quot;}&#10;assert 404 == 200&#10; +  where 404 = &lt;Response [404]&gt;.status_code">backend/tests/test_iter168_security.py:81: in test_sleeping_returns_200
    assert r.status_code == 200, r.text
E   AssertionError: {"detail":"Lead not found"}
E   assert 404 == 200
E    +  where 404 = &lt;Response [404]&gt;.status_code</failure></testcase><testcase classname="backend.tests.test_iter168_security.TestSEC002LegacyLeadsTenantScoped" name="test_no_duplicate_sleeping_route" time="0.000" /><testcase classname="backend.tests.test_iter168_security.TestSEC003AriaTenantScoped" name="test_aria_trigger_fake_oid_404" time="0.107" /><testcase classname="backend.tests.test_iter168_security.TestSEC003AriaTenantScoped" name="test_aria_reply_fake_oid_404" time="0.099" /><testcase classname="backend.tests.test_iter168_security.TestSEC003AriaTenantScoped" name="test_aria_conversation_fake_oid_404" time="0.147" /><testcase classname="backend.tests.test_iter168_security.TestSEC003AriaTenantScoped" name="test_aria_takeover_fake_oid_404" time="0.099" /><testcase classname="backend.tests.test_iter168_security.TestSEC003AriaTenantScoped" name="test_aria_resume_fake_oid_404" time="0.112" /><testcase classname="backend.tests.test_iter168_security.TestSEC003AriaTenantScoped" name="test_no_show_recovery_fake_oid_404" time="0.102" /><testcase classname="backend.tests.test_iter168_security.TestSEC003AriaTenantScoped" name="test_revival_campaign_processes_zero_for_foreign_ids" time="0.100" /><testcase classname="backend.tests.test_iter168_security.TestSEC004RedosDefence" name="test_evil_q_regex_fast" time="0.098" /><testcase classname="backend.tests.test_iter168_security.TestSEC004RedosDefence" name="test_evil_title_regex_fast" time="0.101" /><testcase classname="backend.tests.test_iter168_security.TestSEC005CsvImport" name="test_valid_csv_import_success_and_tenant_stamped" time="0.299" /><testcase classname="backend.tests.test_iter168_security.TestSEC005CsvImport" name="test_oversize_returns_413" time="0.331" /><testcase classname="backend.tests.test_iter168_security.TestSEC005CsvImport" name="test_bad_content_type_returns_400" time="0.118" /><testcase classname="backend.tests.test_iter168_security.TestRegressionSweep" name="test_endpoint_200[/api/tenants/me]" time="0.108" /><testcase classname="backend.tests.test_iter168_security.TestRegressionSweep" name="test_endpoint_200[/api/dashboard/b2b-founder]" time="0.122" /><testcase classname="backend.tests.test_iter168_security.TestRegressionSweep" name="test_endpoint_200[/api/dashboard/integration-showcase]" time="0.100" /><testcase classname="backend.tests.test_iter168_security.TestRegressionSweep" name="test_endpoint_200[/api/approvals]" time="0.099" /><testcase classname="backend.tests.test_iter168_security.TestRegressionSweep" name="test_endpoint_200[/api/insights/founder-command-center]" time="0.144" /><testcase classname="backend.tests.test_iter168_security.TestRegressionSweep" name="test_pt_leads_returns_leads" time="0.377" /></testsuite></testsuites>