<?xml version="1.0" encoding="utf-8"?><testsuites name="pytest tests"><testsuite name="pytest" errors="0" failures="0" skipped="0" tests="9" time="2.409" timestamp="2026-05-11T18:06:31.614435+00:00" hostname="agent-env-0ba9a290-1bd1-435d-b5fb-f5291b2cace4"><testcase classname="backend.tests.test_iter42_notifications_widget_hmac.TestNotificationPrefs" name="test_get_preferences_returns_full_schema" time="0.729" /><testcase classname="backend.tests.test_iter42_notifications_widget_hmac.TestNotificationPrefs" name="test_put_preferences_persists" time="0.256" /><testcase classname="backend.tests.test_iter42_notifications_widget_hmac.TestNotificationPrefs" name="test_put_preferences_forbidden_for_non_admin" time="0.478" /><testcase classname="backend.tests.test_iter42_notifications_widget_hmac.TestPlatformStats" name="test_admin_gets_platform_stats" time="0.157" /><testcase classname="backend.tests.test_iter42_notifications_widget_hmac.TestPlatformStats" name="test_sales_rep_denied_platform_stats" time="0.106" /><testcase classname="backend.tests.test_iter42_notifications_widget_hmac.TestWaWidgetClick" name="test_wa_click_no_auth" time="0.136" /><testcase classname="backend.tests.test_iter42_notifications_widget_hmac.TestAriaWaWidgetJs" name="test_widget_js_served" time="0.153" /><testcase classname="backend.tests.test_iter42_notifications_widget_hmac.TestWhatsAppWebhookHMAC" name="test_no_signature_passes_through" time="0.190" /><testcase classname="backend.tests.test_iter42_notifications_widget_hmac.TestWhatsAppWebhookHMAC" name="test_bogus_signature_warn_allow_when_no_secret" time="0.124" /></testsuite></testsuites>