<?xml version="1.0" encoding="utf-8"?><testsuites name="pytest tests"><testsuite name="pytest" errors="0" failures="0" skipped="0" tests="14" time="6.981" timestamp="2026-04-28T15:40:38.058590+00:00" hostname="agent-env-0ba9a290-1bd1-435d-b5fb-f5291b2cace4"><testcase classname="backend.tests.test_iter11_features.TestLiteralValidators" name="test_invalid_type_rejected" time="3.781" /><testcase classname="backend.tests.test_iter11_features.TestLiteralValidators" name="test_invalid_send_timing_rejected" time="0.122" /><testcase classname="backend.tests.test_iter11_features.TestLiteralValidators" name="test_valid_payload_accepted" time="0.108" /><testcase classname="backend.tests.test_iter11_features.TestCampaignOverride" name="test_get_unknown_campaign_returns_defaults" time="0.161" /><testcase classname="backend.tests.test_iter11_features.TestCampaignOverride" name="test_put_then_get_round_trip" time="0.255" /><testcase classname="backend.tests.test_iter11_features.TestCampaignOverride" name="test_invalid_type_on_campaign_rejected" time="0.124" /><testcase classname="backend.tests.test_iter11_features.TestScopeResolution" name="test_campaign_override_used_when_inherit_false" time="0.798" /><testcase classname="backend.tests.test_iter11_features.TestScopeResolution" name="test_workspace_used_when_inherit_true" time="0.578" /><testcase classname="backend.tests.test_iter11_features.TestEngagementAggregation" name="test_engagement_map_shape" time="0.157" /><testcase classname="backend.tests.test_iter11_features.TestEngagementAggregation" name="test_recent_opens_shape_and_dedupe" time="0.115" /><testcase classname="backend.tests.test_iter11_features.TestEngagementAggregation" name="test_recent_opens_limit_clamp" time="0.147" /><testcase classname="backend.tests.test_iter11_features.TestWhatsAppLoggedOnly" name="test_send_logged_only_no_500" time="0.320" /><testcase classname="backend.tests.test_iter11_features.TestWhatsAppWebhookVerify" name="test_verify_returns_503_when_env_empty" time="0.114" /><testcase classname="backend.tests.test_iter11_features.TestWhatsAppWebhookVerify" name="test_receive_accepts_payload" time="0.116" /></testsuite></testsuites>