<?xml version="1.0" encoding="utf-8"?><testsuites name="pytest tests"><testsuite name="pytest" errors="0" failures="1" skipped="0" tests="27" time="4.310" timestamp="2026-07-08T07:37:06.174288+00:00" hostname="agent-env-0ba9a290-1bd1-435d-b5fb-f5291b2cace4"><testcase classname="backend.tests.test_iter168_security.TestSEC001PietentialWrites" name="test_patch_foreign_lead_returns_404" time="0.615" /><testcase classname="backend.tests.test_iter168_security.TestSEC001PietentialWrites" name="test_delete_foreign_lead_returns_404" time="0.143" /><testcase classname="backend.tests.test_iter168_security.TestSEC001PietentialWrites" name="test_ask_aria_foreign_lead_returns_404" time="0.101" /><testcase classname="backend.tests.test_iter168_security.TestSEC001PietentialWrites" name="test_patch_real_lead_still_works" time="0.214" /><testcase classname="backend.tests.test_iter168_security.TestSEC002LegacyLeadsTenantScoped" name="test_your_five_today_tenant_scoped" time="0.137" /><testcase classname="backend.tests.test_iter168_security.TestSEC002LegacyLeadsTenantScoped" name="test_sleeping_returns_200" time="0.135" /><testcase classname="backend.tests.test_iter168_security.TestSEC002LegacyLeadsTenantScoped" name="test_sleeping_threshold_days_param" time="0.114" /><testcase classname="backend.tests.test_iter168_security.TestSEC002LegacyLeadsTenantScoped" name="test_sleeping_deprecated_returns_410" time="0.096"><failure message="AssertionError: expected 410 got 404 {&quot;detail&quot;:&quot;Lead not found&quot;}&#10;assert 404 == 410&#10; +  where 404 = &lt;Response [404]&gt;.status_code">backend/tests/test_iter168_security.py:94: in test_sleeping_deprecated_returns_410
    assert r.status_code == 410, f"expected 410 got {r.status_code} {r.text}"
E   AssertionError: expected 410 got 404 {"detail":"Lead not found"}
E   assert 404 == 410
E    +  where 404 = &lt;Response [404]&gt;.status_code</failure></testcase><testcase classname="backend.tests.test_iter168_security.TestSEC002LegacyLeadsTenantScoped" name="test_no_duplicate_sleeping_route" time="0.000" /><testcase classname="backend.tests.test_iter168_security.TestSEC003AriaTenantScoped" name="test_aria_trigger_fake_oid_404" time="0.130" /><testcase classname="backend.tests.test_iter168_security.TestSEC003AriaTenantScoped" name="test_aria_reply_fake_oid_404" time="0.101" /><testcase classname="backend.tests.test_iter168_security.TestSEC003AriaTenantScoped" name="test_aria_conversation_fake_oid_404" time="0.099" /><testcase classname="backend.tests.test_iter168_security.TestSEC003AriaTenantScoped" name="test_aria_takeover_fake_oid_404" time="0.099" /><testcase classname="backend.tests.test_iter168_security.TestSEC003AriaTenantScoped" name="test_aria_resume_fake_oid_404" time="0.096" /><testcase classname="backend.tests.test_iter168_security.TestSEC003AriaTenantScoped" name="test_no_show_recovery_fake_oid_404" time="0.097" /><testcase classname="backend.tests.test_iter168_security.TestSEC003AriaTenantScoped" name="test_revival_campaign_processes_zero_for_foreign_ids" time="0.106" /><testcase classname="backend.tests.test_iter168_security.TestSEC004RedosDefence" name="test_evil_q_regex_fast" time="0.100" /><testcase classname="backend.tests.test_iter168_security.TestSEC004RedosDefence" name="test_evil_title_regex_fast" time="0.132" /><testcase classname="backend.tests.test_iter168_security.TestSEC005CsvImport" name="test_valid_csv_import_success_and_tenant_stamped" time="0.236" /><testcase classname="backend.tests.test_iter168_security.TestSEC005CsvImport" name="test_oversize_returns_413" time="0.357" /><testcase classname="backend.tests.test_iter168_security.TestSEC005CsvImport" name="test_bad_content_type_returns_400" time="0.101" /><testcase classname="backend.tests.test_iter168_security.TestRegressionSweep" name="test_endpoint_200[/api/tenants/me]" time="0.097" /><testcase classname="backend.tests.test_iter168_security.TestRegressionSweep" name="test_endpoint_200[/api/dashboard/b2b-founder]" time="0.116" /><testcase classname="backend.tests.test_iter168_security.TestRegressionSweep" name="test_endpoint_200[/api/dashboard/integration-showcase]" time="0.135" /><testcase classname="backend.tests.test_iter168_security.TestRegressionSweep" name="test_endpoint_200[/api/approvals]" time="0.099" /><testcase classname="backend.tests.test_iter168_security.TestRegressionSweep" name="test_endpoint_200[/api/insights/founder-command-center]" time="0.116" /><testcase classname="backend.tests.test_iter168_security.TestRegressionSweep" name="test_pt_leads_returns_leads" time="0.409" /></testsuite></testsuites>