<?xml version="1.0" encoding="utf-8"?><testsuites name="pytest tests"><testsuite name="pytest" errors="0" failures="1" skipped="0" tests="18" time="4.588" timestamp="2026-05-11T16:59:36.553032+00:00" hostname="agent-env-0ba9a290-1bd1-435d-b5fb-f5291b2cace4"><testcase classname="backend.tests.test_iter40_integrations_hub.TestIntegrationList" name="test_list_returns_eight" time="0.795" /><testcase classname="backend.tests.test_iter40_integrations_hub.TestConnectFlow" name="test_connect_zapier" time="0.214" /><testcase classname="backend.tests.test_iter40_integrations_hub.TestConnectFlow" name="test_connect_ga4_masks_secret" time="0.159" /><testcase classname="backend.tests.test_iter40_integrations_hub.TestConnectFlow" name="test_unknown_integration_returns_404" time="0.187" /><testcase classname="backend.tests.test_iter40_integrations_hub.TestTestEndpoint" name="test_zapier_test_with_bad_url" time="0.193" /><testcase classname="backend.tests.test_iter40_integrations_hub.TestTestEndpoint" name="test_test_for_not_configured" time="0.291" /><testcase classname="backend.tests.test_iter40_integrations_hub.TestInboundWebhooks" name="test_typeform_creates_lead" time="0.121" /><testcase classname="backend.tests.test_iter40_integrations_hub.TestInboundWebhooks" name="test_instantly_creates_lead" time="0.153" /><testcase classname="backend.tests.test_iter40_integrations_hub.TestInboundWebhooks" name="test_google_ads_creates_lead" time="0.155" /><testcase classname="backend.tests.test_iter40_integrations_hub.TestApolloImport" name="test_apollo_import_authenticated" time="0.145" /><testcase classname="backend.tests.test_iter40_integrations_hub.TestEvents" name="test_events_endpoint" time="0.132" /><testcase classname="backend.tests.test_iter40_integrations_hub.TestDisconnect" name="test_disconnect_removes" time="0.391" /><testcase classname="backend.tests.test_iter40_integrations_hub.TestRoleGate" name="test_member_cannot_connect" time="0.502" /><testcase classname="backend.tests.test_iter40_integrations_hub.TestConversations" name="test_threads_returns_priority_sorted" time="0.170" /><testcase classname="backend.tests.test_iter40_integrations_hub.TestLegalPages" name="test_legal_page_loads[/privacy]" time="0.152" /><testcase classname="backend.tests.test_iter40_integrations_hub.TestLegalPages" name="test_legal_page_loads[/terms]" time="0.119" /><testcase classname="backend.tests.test_iter40_integrations_hub.TestLegalPages" name="test_legal_page_loads[/dpa]" time="0.131" /><testcase classname="backend.tests.test_iter40_integrations_hub.TestLifecycleFanOut" name="test_fanout_logs_event_on_lead_create" time="0.474"><failure message="assert 500 == 200&#10; +  where 500 = &lt;Response [500]&gt;.status_code">backend/tests/test_iter40_integrations_hub.py:246: in test_fanout_logs_event_on_lead_create
    assert r.status_code == 200
E   assert 500 == 200
E    +  where 500 = &lt;Response [500]&gt;.status_code</failure></testcase></testsuite></testsuites>