<?xml version="1.0" encoding="utf-8"?><testsuites name="pytest tests"><testsuite name="pytest" errors="0" failures="0" skipped="0" tests="14" time="2.631" timestamp="2026-04-28T15:52:14.770349+00:00" hostname="agent-env-0ba9a290-1bd1-435d-b5fb-f5291b2cace4"><testcase classname="backend.tests.test_best_time_to_call.TestBestTimeToCallShape" name="test_requires_auth" time="0.265" /><testcase classname="backend.tests.test_best_time_to_call.TestBestTimeToCallShape" name="test_404_for_unknown_lead" time="0.528" /><testcase classname="backend.tests.test_best_time_to_call.TestBestTimeToCallShape" name="test_400_for_invalid_lead_id" time="0.125" /><testcase classname="backend.tests.test_best_time_to_call.TestBestTimeToCallShape" name="test_response_shape" time="0.104" /><testcase classname="backend.tests.test_best_time_to_call.TestBrochureRecency" name="test_recent_brochure_gives_high_score" time="0.124" /><testcase classname="backend.tests.test_best_time_to_call.TestHighICPNoBrochure" name="test_quinn_in_window_softscore" time="0.163" /><testcase classname="backend.tests.test_best_time_to_call.TestTimezoneResolution" name="test_lead_tz_present" time="0.116" /><testcase classname="backend.tests.test_best_time_to_call.TestBestInZeroHoursBugfix" name="test_no_best_in_0h_when_in_window" time="0.281" /><testcase classname="backend.tests.test_best_time_to_call.TestCallPriority" name="test_requires_auth" time="0.119" /><testcase classname="backend.tests.test_best_time_to_call.TestCallPriority" name="test_default_limit_returns_priority_list" time="0.147" /><testcase classname="backend.tests.test_best_time_to_call.TestCallPriority" name="test_sorted_by_call_score_desc" time="0.135" /><testcase classname="backend.tests.test_best_time_to_call.TestCallPriority" name="test_limit_clamped_low" time="0.158" /><testcase classname="backend.tests.test_best_time_to_call.TestCallPriority" name="test_limit_clamped_high" time="0.156" /><testcase classname="backend.tests.test_best_time_to_call.TestCallPriority" name="test_recent_brochure_lead_in_priority" time="0.125" /></testsuite></testsuites>