<?xml version="1.0" encoding="utf-8"?><testsuites name="pytest tests"><testsuite name="pytest" errors="0" failures="0" skipped="0" tests="21" time="5.821" timestamp="2026-05-11T15:15:32.632778+00:00" hostname="agent-env-0ba9a290-1bd1-435d-b5fb-f5291b2cace4"><testcase classname="backend.tests.test_iter36_sprint3_security.TestCrmEncryptionAndAudit" name="test_connect_pipedrive_encrypts_credentials" time="0.632" /><testcase classname="backend.tests.test_iter36_sprint3_security.TestCrmEncryptionAndAudit" name="test_get_integrations_does_not_expose_credentials" time="0.163" /><testcase classname="backend.tests.test_iter36_sprint3_security.TestCrmEncryptionAndAudit" name="test_audit_log_has_crm_connected" time="0.628" /><testcase classname="backend.tests.test_iter36_sprint3_security.TestCrmEncryptionAndAudit" name="test_disconnect_writes_audit" time="0.767" /><testcase classname="backend.tests.test_iter36_sprint3_security.TestAuditLog" name="test_owner_sees_audit_log" time="0.163" /><testcase classname="backend.tests.test_iter36_sprint3_security.TestAuditLog" name="test_sales_rep_blocked" time="0.468" /><testcase classname="backend.tests.test_iter36_sprint3_security.TestAuditLog" name="test_export_csv" time="0.119" /><testcase classname="backend.tests.test_iter36_sprint3_security.TestDpdpDeletion" name="test_anonymise" time="0.543" /><testcase classname="backend.tests.test_iter36_sprint3_security.TestDpdpDeletion" name="test_invalid_mode" time="0.240" /><testcase classname="backend.tests.test_iter36_sprint3_security.TestDpdpDeletion" name="test_404_for_unknown" time="0.107" /><testcase classname="backend.tests.test_iter36_sprint3_security.TestDpdpDeletion" name="test_sales_rep_403" time="0.240" /><testcase classname="backend.tests.test_iter36_sprint3_security.TestDpdpDeletion" name="test_hard_delete" time="0.433" /><testcase classname="backend.tests.test_iter36_sprint3_security.TestMasterAdmin" name="test_list_workspaces" time="0.164" /><testcase classname="backend.tests.test_iter36_sprint3_security.TestMasterAdmin" name="test_list_workspaces_403_for_non_admin" time="0.120" /><testcase classname="backend.tests.test_iter36_sprint3_security.TestMasterAdmin" name="test_workspace_detail" time="0.148" /><testcase classname="backend.tests.test_iter36_sprint3_security.TestMasterAdmin" name="test_extend_trial" time="0.123" /><testcase classname="backend.tests.test_iter36_sprint3_security.TestMasterAdmin" name="test_launch_checklist_get" time="0.159" /><testcase classname="backend.tests.test_iter36_sprint3_security.TestMasterAdmin" name="test_launch_checklist_put_full" time="0.144" /><testcase classname="backend.tests.test_iter36_sprint3_security.TestMasterAdmin" name="test_mark_launch_ready" time="0.127" /><testcase classname="backend.tests.test_iter36_sprint3_security.TestMasterAdmin" name="test_platform_stats" time="0.103" /><testcase classname="backend.tests.test_iter36_sprint3_security.TestMasterAdmin" name="test_trials_expiring" time="0.143" /></testsuite></testsuites>