<?xml version="1.0" encoding="utf-8"?><testsuites name="pytest tests"><testsuite name="pytest" errors="0" failures="0" skipped="0" tests="6" time="1.898" timestamp="2026-06-17T12:14:19.405954+00:00" hostname="agent-env-0ba9a290-1bd1-435d-b5fb-f5291b2cace4"><testcase classname="tests.test_iter158_backlog" name="test_b2b_sales_kpis_value_and_spark" time="0.704" /><testcase classname="tests.test_iter158_backlog" name="test_register_channel_touch_dedups_pt_leads" time="0.269" /><testcase classname="tests.test_iter158_backlog" name="test_register_channel_touch_noop_on_falsy" time="0.000" /><testcase classname="tests.test_iter158_backlog" name="test_b2b_founder_icp_drift_has_new_fields" time="0.174" /><testcase classname="tests.test_iter158_backlog" name="test_icp_drift_snooze_endpoint_and_flag_flip" time="0.232" /><testcase classname="tests.test_iter158_backlog" name="test_pietential_b2b_founder_no_cross_tenant_leak" time="0.451" /></testsuite></testsuites>