<?xml version="1.0" encoding="utf-8"?><testsuites name="pytest tests"><testsuite name="pytest" errors="0" failures="0" skipped="0" tests="7" time="1.568" timestamp="2026-05-22T11:00:52.013773+00:00" hostname="agent-env-0ba9a290-1bd1-435d-b5fb-f5291b2cace4"><testcase classname="backend.tests.test_iter76_aria_health_and_summary.TestAriaHealth" name="test_health_endpoint_returns_200_and_shape" time="0.621" /><testcase classname="backend.tests.test_iter76_aria_health_and_summary.TestAriaHealth" name="test_health_cards_have_all_required_keys" time="0.110" /><testcase classname="backend.tests.test_iter76_aria_health_and_summary.TestAriaHealth" name="test_health_has_all_7_expected_capabilities" time="0.108" /><testcase classname="backend.tests.test_iter76_aria_health_and_summary.TestAriaHealth" name="test_health_training_card_action_points_to_settings" time="0.133" /><testcase classname="backend.tests.test_iter76_aria_health_and_summary.TestAutoMapSummary" name="test_summary_endpoint_returns_200" time="0.110" /><testcase classname="backend.tests.test_iter76_aria_health_and_summary.TestAutoMapSummary" name="test_summary_returns_populated_object_when_published" time="0.223" /><testcase classname="backend.tests.test_iter76_aria_health_and_summary.TestAutoMapSummary" name="test_summary_requires_auth" time="0.137" /></testsuite></testsuites>