<?xml version="1.0" encoding="utf-8"?><testsuites name="pytest tests"><testsuite name="pytest" errors="0" failures="0" skipped="0" tests="4" time="6.467" timestamp="2026-05-11T14:59:29.962253+00:00" hostname="agent-env-0ba9a290-1bd1-435d-b5fb-f5291b2cace4"><testcase classname="backend.tests.test_iter34_crm_sync.TestEventFiring" name="test_stage_changed_to_qualified" time="0.978" /><testcase classname="backend.tests.test_iter34_crm_sync.TestEventFiring" name="test_closed_won_fires" time="2.510" /><testcase classname="backend.tests.test_iter34_crm_sync.TestEventFiring" name="test_closed_lost_fires_with_space" time="2.500" /><testcase classname="backend.tests.test_iter34_crm_sync.TestEventFiring" name="test_closed_won_underscore_still_fires" time="0.383" /></testsuite></testsuites>