<?xml version="1.0" encoding="utf-8"?><testsuites name="pytest tests"><testsuite name="pytest" errors="0" failures="0" skipped="0" tests="5" time="3.196" timestamp="2026-05-11T18:20:27.158403+00:00" hostname="agent-env-0ba9a290-1bd1-435d-b5fb-f5291b2cace4"><testcase classname="backend.tests.test_iter43_notifications_lead_capture.TestNotificationGate" name="test_toggle_daily_brief_email_off_then_back_on" time="1.547" /><testcase classname="backend.tests.test_iter43_notifications_lead_capture.TestNotificationGate" name="test_should_notify_email_defaults_true_for_unknown_recipient" time="0.326" /><testcase classname="backend.tests.test_iter43_notifications_lead_capture.TestLeadCaptureWAWidget" name="test_get_config_has_wa_embed_snippet" time="0.219" /><testcase classname="backend.tests.test_iter43_notifications_lead_capture.TestLeadCaptureWAWidget" name="test_post_wa_fields_persist_and_reflect_in_snippet" time="0.375" /><testcase classname="backend.tests.test_iter43_notifications_lead_capture.TestLeadCaptureWAWidget" name="test_sales_rep_get_ok_post_403" time="0.660" /></testsuite></testsuites>