<?xml version="1.0" encoding="utf-8"?><testsuites name="pytest tests"><testsuite name="pytest" errors="0" failures="0" skipped="0" tests="5" time="1.986" timestamp="2026-07-08T07:04:52.466513+00:00" hostname="agent-env-0ba9a290-1bd1-435d-b5fb-f5291b2cace4"><testcase classname="backend.tests.test_iter166_regression" name="test_login_ok" time="0.450" /><testcase classname="backend.tests.test_iter166_regression" name="test_leads_list_dedupe" time="0.472" /><testcase classname="backend.tests.test_iter166_regression" name="test_approvals_pending" time="0.105" /><testcase classname="backend.tests.test_iter166_regression" name="test_founder_command_center" time="0.112" /><testcase classname="backend.tests.test_iter166_regression" name="test_patch_lead_stage" time="0.766" /></testsuite></testsuites>