<?xml version="1.0" encoding="utf-8"?><testsuites name="pytest tests"><testsuite name="pytest" errors="0" failures="0" skipped="0" tests="21" time="2.994" timestamp="2026-05-11T07:48:07.516587+00:00" hostname="agent-env-0ba9a290-1bd1-435d-b5fb-f5291b2cace4"><testcase classname="backend.tests.test_iter29_touchpoints.TestTemplates" name="test_list_8_templates" time="0.510" /><testcase classname="backend.tests.test_iter29_touchpoints.TestTemplates" name="test_get_template_valid" time="0.048" /><testcase classname="backend.tests.test_iter29_touchpoints.TestTemplates" name="test_get_template_invalid" time="0.051" /><testcase classname="backend.tests.test_iter29_touchpoints.TestAutoSelect" name="test_demo_tenant_considered_sale" time="0.051" /><testcase classname="backend.tests.test_iter29_touchpoints.TestAutoSelect" name="test_auto_select_scenarios[scenario0]" time="0.465" /><testcase classname="backend.tests.test_iter29_touchpoints.TestAutoSelect" name="test_auto_select_scenarios[scenario1]" time="0.092" /><testcase classname="backend.tests.test_iter29_touchpoints.TestAutoSelect" name="test_auto_select_scenarios[scenario2]" time="0.091" /><testcase classname="backend.tests.test_iter29_touchpoints.TestAutoSelect" name="test_auto_select_scenarios[scenario3]" time="0.098" /><testcase classname="backend.tests.test_iter29_touchpoints.TestAutoSelect" name="test_auto_select_scenarios[scenario4]" time="0.090" /><testcase classname="backend.tests.test_iter29_touchpoints.TestMapCRUD" name="test_save_and_get_map" time="0.096" /><testcase classname="backend.tests.test_iter29_touchpoints.TestMapCRUD" name="test_validation_invalid_channel" time="0.048" /><testcase classname="backend.tests.test_iter29_touchpoints.TestMapCRUD" name="test_validation_invalid_role" time="0.049" /><testcase classname="backend.tests.test_iter29_touchpoints.TestMapCRUD" name="test_validation_invalid_msg_type" time="0.048" /><testcase classname="backend.tests.test_iter29_touchpoints.TestMapCRUD" name="test_validation_empty_message" time="0.052" /><testcase classname="backend.tests.test_iter29_touchpoints.TestMapCRUD" name="test_validation_empty_list" time="0.048" /><testcase classname="backend.tests.test_iter29_touchpoints.TestMapCRUD" name="test_validation_too_many" time="0.048" /><testcase classname="backend.tests.test_iter29_touchpoints.TestMapCRUD" name="test_reset_map" time="0.148" /><testcase classname="backend.tests.test_iter29_touchpoints.TestMapCRUD" name="test_delete_map" time="0.146" /><testcase classname="backend.tests.test_iter29_touchpoints.TestRoleGating" name="test_sales_rep_cannot_save" time="0.580" /><testcase classname="backend.tests.test_iter29_touchpoints.TestIsolation" name="test_isolation" time="0.093" /><testcase classname="backend.tests.test_iter29_touchpoints.TestIsolation" name="test_seeded_in_mongo" time="0.050" /></testsuite></testsuites>