<?xml version="1.0" encoding="utf-8"?><testsuites name="pytest tests"><testsuite name="pytest" errors="0" failures="1" skipped="0" tests="16" time="2.769" timestamp="2026-07-07T14:32:15.141782+00:00" hostname="agent-env-0ba9a290-1bd1-435d-b5fb-f5291b2cace4"><testcase classname="tests.test_iter161_oauth_url_derivation.TestApiBaseDerivation" name="test_derives_from_x_forwarded_headers_preview" time="0.302" /><testcase classname="tests.test_iter161_oauth_url_derivation.TestApiBaseDerivation" name="test_derives_from_x_forwarded_headers_production" time="0.000" /><testcase classname="tests.test_iter161_oauth_url_derivation.TestApiBaseDerivation" name="test_preview_host_does_not_return_production_env" time="0.000" /><testcase classname="tests.test_iter161_oauth_url_derivation.TestApiBaseDerivation" name="test_falls_back_to_env_when_no_request" time="0.000" /><testcase classname="tests.test_iter161_oauth_url_derivation.TestApiBaseDerivation" name="test_falls_back_to_base_url_when_no_forwarded_headers" time="0.000" /><testcase classname="tests.test_iter161_oauth_url_derivation.TestApiBaseDerivation" name="test_ignores_localhost_base_url" time="0.000" /><testcase classname="tests.test_iter161_oauth_url_derivation.TestApiBaseDerivation" name="test_redirect_uri_uses_request_host" time="0.000" /><testcase classname="tests.test_iter161_oauth_url_derivation.TestApiBaseDerivation" name="test_redirect_uri_all_providers" time="0.000" /><testcase classname="tests.test_iter161_oauth_url_derivation.TestOAuthEndpointRegression" name="test_calendly_connect_returns_503_not_configured" time="0.609" /><testcase classname="tests.test_iter161_oauth_url_derivation.TestOAuthEndpointRegression" name="test_calendly_disconnect_returns_404_not_connected" time="0.119"><failure message="AssertionError: Expected 404, got 200: {&quot;disconnected&quot;:true,&quot;provider&quot;:&quot;calendly&quot;}&#10;assert 200 == 404&#10; +  where 200 = &lt;Response [200]&gt;.status_code">tests/test_iter161_oauth_url_derivation.py:132: in test_calendly_disconnect_returns_404_not_connected
    assert r.status_code == 404, f"Expected 404, got {r.status_code}: {r.text}"
E   AssertionError: Expected 404, got 200: {"disconnected":true,"provider":"calendly"}
E   assert 200 == 404
E    +  where 200 = &lt;Response [200]&gt;.status_code</failure></testcase><testcase classname="tests.test_iter161_oauth_url_derivation.TestOAuthEndpointRegression" name="test_unknown_provider_returns_404" time="0.155" /><testcase classname="tests.test_iter161_oauth_url_derivation.TestOAuthEndpointRegression" name="test_all_providers_return_503_not_500" time="0.760" /><testcase classname="tests.test_iter161_oauth_url_derivation.TestUnrelatedRegression" name="test_login" time="0.351" /><testcase classname="tests.test_iter161_oauth_url_derivation.TestUnrelatedRegression" name="test_tenants_me_returns_only_ten_demo" time="0.116" /><testcase classname="tests.test_iter161_oauth_url_derivation.TestUnrelatedRegression" name="test_integration_showcase_54_items" time="0.104" /><testcase classname="tests.test_iter161_oauth_url_derivation.TestUnrelatedRegression" name="test_b2c_dashboard" time="0.137" /></testsuite></testsuites>