<?xml version="1.0" encoding="utf-8"?><testsuites name="pytest tests"><testsuite name="pytest" errors="0" failures="0" skipped="0" tests="6" time="10.685" timestamp="2026-05-28T10:47:52.822904+00:00" hostname="agent-env-0ba9a290-1bd1-435d-b5fb-f5291b2cace4"><testcase classname="backend.tests.test_iter109_completeness_and_cache.TestCompleteness" name="test_completeness_shape" time="0.725" /><testcase classname="backend.tests.test_iter109_completeness_and_cache.TestCompleteness" name="test_completeness_missing_and_nudge" time="0.145" /><testcase classname="backend.tests.test_iter109_completeness_and_cache.TestCompleteness" name="test_completeness_known_fields_present" time="0.107" /><testcase classname="backend.tests.test_iter109_completeness_and_cache.TestExtractPromptVersionCache" name="test_upload_returns_prompt_version_on_completion_or_queued" time="9.416" /><testcase classname="backend.tests.test_iter109_completeness_and_cache.TestExtractPromptVersionCache" name="test_second_upload_is_cached_with_prompt_version" time="0.146" /><testcase classname="backend.tests.test_iter109_completeness_and_cache.TestTTLIndex" name="test_ttl_index_exists" time="0.014" /></testsuite></testsuites>