<?xml version="1.0" encoding="utf-8"?><testsuites name="pytest tests"><testsuite name="pytest" errors="0" failures="0" skipped="0" tests="9" time="11.822" timestamp="2026-05-14T12:24:07.999484+00:00" hostname="agent-env-0ba9a290-1bd1-435d-b5fb-f5291b2cace4"><testcase classname="backend.tests.test_iter46_auth_extras.TestForgotPassword" name="test_forgot_returns_200_and_inserts_doc" time="0.952" /><testcase classname="backend.tests.test_iter46_auth_extras.TestForgotPassword" name="test_forgot_unknown_email_still_returns_200" time="0.145" /><testcase classname="backend.tests.test_iter46_auth_extras.TestEmailCodeRequest" name="test_email_code_request_inserts_with_correct_purpose" time="0.552" /><testcase classname="backend.tests.test_iter46_auth_extras.TestResetHappyPath" name="test_full_reset_flow_via_mongo_hash_override" time="3.163" /><testcase classname="backend.tests.test_iter46_auth_extras.TestSecurity" name="test_bad_code_returns_400" time="0.765" /><testcase classname="backend.tests.test_iter46_auth_extras.TestSecurity" name="test_short_password_rejected" time="1.607" /><testcase classname="backend.tests.test_iter46_auth_extras.TestSecurity" name="test_rate_limit_after_three_requests" time="1.678" /><testcase classname="backend.tests.test_iter46_auth_extras.TestSecurity" name="test_five_wrong_attempts_deletes_code" time="2.169" /><testcase classname="backend.tests.test_iter46_auth_extras" name="test_zz_final_password_restoration" time="0.630" /></testsuite></testsuites>