<?xml version="1.0" encoding="utf-8"?><testsuites name="pytest tests"><testsuite name="pytest" errors="0" failures="0" skipped="0" tests="6" time="1.298" timestamp="2026-07-08T06:13:53.098065+00:00" hostname="agent-env-0ba9a290-1bd1-435d-b5fb-f5291b2cace4"><testcase classname="backend.tests.test_iter163_regression" name="test_endpoint_ok[/api/auth/me]" time="0.664" /><testcase classname="backend.tests.test_iter163_regression" name="test_endpoint_ok[/api/tenants/me]" time="0.047" /><testcase classname="backend.tests.test_iter163_regression" name="test_endpoint_ok[/api/dashboard/b2c]" time="0.061" /><testcase classname="backend.tests.test_iter163_regression" name="test_endpoint_ok[/api/dashboard/b2b-founder]" time="0.060" /><testcase classname="backend.tests.test_iter163_regression" name="test_endpoint_ok[/api/dashboard/b2b-sales]" time="0.075" /><testcase classname="backend.tests.test_iter163_regression" name="test_endpoint_ok[/api/dashboard/integration-showcase]" time="0.310" /></testsuite></testsuites>