<?xml version="1.0" encoding="utf-8"?><testsuites name="pytest tests"><testsuite name="pytest" errors="0" failures="0" skipped="0" tests="7" time="2.231" timestamp="2026-05-28T14:56:56.143391+00:00" hostname="agent-env-0ba9a290-1bd1-435d-b5fb-f5291b2cace4"><testcase classname="backend.tests.test_iter120_batch8_approval_digest.TestConfig" name="test_get_config_returns_defaults" time="0.687" /><testcase classname="backend.tests.test_iter120_batch8_approval_digest.TestConfig" name="test_post_config_persists" time="0.110" /><testcase classname="backend.tests.test_iter120_batch8_approval_digest.TestSendNow" name="test_empty_queue_skip" time="0.158" /><testcase classname="backend.tests.test_iter120_batch8_approval_digest.TestSendNow" name="test_plural_two_drafts" time="0.332" /><testcase classname="backend.tests.test_iter120_batch8_approval_digest.TestSendNow" name="test_singular_one_draft" time="0.221" /><testcase classname="backend.tests.test_iter120_batch8_approval_digest.TestLast" name="test_last_returns_most_recent" time="0.289" /><testcase classname="backend.tests.test_iter120_batch8_approval_digest.TestHtmlValidity" name="test_run_approval_digest_html" time="0.275" /></testsuite></testsuites>