<?xml version="1.0" encoding="utf-8"?><testsuites name="pytest tests"><testsuite name="pytest" errors="0" failures="0" skipped="0" tests="6" time="2.459" timestamp="2026-06-12T11:27:12.802402+00:00" hostname="agent-env-0ba9a290-1bd1-435d-b5fb-f5291b2cace4"><testcase classname="backend.tests.test_iter155_follow_ups" name="test_demo_reset_idempotent" time="0.573" /><testcase classname="backend.tests.test_iter155_follow_ups" name="test_approvals_returns_three_pending" time="0.498" /><testcase classname="backend.tests.test_iter155_follow_ups" name="test_conversations_threads_has_ten_demo_leads" time="0.166" /><testcase classname="backend.tests.test_iter155_follow_ups" name="test_b2b_founder_why_now_no_duplicate_lead_ids" time="0.126" /><testcase classname="backend.tests.test_iter155_follow_ups" name="test_b2b_sales_why_now_no_duplicates" time="0.144" /><testcase classname="backend.tests.test_iter155_follow_ups" name="test_pietential_isolation_approvals_threads" time="0.877" /></testsuite></testsuites>