<?xml version="1.0" encoding="utf-8"?><testsuites name="pytest tests"><testsuite name="pytest" errors="0" failures="0" skipped="0" tests="7" time="3.216" timestamp="2026-06-12T10:24:28.946463+00:00" hostname="agent-env-0ba9a290-1bd1-435d-b5fb-f5291b2cace4"><testcase classname="backend.tests.test_iter151_tour_complete.TestLoginResponseHasTourField" name="test_pietential_owner_login_has_tour_field" time="0.547" /><testcase classname="backend.tests.test_iter151_tour_complete.TestLoginResponseHasTourField" name="test_demo_viewer_login_has_tour_field" time="0.365" /><testcase classname="backend.tests.test_iter151_tour_complete.TestMeEndpointHasTourField" name="test_me_includes_tour_completed_at_pietential" time="0.447" /><testcase classname="backend.tests.test_iter151_tour_complete.TestMeEndpointHasTourField" name="test_me_includes_tour_completed_at_demo_viewer" time="0.439" /><testcase classname="backend.tests.test_iter151_tour_complete.TestTourCompleteEndpoint" name="test_tour_complete_returns_ok_and_iso" time="0.451" /><testcase classname="backend.tests.test_iter151_tour_complete.TestTourCompleteEndpoint" name="test_tour_complete_persists_to_db" time="0.542" /><testcase classname="backend.tests.test_iter151_tour_complete.TestTourCompleteEndpoint" name="test_tour_complete_requires_auth" time="0.358" /></testsuite></testsuites>