<?xml version="1.0" encoding="utf-8"?><testsuites name="pytest tests"><testsuite name="pytest" errors="0" failures="0" skipped="1" tests="12" time="2.699" timestamp="2026-05-28T10:25:43.244670+00:00" hostname="agent-env-0ba9a290-1bd1-435d-b5fb-f5291b2cace4"><testcase classname="backend.tests.test_iter108_async_extraction.TestAsyncExtraction" name="test_initial_upload_returns_queued_job" time="0.504" /><testcase classname="backend.tests.test_iter108_async_extraction.TestAsyncExtraction" name="test_poll_until_done" time="0.000"><skipped type="pytest.skip" message="already cached, no polling needed">/app/backend/tests/test_iter108_async_extraction.py:85: already cached, no polling needed</skipped></testcase><testcase classname="backend.tests.test_iter108_async_extraction.TestAsyncExtraction" name="test_cache_hit_on_repeat_upload" time="0.108" /><testcase classname="backend.tests.test_iter108_async_extraction.TestAsyncExtraction" name="test_empty_file_400" time="0.117" /><testcase classname="backend.tests.test_iter108_async_extraction.TestAsyncExtraction" name="test_oversize_file_413" time="0.634" /><testcase classname="backend.tests.test_iter108_async_extraction.TestAsyncExtraction" name="test_non_owner_forbidden" time="0.671" /><testcase classname="backend.tests.test_iter108_async_extraction.TestAsyncExtraction" name="test_unknown_job_id_404" time="0.059" /><testcase classname="backend.tests.test_iter108_async_extraction.TestTrainAriaRegression" name="test_get_training_profile" time="0.053" /><testcase classname="backend.tests.test_iter108_async_extraction.TestTrainAriaRegression" name="test_put_training_profile" time="0.156" /><testcase classname="backend.tests.test_iter108_async_extraction.TestTrainAriaRegression" name="test_history_endpoint" time="0.052" /><testcase classname="backend.tests.test_iter108_async_extraction.TestTrainAriaRegression" name="test_scrape_url" time="0.217" /><testcase classname="backend.tests.test_iter108_async_extraction.TestTrainAriaRegression" name="test_auto_train_from_workspace" time="0.052" /></testsuite></testsuites>