<?xml version="1.0" encoding="utf-8"?><testsuites name="pytest tests"><testsuite name="pytest" errors="0" failures="0" skipped="0" tests="13" time="4.289" timestamp="2026-05-08T08:37:14.619641+00:00" hostname="agent-env-0ba9a290-1bd1-435d-b5fb-f5291b2cace4"><testcase classname="backend.tests.test_pietential" name="test_overview_metrics_shape" time="0.539" /><testcase classname="backend.tests.test_pietential" name="test_scoring_rules_counts" time="0.122" /><testcase classname="backend.tests.test_pietential" name="test_create_lead_and_company" time="0.369" /><testcase classname="backend.tests.test_pietential" name="test_scoring_engine_warm_then_hot" time="0.532" /><testcase classname="backend.tests.test_pietential" name="test_companies" time="0.247" /><testcase classname="backend.tests.test_pietential" name="test_task_patch_to_done" time="0.247" /><testcase classname="backend.tests.test_pietential" name="test_notes_create_get" time="0.253" /><testcase classname="backend.tests.test_pietential" name="test_bulk_create_then_dup_fail" time="0.233" /><testcase classname="backend.tests.test_pietential" name="test_webhooks_saleshandy_then_calendly" time="0.231" /><testcase classname="backend.tests.test_pietential" name="test_integrations_upsert_and_list" time="0.234" /><testcase classname="backend.tests.test_pietential" name="test_reports_weekly_monthly" time="0.259" /><testcase classname="backend.tests.test_pietential" name="test_sales_rep_can_patch_company" time="0.553" /><testcase classname="backend.tests.test_pietential" name="test_admin_can_delete_lead" time="0.381" /></testsuite></testsuites>