<?xml version="1.0" encoding="utf-8"?><testsuites name="pytest tests"><testsuite name="pytest" errors="0" failures="0" skipped="2" tests="11" time="3.382" timestamp="2026-05-25T08:34:43.539687+00:00" hostname="agent-env-0ba9a290-1bd1-435d-b5fb-f5291b2cace4"><testcase classname="backend.tests.test_iter88_real_keys_setup_health_deployments.TestSetupHealthPietential" name="test_setup_health_pietential_live" time="0.667" /><testcase classname="backend.tests.test_iter88_real_keys_setup_health_deployments.TestSetupHealthPietential" name="test_setup_health_tenant_scoping_excludes_other_tenants" time="0.113" /><testcase classname="backend.tests.test_iter88_real_keys_setup_health_deployments.TestDeploymentsSetupRollup" name="test_list_deployments_shape" time="0.305" /><testcase classname="backend.tests.test_iter88_real_keys_setup_health_deployments.TestDeploymentsSetupRollup" name="test_pietential_card_setup_ready_3" time="0.192" /><testcase classname="backend.tests.test_iter88_real_keys_setup_health_deployments.TestDeploymentsSetupRollup" name="test_only_pietential_credits_saleshandy_lemlist" time="0.214" /><testcase classname="backend.tests.test_iter88_real_keys_setup_health_deployments.TestLeadMagnetSendBranches" name="test_send_lead_magnet_response_shape" time="0.220"><skipped type="pytest.skip" message="no magnet configured: {&quot;detail&quot;:&quot;Lead magnet is not enabled. Configure it in Settings.&quot;}">/app/backend/tests/test_iter88_real_keys_setup_health_deployments.py:185: no magnet configured: {"detail":"Lead magnet is not enabled. Configure it in Settings."}</skipped></testcase><testcase classname="backend.tests.test_iter88_real_keys_setup_health_deployments.TestLeadMagnetSendBranches" name="test_send_lead_magnet_failure_branch" time="0.168"><skipped type="pytest.skip" message="cannot create test lead: 422 {&quot;detail&quot;:&quot;lead_type: Field required; source_channel: Field required&quot;}">/app/backend/tests/test_iter88_real_keys_setup_health_deployments.py:223: cannot create test lead: 422 {"detail":"lead_type: Field required; source_channel: Field required"}</skipped></testcase><testcase classname="backend.tests.test_iter88_real_keys_setup_health_deployments.TestRegressionIter80To87" name="test_iter80_login_rate_limit_429" time="0.677" /><testcase classname="backend.tests.test_iter88_real_keys_setup_health_deployments.TestRegressionIter80To87" name="test_iter83_saleshandy_no_raw_json_leak" time="0.107" /><testcase classname="backend.tests.test_iter88_real_keys_setup_health_deployments.TestRegressionIter80To87" name="test_iter84_pt_email_endpoints_gated_for_sales_rep" time="0.446" /><testcase classname="backend.tests.test_iter88_real_keys_setup_health_deployments.TestRegressionIter80To87" name="test_iter86_setup_health_accessible_to_sales_rep" time="0.109" /></testsuite></testsuites>