<?xml version="1.0" encoding="utf-8"?><testsuites name="pytest tests"><testsuite name="pytest" errors="0" failures="0" skipped="0" tests="9" time="2.434" timestamp="2026-04-29T13:33:19.488985+00:00" hostname="agent-env-0ba9a290-1bd1-435d-b5fb-f5291b2cace4"><testcase classname="backend.tests.test_iter15_smoke" name="test_health" time="0.281" /><testcase classname="backend.tests.test_iter15_smoke" name="test_auth_login_returns_user" time="0.363" /><testcase classname="backend.tests.test_iter15_smoke" name="test_auth_invalid_credentials" time="0.396" /><testcase classname="backend.tests.test_iter15_smoke" name="test_leads_list" time="0.584" /><testcase classname="backend.tests.test_iter15_smoke" name="test_billing_plans" time="0.136" /><testcase classname="backend.tests.test_iter15_smoke" name="test_billing_current_plan" time="0.187" /><testcase classname="backend.tests.test_iter15_smoke" name="test_aria_call_priority" time="0.144" /><testcase classname="backend.tests.test_iter15_smoke" name="test_lead_magnets_recent_opens" time="0.154" /><testcase classname="backend.tests.test_iter15_smoke" name="test_ttv_milestones" time="0.119" /></testsuite></testsuites>