<?xml version="1.0" encoding="utf-8"?><testsuites name="pytest tests"><testsuite name="pytest" errors="0" failures="0" skipped="0" tests="4" time="1.564" timestamp="2026-06-17T12:33:41.883474+00:00" hostname="agent-env-0ba9a290-1bd1-435d-b5fb-f5291b2cace4"><testcase classname="backend.tests.test_iter159_backlog" name="test_b2c_returns_winning_combos" time="0.678" /><testcase classname="backend.tests.test_iter159_backlog" name="test_duplicate_from_combo_creates_sequence" time="0.050" /><testcase classname="backend.tests.test_iter159_backlog" name="test_conversations_threads_demo_union" time="0.087" /><testcase classname="backend.tests.test_iter159_backlog" name="test_pietential_threads_isolated" time="0.682" /></testsuite></testsuites>