<?xml version="1.0" encoding="utf-8"?><testsuites name="pytest tests"><testsuite name="pytest" errors="0" failures="0" skipped="0" tests="32" time="149.185" timestamp="2026-05-28T13:15:51.459304+00:00" hostname="agent-env-0ba9a290-1bd1-435d-b5fb-f5291b2cace4"><testcase classname="backend.tests.test_iter113_claude_wrapper_batch3" name="test_v10_no_direct_llmchat_outside_wrapper" time="0.010" /><testcase classname="backend.tests.test_iter113_claude_wrapper_batch3" name="test_health" time="0.262" /><testcase classname="backend.tests.test_iter113_claude_wrapper_batch3" name="test_auth_login" time="0.274" /><testcase classname="backend.tests.test_iter113_claude_wrapper_batch3" name="test_ai_score" time="3.216" /><testcase classname="backend.tests.test_iter113_claude_wrapper_batch3" name="test_ai_chat" time="6.610" /><testcase classname="backend.tests.test_iter113_claude_wrapper_batch3" name="test_ai_chat_injection_safe" time="5.248" /><testcase classname="backend.tests.test_iter113_claude_wrapper_batch3" name="test_ai_summarize" time="6.710" /><testcase classname="backend.tests.test_iter113_claude_wrapper_batch3" name="test_ai_email_generate" time="4.610" /><testcase classname="backend.tests.test_iter113_claude_wrapper_batch3" name="test_touchpoints_preview" time="6.537" /><testcase classname="backend.tests.test_iter113_claude_wrapper_batch3" name="test_pt_ask_aria_reply" time="3.036" /><testcase classname="backend.tests.test_iter113_claude_wrapper_batch3" name="test_aria_workspace_ask_reply" time="4.897" /><testcase classname="backend.tests.test_iter113_claude_wrapper_batch3" name="test_aria_auto_map_improve" time="11.713" /><testcase classname="backend.tests.test_iter113_claude_wrapper_batch3" name="test_revival_campaign" time="5.016" /><testcase classname="backend.tests.test_iter113_claude_wrapper_batch3" name="test_pre_call_research" time="32.003" /><testcase classname="backend.tests.test_iter113_claude_wrapper_batch3" name="test_api_usage_log_written" time="2.001" /><testcase classname="backend.tests.test_iter114_intel_batch4" name="test_health" time="5.948" /><testcase classname="backend.tests.test_iter114_intel_batch4" name="test_login_returns_token" time="2.015" /><testcase classname="backend.tests.test_iter114_intel_batch4" name="test_get_intel_empty" time="1.603" /><testcase classname="backend.tests.test_iter114_intel_batch4" name="test_get_intel_budget_fresh" time="1.293" /><testcase classname="backend.tests.test_iter114_intel_batch4" name="test_research_missing_credentials_returns_503" time="1.408" /><testcase classname="backend.tests.test_iter114_intel_batch4" name="test_playbook_without_profile_400" time="2.639" /><testcase classname="backend.tests.test_iter114_intel_batch4" name="test_compose_without_profile_400" time="1.849" /><testcase classname="backend.tests.test_iter114_intel_batch4" name="test_compose_channel_schema_validation[whatsapp]" time="1.439" /><testcase classname="backend.tests.test_iter114_intel_batch4" name="test_compose_channel_schema_validation[email]" time="1.694" /><testcase classname="backend.tests.test_iter114_intel_batch4" name="test_compose_channel_schema_validation[linkedin]" time="1.575" /><testcase classname="backend.tests.test_iter114_intel_batch4" name="test_get_intel_with_seeded_profile" time="1.517" /><testcase classname="backend.tests.test_iter114_intel_batch4" name="test_playbook_with_seeded_profile" time="15.448" /><testcase classname="backend.tests.test_iter114_intel_batch4" name="test_compose_with_seeded_profile_shapes[whatsapp]" time="6.298" /><testcase classname="backend.tests.test_iter114_intel_batch4" name="test_compose_with_seeded_profile_shapes[email]" time="7.601" /><testcase classname="backend.tests.test_iter114_intel_batch4" name="test_compose_with_seeded_profile_shapes[linkedin]" time="4.415" /><testcase classname="backend.tests.test_iter114_intel_batch4" name="test_research_budget_cap_429" time="0.128" /><testcase classname="backend.tests.test_iter114_intel_batch4" name="test_v10_no_direct_llmchat_in_intel_files" time="0.007" /></testsuite></testsuites>