<?xml version="1.0" encoding="utf-8"?><testsuites name="pytest tests"><testsuite name="pytest" errors="0" failures="7" skipped="0" tests="15" time="9.089" timestamp="2026-05-30T13:39:03.757970+00:00" hostname="agent-env-0ba9a290-1bd1-435d-b5fb-f5291b2cace4"><testcase classname="backend.tests.test_iter135_full_regression" name="test_login_returns_token" time="0.594" /><testcase classname="backend.tests.test_iter135_full_regression" name="test_tenants_me" time="0.063" /><testcase classname="backend.tests.test_iter135_full_regression" name="test_leads_counts" time="0.052"><failure message="AssertionError: missing hot in {'total': 137, 'by_stage': {'qualified': 3, 'nurturing': 0, 'new': 24, 'cold': 0}, 'by_status_raw': {'Closed Won': 7, 'closed_lost': 101, 'new': 24, 'closed_won': 1, 'qualified': 3, 'Closed Lost': 1}, 'pipeline_snapshot': {'total': 137, 'qualified': 3, 'nurturing': 0, 'needs_attention': 14, 'calls_booked_week': 0}}&#10;assert 'hot' in {'by_stage': {'cold': 0, 'new': 24, 'nurturing': 0, 'qualified': 3}, 'by_status_raw': {'Closed Lost': 1, 'Closed Won': 7, 'closed_lost': 101, 'closed_won': 1, ...}, 'pipeline_snapshot': {'calls_booked_week': 0, 'needs_attention': 14, 'nurturing': 0, 'qualified': 3, ...}, 'total': 137}">backend/tests/test_iter135_full_regression.py:89: in test_leads_counts
    assert key in data, f"missing {key} in {data}"
E   AssertionError: missing hot in {'total': 137, 'by_stage': {'qualified': 3, 'nurturing': 0, 'new': 24, 'cold': 0}, 'by_status_raw': {'Closed Won': 7, 'closed_lost': 101, 'new': 24, 'closed_won': 1, 'qualified': 3, 'Closed Lost': 1}, 'pipeline_snapshot': {'total': 137, 'qualified': 3, 'nurturing': 0, 'needs_attention': 14, 'calls_booked_week': 0}}
E   assert 'hot' in {'by_stage': {'cold': 0, 'new': 24, 'nurturing': 0, 'qualified': 3}, 'by_status_raw': {'Closed Lost': 1, 'Closed Won': 7, 'closed_lost': 101, 'closed_won': 1, ...}, 'pipeline_snapshot': {'calls_booked_week': 0, 'needs_attention': 14, 'nurturing': 0, 'qualified': 3, ...}, 'total': 137}</failure></testcase><testcase classname="backend.tests.test_iter135_full_regression" name="test_pipeline_snapshot" time="0.144"><failure message="Failed: no pipeline snapshot endpoint worked: ('/api/pipeline/snapshot', 404, '{&quot;detail&quot;:&quot;Not Found&quot;}')">backend/tests/test_iter135_full_regression.py:107: in test_pipeline_snapshot
    pytest.fail(f"no pipeline snapshot endpoint worked: {last}")
E   Failed: no pipeline snapshot endpoint worked: ('/api/pipeline/snapshot', 404, '{"detail":"Not Found"}')</failure></testcase><testcase classname="backend.tests.test_iter135_full_regression" name="test_lead_overview" time="0.097" /><testcase classname="backend.tests.test_iter135_full_regression" name="test_lead_intel_profile" time="0.048" /><testcase classname="backend.tests.test_iter135_full_regression" name="test_lead_conversations" time="0.063" /><testcase classname="backend.tests.test_iter135_full_regression" name="test_lead_activities" time="0.047"><failure message="AssertionError: {&quot;detail&quot;:&quot;Method Not Allowed&quot;}&#10;assert 405 == 200&#10; +  where 405 = &lt;Response [405]&gt;.status_code">backend/tests/test_iter135_full_regression.py:150: in test_lead_activities
    assert r.status_code == 200, r.text[:200]
E   AssertionError: {"detail":"Method Not Allowed"}
E   assert 405 == 200
E    +  where 405 = &lt;Response [405]&gt;.status_code</failure></testcase><testcase classname="backend.tests.test_iter135_full_regression" name="test_draft_with_aria_variants" time="7.386"><failure message="AssertionError: expected 3 variants got 0: {'channel': 'email', 'draft': 'Hi Priya,\n\nI came across Beta Inc and wanted to reach out. We help founders like you shorten the gap between captured leads and booked calls — would a 15-minute chat this week be useful?\n\nBest,\nAria', 'subject': 'Beta Inc inquiry', 'ai_powered': True, 'has_intel': False, 'attempt': 1, 'max_attempts': 3, 'error': None}&#10;assert (True and 0 == 3)&#10; +  where True = isinstance([], list)&#10; +  and   0 = len([])">backend/tests/test_iter135_full_regression.py:164: in test_draft_with_aria_variants
    assert isinstance(variants, list) and len(variants) == 3, f"expected 3 variants got {len(variants)}: {data}"
E   AssertionError: expected 3 variants got 0: {'channel': 'email', 'draft': 'Hi Priya,\n\nI came across Beta Inc and wanted to reach out. We help founders like you shorten the gap between captured leads and booked calls — would a 15-minute chat this week be useful?\n\nBest,\nAria', 'subject': 'Beta Inc inquiry', 'ai_powered': True, 'has_intel': False, 'attempt': 1, 'max_attempts': 3, 'error': None}
E   assert (True and 0 == 3)
E    +  where True = isinstance([], list)
E    +  and   0 = len([])</failure></testcase><testcase classname="backend.tests.test_iter135_full_regression" name="test_voice_seeds_crud" time="0.049"><failure message="AssertionError: {&quot;detail&quot;:&quot;text: Field required&quot;}&#10;assert 422 in (200, 201)&#10; +  where 422 = &lt;Response [422]&gt;.status_code">backend/tests/test_iter135_full_regression.py:176: in test_voice_seeds_crud
    assert r.status_code in (200, 201), r.text[:200]
E   AssertionError: {"detail":"text: Field required"}
E   assert 422 in (200, 201)
E    +  where 422 = &lt;Response [422]&gt;.status_code</failure></testcase><testcase classname="backend.tests.test_iter135_full_regression" name="test_scan_hot_batch" time="0.050"><failure message="AssertionError: missing processed in {'queued': 28, 'leads': [{'lead_id': '69df5f8410ff1b6e41ead21c', 'name': 'Finley Mitchell', 'icp_score': 95, 'icp_tier': 'hot', 'source': 'legacy'}, {'lead_id': '69f2051e47eadcfc49c01ad9', 'name': 'Sasha Ivanov', 'icp_score': 95, 'icp_tier': 'A', 'source': 'legacy'}, {'lead_id': '69df5f8410ff1b6e41ead225', 'name': 'Quinn Varma', 'icp_score': 93, 'icp_tier': 'hot', 'source': 'legacy'}, {'lead_id': '69f2051e47eadcfc49c01ad4', 'name': 'Quinn Varma', 'icp_score': 93, 'icp_tier': 'A', 'source': 'legacy'}, {'lead_id': '69f2051e47eadcfc49c01aeb', 'name': 'Ben Sokolov', 'icp_score': 92, 'icp_tier': 'A', 'source': 'legacy'}, {'lead_id': '69df5f8410ff1b6e41ead223', 'name': 'Olivia Thompson', 'icp_score': 91, 'icp_tier': 'hot', 'source': 'legacy'}, {'lead_id': '69f2051e47eadcfc49c01ae0', 'name': 'Theo Ndiaye', 'icp_score': 91, 'icp_tier': 'A', 'source': 'legacy'}, {'lead_id': '69df5f8410ff1b6e41ead214', 'name': 'Casey Evans', 'icp_score': 90, 'icp_tier': 'hot', 'source': 'legacy'}, {'lead_id': '69df5f8410ff1b6e41ead22a', 'name': 'Val Baker', 'icp_score': 90, 'icp_tier': 'hot', 'source': 'legacy'}, {'lead_id': '69df5f8410ff1b6e41ead232', 'name': 'Diana Jones', 'icp_score': 90, 'icp_tier': 'hot', 'source': 'legacy'}, {'lead_id': '69f2051e47eadcfc49c01ae8', 'name': 'Aisha Karim', 'icp_score': 89, 'icp_tier': 'A', 'source': 'legacy'}, {'lead_id': '69f2051e47eadcfc49c01ad7', 'name': 'Priya Menon', 'icp_score': 88, 'icp_tier': 'A', 'source': 'legacy'}, {'lead_id': '69f2051e47eadcfc49c01ae2', 'name': 'Owen Brewster', 'icp_score': 86, 'icp_tier': 'A', 'source': 'legacy'}, {'lead_id': '69df5f8410ff1b6e41ead21d', 'name': 'Harper Nguyen', 'icp_score': 85, 'icp_tier': 'hot', 'source': 'legacy'}, {'lead_id': '69df6f1e3e197ef1ceb4e383', 'name': 'Test Lead', 'icp_score': 85, 'icp_tier': 'hot', 'source': 'legacy'}, {'lead_id': '69df5f8410ff1b6e41ead22f', 'name': 'Aiden Green', 'icp_score': 84, 'icp_tier': 'hot', 'source': 'legacy'}, {'lead_id': '69df5f8410ff1b6e41ead23f', 'name': 'Rosa Yang', 'icp_score': 84, 'icp_tier': 'hot', 'source': 'legacy'}, {'lead_id': '69f2051e47eadcfc49c01ade', 'name': 'Rahul Bhatt', 'icp_score': 84, 'icp_tier': 'A', 'source': 'legacy'}, {'lead_id': '69df5f8410ff1b6e41ead21a', 'name': 'Dakota Kumar', 'icp_score': 83, 'icp_tier': 'hot', 'source': 'legacy'}, {'lead_id': '69df5f8410ff1b6e41ead236', 'name': 'Henry Nelson', 'icp_score': 83, 'icp_tier': 'hot', 'source': 'legacy'}, {'lead_id': '69f2051e47eadcfc49c01ad5', 'name': 'Amelia Cordeiro', 'icp_score': 82, 'icp_tier': 'A', 'source': 'legacy'}, {'lead_id': '69f2051e47eadcfc49c01ae7', 'name': 'Liam Wallace', 'icp_score': 81, 'icp_tier': 'A', 'source': 'legacy'}, {'lead_id': '69df5f8410ff1b6e41ead21f', 'name': 'Kai Patel', 'icp_score': 79, 'icp_tier': 'hot', 'source': 'legacy'}, {'lead_id': '69df5f8410ff1b6e41ead22d', 'name': 'Yael Edwards', 'icp_score': 78, 'icp_tier': 'hot', 'source': 'legacy'}, {'lead_id': '69df5f8410ff1b6e41ead23c', 'name': 'Nora Underwood', 'icp_score': 76, 'icp_tier': 'hot', 'source': 'legacy'}, {'lead_id': '69df7388cc98bc5ae39df9b2', 'name': 'Test Lead', 'icp_score': 75, 'icp_tier': 'hot', 'source': 'legacy'}, {'lead_id': '69df5f8410ff1b6e41ead213', 'name': 'Morgan Davis', 'icp_score': 73, 'icp_tier': 'hot', 'source': 'legacy'}, {'lead_id': '69df5f8410ff1b6e41ead21b', 'name': 'Emery Lee', 'icp_score': 70, 'icp_tier': 'hot', 'source': 'legacy'}], 'threshold': 80, 'batch_id': '04c93303e5254af8a2c3d29e173b2c3b', 'message': &quot;Queued intel scans for 28 hot lead(s). Results appear in each lead's Intel tab as they complete.&quot;}&#10;assert 'processed' in {'batch_id': '04c93303e5254af8a2c3d29e173b2c3b', 'leads': [{'icp_score': 95, 'icp_tier': 'hot', 'lead_id': '69df5f8410ff1b6e41ead21c', 'name': 'Finley Mitchell', ...}, {'icp_score': 95, 'icp_tier': 'A', 'lead_id': '69f2051e47eadcfc49c01ad9', 'name': 'Sasha Ivanov', ...}, {'icp_score': 93, 'icp_tier': 'hot', 'lead_id': '69df5f8410ff1b6e41ead225', 'name': 'Quinn Varma', ...}, {'icp_score': 93, 'icp_tier': 'A', 'lead_id': '69f2051e47eadcfc49c01ad4', 'name': 'Quinn Varma', ...}, {'icp_score': 92, 'icp_tier': 'A', 'lead_id': '69f2051e47eadcfc49c01aeb', 'name': 'Ben Sokolov', ...}, {'icp_score': 91, 'icp_tier': 'hot', 'lead_id': '69df5f8410ff1b6e41ead223', 'name': 'Olivia Thompson', ...}, ...], 'message': &quot;Queued intel scans for 28 hot lead(s). Results appear in each lead's Intel tab as they complete.&quot;, 'queued': 28, ...}">backend/tests/test_iter135_full_regression.py:209: in test_scan_hot_batch
    assert key in data, f"missing {key} in {data}"
E   AssertionError: missing processed in {'queued': 28, 'leads': [{'lead_id': '69df5f8410ff1b6e41ead21c', 'name': 'Finley Mitchell', 'icp_score': 95, 'icp_tier': 'hot', 'source': 'legacy'}, {'lead_id': '69f2051e47eadcfc49c01ad9', 'name': 'Sasha Ivanov', 'icp_score': 95, 'icp_tier': 'A', 'source': 'legacy'}, {'lead_id': '69df5f8410ff1b6e41ead225', 'name': 'Quinn Varma', 'icp_score': 93, 'icp_tier': 'hot', 'source': 'legacy'}, {'lead_id': '69f2051e47eadcfc49c01ad4', 'name': 'Quinn Varma', 'icp_score': 93, 'icp_tier': 'A', 'source': 'legacy'}, {'lead_id': '69f2051e47eadcfc49c01aeb', 'name': 'Ben Sokolov', 'icp_score': 92, 'icp_tier': 'A', 'source': 'legacy'}, {'lead_id': '69df5f8410ff1b6e41ead223', 'name': 'Olivia Thompson', 'icp_score': 91, 'icp_tier': 'hot', 'source': 'legacy'}, {'lead_id': '69f2051e47eadcfc49c01ae0', 'name': 'Theo Ndiaye', 'icp_score': 91, 'icp_tier': 'A', 'source': 'legacy'}, {'lead_id': '69df5f8410ff1b6e41ead214', 'name': 'Casey Evans', 'icp_score': 90, 'icp_tier': 'hot', 'source': 'legacy'}, {'lead_id': '69df5f8410ff1b6e41ead22a', 'name': 'Val Baker', 'icp_score': 90, 'icp_tier': 'hot', 'source': 'legacy'}, {'lead_id': '69df5f8410ff1b6e41ead232', 'name': 'Diana Jones', 'icp_score': 90, 'icp_tier': 'hot', 'source': 'legacy'}, {'lead_id': '69f2051e47eadcfc49c01ae8', 'name': 'Aisha Karim', 'icp_score': 89, 'icp_tier': 'A', 'source': 'legacy'}, {'lead_id': '69f2051e47eadcfc49c01ad7', 'name': 'Priya Menon', 'icp_score': 88, 'icp_tier': 'A', 'source': 'legacy'}, {'lead_id': '69f2051e47eadcfc49c01ae2', 'name': 'Owen Brewster', 'icp_score': 86, 'icp_tier': 'A', 'source': 'legacy'}, {'lead_id': '69df5f8410ff1b6e41ead21d', 'name': 'Harper Nguyen', 'icp_score': 85, 'icp_tier': 'hot', 'source': 'legacy'}, {'lead_id': '69df6f1e3e197ef1ceb4e383', 'name': 'Test Lead', 'icp_score': 85, 'icp_tier': 'hot', 'source': 'legacy'}, {'lead_id': '69df5f8410ff1b6e41ead22f', 'name': 'Aiden Green', 'icp_score': 84, 'icp_tier': 'hot', 'source': 'legacy'}, {'lead_id': '69df5f8410ff1b6e41ead23f', 'name': 'Rosa Yang', 'icp_score': 84, 'icp_tier': 'hot', 'source': 'legacy'}, {'lead_id': '69f2051e47eadcfc49c01ade', 'name': 'Rahul Bhatt', 'icp_score': 84, 'icp_tier': 'A', 'source': 'legacy'}, {'lead_id': '69df5f8410ff1b6e41ead21a', 'name': 'Dakota Kumar', 'icp_score': 83, 'icp_tier': 'hot', 'source': 'legacy'}, {'lead_id': '69df5f8410ff1b6e41ead236', 'name': 'Henry Nelson', 'icp_score': 83, 'icp_tier': 'hot', 'source': 'legacy'}, {'lead_id': '69f2051e47eadcfc49c01ad5', 'name': 'Amelia Cordeiro', 'icp_score': 82, 'icp_tier': 'A', 'source': 'legacy'}, {'lead_id': '69f2051e47eadcfc49c01ae7', 'name': 'Liam Wallace', 'icp_score': 81, 'icp_tier': 'A', 'source': 'legacy'}, {'lead_id': '69df5f8410ff1b6e41ead21f', 'name': 'Kai Patel', 'icp_score': 79, 'icp_tier': 'hot', 'source': 'legacy'}, {'lead_id': '69df5f8410ff1b6e41ead22d', 'name': 'Yael Edwards', 'icp_score': 78, 'icp_tier': 'hot', 'source': 'legacy'}, {'lead_id': '69df5f8410ff1b6e41ead23c', 'name': 'Nora Underwood', 'icp_score': 76, 'icp_tier': 'hot', 'source': 'legacy'}, {'lead_id': '69df7388cc98bc5ae39df9b2', 'name': 'Test Lead', 'icp_score': 75, 'icp_tier': 'hot', 'source': 'legacy'}, {'lead_id': '69df5f8410ff1b6e41ead213', 'name': 'Morgan Davis', 'icp_score': 73, 'icp_tier': 'hot', 'source': 'legacy'}, {'lead_id': '69df5f8410ff1b6e41ead21b', 'name': 'Emery Lee', 'icp_score': 70, 'icp_tier': 'hot', 'source': 'legacy'}], 'threshold': 80, 'batch_id': '04c93303e5254af8a2c3d29e173b2c3b', 'message': "Queued intel scans for 28 hot lead(s). Results appear in each lead's Intel tab as they complete."}
E   assert 'processed' in {'batch_id': '04c93303e5254af8a2c3d29e173b2c3b', 'leads': [{'icp_score': 95, 'icp_tier': 'hot', 'lead_id': '69df5f8410ff1b6e41ead21c', 'name': 'Finley Mitchell', ...}, {'icp_score': 95, 'icp_tier': 'A', 'lead_id': '69f2051e47eadcfc49c01ad9', 'name': 'Sasha Ivanov', ...}, {'icp_score': 93, 'icp_tier': 'hot', 'lead_id': '69df5f8410ff1b6e41ead225', 'name': 'Quinn Varma', ...}, {'icp_score': 93, 'icp_tier': 'A', 'lead_id': '69f2051e47eadcfc49c01ad4', 'name': 'Quinn Varma', ...}, {'icp_score': 92, 'icp_tier': 'A', 'lead_id': '69f2051e47eadcfc49c01aeb', 'name': 'Ben Sokolov', ...}, {'icp_score': 91, 'icp_tier': 'hot', 'lead_id': '69df5f8410ff1b6e41ead223', 'name': 'Olivia Thompson', ...}, ...], 'message': "Queued intel scans for 28 hot lead(s). Results appear in each lead's Intel tab as they complete.", 'queued': 28, ...}</failure></testcase><testcase classname="backend.tests.test_iter135_full_regression" name="test_scan_progress" time="0.049" /><testcase classname="backend.tests.test_iter135_full_regression" name="test_journey_reorder" time="0.113"><failure message="AssertionError: {&quot;detail&quot;:&quot;order.0: Input should be a valid dictionary or object to extract fields from; order.1: Input should be a valid dictionary or object to extract fields from; order.2: Input should be a valid &#10;assert 422 in (200, 204)&#10; +  where 422 = &lt;Response [422]&gt;.status_code">backend/tests/test_iter135_full_regression.py:237: in test_journey_reorder
    assert r.status_code in (200, 204), r.text[:200]
E   AssertionError: {"detail":"order.0: Input should be a valid dictionary or object to extract fields from; order.1: Input should be a valid dictionary or object to extract fields from; order.2: Input should be a valid 
E   assert 422 in (200, 204)
E    +  where 422 = &lt;Response [422]&gt;.status_code</failure></testcase><testcase classname="backend.tests.test_iter135_full_regression" name="test_approvals_list" time="0.052" /><testcase classname="backend.tests.test_iter135_full_regression" name="test_tenant_isolation_voice_seeds" time="0.158" /></testsuite></testsuites>