<?xml version="1.0" encoding="utf-8"?><testsuites name="pytest tests"><testsuite name="pytest" errors="0" failures="0" skipped="0" tests="15" time="95.314" timestamp="2026-05-28T12:31:52.170556+00:00" hostname="agent-env-0ba9a290-1bd1-435d-b5fb-f5291b2cace4"><testcase classname="backend.tests.test_iter113_claude_wrapper_batch3" name="test_v10_no_direct_llmchat_outside_wrapper" time="0.010" /><testcase classname="backend.tests.test_iter113_claude_wrapper_batch3" name="test_health" time="0.226" /><testcase classname="backend.tests.test_iter113_claude_wrapper_batch3" name="test_auth_login" time="0.307" /><testcase classname="backend.tests.test_iter113_claude_wrapper_batch3" name="test_ai_score" time="4.644" /><testcase classname="backend.tests.test_iter113_claude_wrapper_batch3" name="test_ai_chat" time="5.711" /><testcase classname="backend.tests.test_iter113_claude_wrapper_batch3" name="test_ai_chat_injection_safe" time="3.708" /><testcase classname="backend.tests.test_iter113_claude_wrapper_batch3" name="test_ai_summarize" time="7.403" /><testcase classname="backend.tests.test_iter113_claude_wrapper_batch3" name="test_ai_email_generate" time="3.945" /><testcase classname="backend.tests.test_iter113_claude_wrapper_batch3" name="test_touchpoints_preview" time="6.925" /><testcase classname="backend.tests.test_iter113_claude_wrapper_batch3" name="test_pt_ask_aria_reply" time="3.437" /><testcase classname="backend.tests.test_iter113_claude_wrapper_batch3" name="test_aria_workspace_ask_reply" time="3.305" /><testcase classname="backend.tests.test_iter113_claude_wrapper_batch3" name="test_aria_auto_map_improve" time="14.902" /><testcase classname="backend.tests.test_iter113_claude_wrapper_batch3" name="test_revival_campaign" time="4.031" /><testcase classname="backend.tests.test_iter113_claude_wrapper_batch3" name="test_pre_call_research" time="34.605" /><testcase classname="backend.tests.test_iter113_claude_wrapper_batch3" name="test_api_usage_log_written" time="2.001" /></testsuite></testsuites>