<?xml version="1.0" encoding="utf-8"?><testsuites name="pytest tests"><testsuite name="pytest" errors="18" failures="1" skipped="0" tests="39" time="24.485" timestamp="2026-05-30T16:06:23.590934+00:00" hostname="agent-env-0ba9a290-1bd1-435d-b5fb-f5291b2cace4"><testcase classname="backend.tests.test_iter140_applications" name="test_submit_valid_application_returns_201" time="0.374" /><testcase classname="backend.tests.test_iter140_applications" name="test_confirm_returns_persisted_fields" time="0.054" /><testcase classname="backend.tests.test_iter140_applications" name="test_confirm_unknown_id_returns_404" time="0.056" /><testcase classname="backend.tests.test_iter140_applications" name="test_invalid_timeline_returns_400" time="0.055" /><testcase classname="backend.tests.test_iter140_applications" name="test_invalid_budget_returns_400" time="0.053" /><testcase classname="backend.tests.test_iter140_applications" name="test_malformed_email_returns_422" time="0.053" /><testcase classname="backend.tests.test_iter140_applications" name="test_missing_required_field_returns_422" time="0.053" /><testcase classname="backend.tests.test_iter140_applications" name="test_endpoint_is_public_no_auth_required" time="0.294" /><testcase classname="backend.tests.test_iter137_p1_fixes.TestFix1EodWrapSendNow" name="test_send_now_returns_structured_503_not_500" time="0.705" /><testcase classname="backend.tests.test_iter137_p1_fixes.TestFix2EodWrapLast" name="test_last_endpoint_exists_and_has_shape" time="0.137" /><testcase classname="backend.tests.test_iter137_p1_fixes.TestFix3JourneyGenerateAsync" name="test_kickoff_returns_job_id_fast" time="0.164" /><testcase classname="backend.tests.test_iter137_p1_fixes.TestFix3JourneyGenerateAsync" name="test_job_poll_completes" time="20.469" /><testcase classname="backend.tests.test_iter137_p1_fixes.TestFix3JourneyGenerateAsync" name="test_bogus_job_id_returns_404" time="0.201" /><testcase classname="backend.tests.test_iter137_p1_fixes.TestFix3JourneyGenerateAsync" name="test_cross_tenant_isolation_404" time="0.110" /><testcase classname="backend.tests.test_iter137_p1_fixes.TestRegressionSiblingNotifs" name="test_morning_brief_last_still_200" time="0.136" /><testcase classname="backend.tests.test_iter137_p1_fixes.TestRegressionSiblingNotifs" name="test_approval_digest_last_still_200" time="0.134" /><testcase classname="backend.tests.test_iter137_p1_fixes.TestRegressionSiblingNotifs" name="test_morning_brief_send_now" time="0.272" /><testcase classname="backend.tests.test_iter137_p1_fixes.TestRegressionSiblingNotifs" name="test_approval_digest_send_now" time="0.105" /><testcase classname="backend.tests.test_iter137_p1_fixes.TestRegressionJourneyCrud" name="test_list_touchpoints" time="0.107" /><testcase classname="backend.tests.test_iter137_p1_fixes.TestRegressionJourneyCrud" name="test_create_patch_delete_cycle" time="0.477" /><testcase classname="backend.tests.test_iter138_notification_classifier" name="test_a1_eod_wrap_send_now_returns_classified_503" time="0.000"><error message="failed on setup with &quot;requests.exceptions.MissingSchema: Invalid URL '/api/auth/login': No scheme supplied. Perhaps you meant https:///api/auth/login?&quot;">backend/tests/test_iter138_notification_classifier.py:20: in token
    r = requests.post(
/root/.venv/lib/python3.11/site-packages/requests/api.py:115: in post
    return request("post", url, data=data, json=json, **kwargs)
           ^^^^^^^^^^^^^^^^^^^^^^^^^^^^^^^^^^^^^^^^^^^^^^^^^^^^
/root/.venv/lib/python3.11/site-packages/requests/api.py:59: in request
    return session.request(method=method, url=url, **kwargs)
           ^^^^^^^^^^^^^^^^^^^^^^^^^^^^^^^^^^^^^^^^^^^^^^^^^
/root/.venv/lib/python3.11/site-packages/requests/sessions.py:578: in request
    prep = self.prepare_request(req)
           ^^^^^^^^^^^^^^^^^^^^^^^^^
/root/.venv/lib/python3.11/site-packages/requests/sessions.py:487: in prepare_request
    p.prepare(
/root/.venv/lib/python3.11/site-packages/requests/models.py:369: in prepare
    self.prepare_url(url, params)
/root/.venv/lib/python3.11/site-packages/requests/models.py:440: in prepare_url
    raise MissingSchema(
E   requests.exceptions.MissingSchema: Invalid URL '/api/auth/login': No scheme supplied. Perhaps you meant https:///api/auth/login?</error></testcase><testcase classname="backend.tests.test_iter138_notification_classifier" name="test_a2_morning_brief_send_now_returns_classified_503" time="0.000"><error message="failed on setup with &quot;requests.exceptions.MissingSchema: Invalid URL '/api/auth/login': No scheme supplied. Perhaps you meant https:///api/auth/login?&quot;">backend/tests/test_iter138_notification_classifier.py:20: in token
    r = requests.post(
/root/.venv/lib/python3.11/site-packages/requests/api.py:115: in post
    return request("post", url, data=data, json=json, **kwargs)
           ^^^^^^^^^^^^^^^^^^^^^^^^^^^^^^^^^^^^^^^^^^^^^^^^^^^^
/root/.venv/lib/python3.11/site-packages/requests/api.py:59: in request
    return session.request(method=method, url=url, **kwargs)
           ^^^^^^^^^^^^^^^^^^^^^^^^^^^^^^^^^^^^^^^^^^^^^^^^^
/root/.venv/lib/python3.11/site-packages/requests/sessions.py:578: in request
    prep = self.prepare_request(req)
           ^^^^^^^^^^^^^^^^^^^^^^^^^
/root/.venv/lib/python3.11/site-packages/requests/sessions.py:487: in prepare_request
    p.prepare(
/root/.venv/lib/python3.11/site-packages/requests/models.py:369: in prepare
    self.prepare_url(url, params)
/root/.venv/lib/python3.11/site-packages/requests/models.py:440: in prepare_url
    raise MissingSchema(
E   requests.exceptions.MissingSchema: Invalid URL '/api/auth/login': No scheme supplied. Perhaps you meant https:///api/auth/login?</error></testcase><testcase classname="backend.tests.test_iter138_notification_classifier" name="test_a3_approval_digest_empty_queue_returns_200_skipped" time="0.000"><error message="failed on setup with &quot;requests.exceptions.MissingSchema: Invalid URL '/api/auth/login': No scheme supplied. Perhaps you meant https:///api/auth/login?&quot;">backend/tests/test_iter138_notification_classifier.py:20: in token
    r = requests.post(
/root/.venv/lib/python3.11/site-packages/requests/api.py:115: in post
    return request("post", url, data=data, json=json, **kwargs)
           ^^^^^^^^^^^^^^^^^^^^^^^^^^^^^^^^^^^^^^^^^^^^^^^^^^^^
/root/.venv/lib/python3.11/site-packages/requests/api.py:59: in request
    return session.request(method=method, url=url, **kwargs)
           ^^^^^^^^^^^^^^^^^^^^^^^^^^^^^^^^^^^^^^^^^^^^^^^^^
/root/.venv/lib/python3.11/site-packages/requests/sessions.py:578: in request
    prep = self.prepare_request(req)
           ^^^^^^^^^^^^^^^^^^^^^^^^^
/root/.venv/lib/python3.11/site-packages/requests/sessions.py:487: in prepare_request
    p.prepare(
/root/.venv/lib/python3.11/site-packages/requests/models.py:369: in prepare
    self.prepare_url(url, params)
/root/.venv/lib/python3.11/site-packages/requests/models.py:440: in prepare_url
    raise MissingSchema(
E   requests.exceptions.MissingSchema: Invalid URL '/api/auth/login': No scheme supplied. Perhaps you meant https:///api/auth/login?</error></testcase><testcase classname="backend.tests.test_iter138_notification_classifier" name="test_a4_approval_digest_non_empty_returns_classified_503" time="0.000"><error message="failed on setup with &quot;requests.exceptions.MissingSchema: Invalid URL '/api/auth/login': No scheme supplied. Perhaps you meant https:///api/auth/login?&quot;">backend/tests/test_iter138_notification_classifier.py:20: in token
    r = requests.post(
/root/.venv/lib/python3.11/site-packages/requests/api.py:115: in post
    return request("post", url, data=data, json=json, **kwargs)
           ^^^^^^^^^^^^^^^^^^^^^^^^^^^^^^^^^^^^^^^^^^^^^^^^^^^^
/root/.venv/lib/python3.11/site-packages/requests/api.py:59: in request
    return session.request(method=method, url=url, **kwargs)
           ^^^^^^^^^^^^^^^^^^^^^^^^^^^^^^^^^^^^^^^^^^^^^^^^^
/root/.venv/lib/python3.11/site-packages/requests/sessions.py:578: in request
    prep = self.prepare_request(req)
           ^^^^^^^^^^^^^^^^^^^^^^^^^
/root/.venv/lib/python3.11/site-packages/requests/sessions.py:487: in prepare_request
    p.prepare(
/root/.venv/lib/python3.11/site-packages/requests/models.py:369: in prepare
    self.prepare_url(url, params)
/root/.venv/lib/python3.11/site-packages/requests/models.py:440: in prepare_url
    raise MissingSchema(
E   requests.exceptions.MissingSchema: Invalid URL '/api/auth/login': No scheme supplied. Perhaps you meant https:///api/auth/login?</error></testcase><testcase classname="backend.tests.test_iter138_notification_classifier" name="test_b_journey_generate_jobs_ttl_index" time="0.000"><failure message="ModuleNotFoundError: No module named 'deps'">backend/tests/test_iter138_notification_classifier.py:137: in test_b_journey_generate_jobs_ttl_index
    from deps import db
E   ModuleNotFoundError: No module named 'deps'</failure></testcase><testcase classname="backend.tests.test_iter138_notification_classifier" name="test_b_journey_job_has_expires_at_future_date" time="0.000"><error message="failed on setup with &quot;requests.exceptions.MissingSchema: Invalid URL '/api/auth/login': No scheme supplied. Perhaps you meant https:///api/auth/login?&quot;">backend/tests/test_iter138_notification_classifier.py:20: in token
    r = requests.post(
/root/.venv/lib/python3.11/site-packages/requests/api.py:115: in post
    return request("post", url, data=data, json=json, **kwargs)
           ^^^^^^^^^^^^^^^^^^^^^^^^^^^^^^^^^^^^^^^^^^^^^^^^^^^^
/root/.venv/lib/python3.11/site-packages/requests/api.py:59: in request
    return session.request(method=method, url=url, **kwargs)
           ^^^^^^^^^^^^^^^^^^^^^^^^^^^^^^^^^^^^^^^^^^^^^^^^^
/root/.venv/lib/python3.11/site-packages/requests/sessions.py:578: in request
    prep = self.prepare_request(req)
           ^^^^^^^^^^^^^^^^^^^^^^^^^
/root/.venv/lib/python3.11/site-packages/requests/sessions.py:487: in prepare_request
    p.prepare(
/root/.venv/lib/python3.11/site-packages/requests/models.py:369: in prepare
    self.prepare_url(url, params)
/root/.venv/lib/python3.11/site-packages/requests/models.py:440: in prepare_url
    raise MissingSchema(
E   requests.exceptions.MissingSchema: Invalid URL '/api/auth/login': No scheme supplied. Perhaps you meant https:///api/auth/login?</error></testcase><testcase classname="backend.tests.test_iter138_notification_classifier" name="test_regression_aria_config_endpoints_200[/api/aria/morning-brief/config]" time="0.000"><error message="failed on setup with &quot;requests.exceptions.MissingSchema: Invalid URL '/api/auth/login': No scheme supplied. Perhaps you meant https:///api/auth/login?&quot;">backend/tests/test_iter138_notification_classifier.py:20: in token
    r = requests.post(
/root/.venv/lib/python3.11/site-packages/requests/api.py:115: in post
    return request("post", url, data=data, json=json, **kwargs)
           ^^^^^^^^^^^^^^^^^^^^^^^^^^^^^^^^^^^^^^^^^^^^^^^^^^^^
/root/.venv/lib/python3.11/site-packages/requests/api.py:59: in request
    return session.request(method=method, url=url, **kwargs)
           ^^^^^^^^^^^^^^^^^^^^^^^^^^^^^^^^^^^^^^^^^^^^^^^^^
/root/.venv/lib/python3.11/site-packages/requests/sessions.py:578: in request
    prep = self.prepare_request(req)
           ^^^^^^^^^^^^^^^^^^^^^^^^^
/root/.venv/lib/python3.11/site-packages/requests/sessions.py:487: in prepare_request
    p.prepare(
/root/.venv/lib/python3.11/site-packages/requests/models.py:369: in prepare
    self.prepare_url(url, params)
/root/.venv/lib/python3.11/site-packages/requests/models.py:440: in prepare_url
    raise MissingSchema(
E   requests.exceptions.MissingSchema: Invalid URL '/api/auth/login': No scheme supplied. Perhaps you meant https:///api/auth/login?</error></testcase><testcase classname="backend.tests.test_iter138_notification_classifier" name="test_regression_aria_config_endpoints_200[/api/aria/approval-digest/config]" time="0.000"><error message="failed on setup with &quot;requests.exceptions.MissingSchema: Invalid URL '/api/auth/login': No scheme supplied. Perhaps you meant https:///api/auth/login?&quot;">backend/tests/test_iter138_notification_classifier.py:20: in token
    r = requests.post(
/root/.venv/lib/python3.11/site-packages/requests/api.py:115: in post
    return request("post", url, data=data, json=json, **kwargs)
           ^^^^^^^^^^^^^^^^^^^^^^^^^^^^^^^^^^^^^^^^^^^^^^^^^^^^
/root/.venv/lib/python3.11/site-packages/requests/api.py:59: in request
    return session.request(method=method, url=url, **kwargs)
           ^^^^^^^^^^^^^^^^^^^^^^^^^^^^^^^^^^^^^^^^^^^^^^^^^
/root/.venv/lib/python3.11/site-packages/requests/sessions.py:578: in request
    prep = self.prepare_request(req)
           ^^^^^^^^^^^^^^^^^^^^^^^^^
/root/.venv/lib/python3.11/site-packages/requests/sessions.py:487: in prepare_request
    p.prepare(
/root/.venv/lib/python3.11/site-packages/requests/models.py:369: in prepare
    self.prepare_url(url, params)
/root/.venv/lib/python3.11/site-packages/requests/models.py:440: in prepare_url
    raise MissingSchema(
E   requests.exceptions.MissingSchema: Invalid URL '/api/auth/login': No scheme supplied. Perhaps you meant https:///api/auth/login?</error></testcase><testcase classname="backend.tests.test_iter138_notification_classifier" name="test_regression_aria_config_endpoints_200[/api/aria/eod-wrap/config]" time="0.000"><error message="failed on setup with &quot;requests.exceptions.MissingSchema: Invalid URL '/api/auth/login': No scheme supplied. Perhaps you meant https:///api/auth/login?&quot;">backend/tests/test_iter138_notification_classifier.py:20: in token
    r = requests.post(
/root/.venv/lib/python3.11/site-packages/requests/api.py:115: in post
    return request("post", url, data=data, json=json, **kwargs)
           ^^^^^^^^^^^^^^^^^^^^^^^^^^^^^^^^^^^^^^^^^^^^^^^^^^^^
/root/.venv/lib/python3.11/site-packages/requests/api.py:59: in request
    return session.request(method=method, url=url, **kwargs)
           ^^^^^^^^^^^^^^^^^^^^^^^^^^^^^^^^^^^^^^^^^^^^^^^^^
/root/.venv/lib/python3.11/site-packages/requests/sessions.py:578: in request
    prep = self.prepare_request(req)
           ^^^^^^^^^^^^^^^^^^^^^^^^^
/root/.venv/lib/python3.11/site-packages/requests/sessions.py:487: in prepare_request
    p.prepare(
/root/.venv/lib/python3.11/site-packages/requests/models.py:369: in prepare
    self.prepare_url(url, params)
/root/.venv/lib/python3.11/site-packages/requests/models.py:440: in prepare_url
    raise MissingSchema(
E   requests.exceptions.MissingSchema: Invalid URL '/api/auth/login': No scheme supplied. Perhaps you meant https:///api/auth/login?</error></testcase><testcase classname="backend.tests.test_iter138_notification_classifier" name="test_regression_aria_config_endpoints_200[/api/aria/eod-wrap/last]" time="0.000"><error message="failed on setup with &quot;requests.exceptions.MissingSchema: Invalid URL '/api/auth/login': No scheme supplied. Perhaps you meant https:///api/auth/login?&quot;">backend/tests/test_iter138_notification_classifier.py:20: in token
    r = requests.post(
/root/.venv/lib/python3.11/site-packages/requests/api.py:115: in post
    return request("post", url, data=data, json=json, **kwargs)
           ^^^^^^^^^^^^^^^^^^^^^^^^^^^^^^^^^^^^^^^^^^^^^^^^^^^^
/root/.venv/lib/python3.11/site-packages/requests/api.py:59: in request
    return session.request(method=method, url=url, **kwargs)
           ^^^^^^^^^^^^^^^^^^^^^^^^^^^^^^^^^^^^^^^^^^^^^^^^^
/root/.venv/lib/python3.11/site-packages/requests/sessions.py:578: in request
    prep = self.prepare_request(req)
           ^^^^^^^^^^^^^^^^^^^^^^^^^
/root/.venv/lib/python3.11/site-packages/requests/sessions.py:487: in prepare_request
    p.prepare(
/root/.venv/lib/python3.11/site-packages/requests/models.py:369: in prepare
    self.prepare_url(url, params)
/root/.venv/lib/python3.11/site-packages/requests/models.py:440: in prepare_url
    raise MissingSchema(
E   requests.exceptions.MissingSchema: Invalid URL '/api/auth/login': No scheme supplied. Perhaps you meant https:///api/auth/login?</error></testcase><testcase classname="backend.tests.test_iter138_notification_classifier" name="test_regression_aria_config_endpoints_200[/api/aria/morning-brief/last]" time="0.000"><error message="failed on setup with &quot;requests.exceptions.MissingSchema: Invalid URL '/api/auth/login': No scheme supplied. Perhaps you meant https:///api/auth/login?&quot;">backend/tests/test_iter138_notification_classifier.py:20: in token
    r = requests.post(
/root/.venv/lib/python3.11/site-packages/requests/api.py:115: in post
    return request("post", url, data=data, json=json, **kwargs)
           ^^^^^^^^^^^^^^^^^^^^^^^^^^^^^^^^^^^^^^^^^^^^^^^^^^^^
/root/.venv/lib/python3.11/site-packages/requests/api.py:59: in request
    return session.request(method=method, url=url, **kwargs)
           ^^^^^^^^^^^^^^^^^^^^^^^^^^^^^^^^^^^^^^^^^^^^^^^^^
/root/.venv/lib/python3.11/site-packages/requests/sessions.py:578: in request
    prep = self.prepare_request(req)
           ^^^^^^^^^^^^^^^^^^^^^^^^^
/root/.venv/lib/python3.11/site-packages/requests/sessions.py:487: in prepare_request
    p.prepare(
/root/.venv/lib/python3.11/site-packages/requests/models.py:369: in prepare
    self.prepare_url(url, params)
/root/.venv/lib/python3.11/site-packages/requests/models.py:440: in prepare_url
    raise MissingSchema(
E   requests.exceptions.MissingSchema: Invalid URL '/api/auth/login': No scheme supplied. Perhaps you meant https:///api/auth/login?</error></testcase><testcase classname="backend.tests.test_iter138_notification_classifier" name="test_regression_aria_config_endpoints_200[/api/aria/approval-digest/last]" time="0.000"><error message="failed on setup with &quot;requests.exceptions.MissingSchema: Invalid URL '/api/auth/login': No scheme supplied. Perhaps you meant https:///api/auth/login?&quot;">backend/tests/test_iter138_notification_classifier.py:20: in token
    r = requests.post(
/root/.venv/lib/python3.11/site-packages/requests/api.py:115: in post
    return request("post", url, data=data, json=json, **kwargs)
           ^^^^^^^^^^^^^^^^^^^^^^^^^^^^^^^^^^^^^^^^^^^^^^^^^^^^
/root/.venv/lib/python3.11/site-packages/requests/api.py:59: in request
    return session.request(method=method, url=url, **kwargs)
           ^^^^^^^^^^^^^^^^^^^^^^^^^^^^^^^^^^^^^^^^^^^^^^^^^
/root/.venv/lib/python3.11/site-packages/requests/sessions.py:578: in request
    prep = self.prepare_request(req)
           ^^^^^^^^^^^^^^^^^^^^^^^^^
/root/.venv/lib/python3.11/site-packages/requests/sessions.py:487: in prepare_request
    p.prepare(
/root/.venv/lib/python3.11/site-packages/requests/models.py:369: in prepare
    self.prepare_url(url, params)
/root/.venv/lib/python3.11/site-packages/requests/models.py:440: in prepare_url
    raise MissingSchema(
E   requests.exceptions.MissingSchema: Invalid URL '/api/auth/login': No scheme supplied. Perhaps you meant https:///api/auth/login?</error></testcase><testcase classname="backend.tests.test_iter138_notification_classifier" name="test_regression_spot_check_endpoints[/api/health]" time="0.000"><error message="failed on setup with &quot;requests.exceptions.MissingSchema: Invalid URL '/api/auth/login': No scheme supplied. Perhaps you meant https:///api/auth/login?&quot;">backend/tests/test_iter138_notification_classifier.py:20: in token
    r = requests.post(
/root/.venv/lib/python3.11/site-packages/requests/api.py:115: in post
    return request("post", url, data=data, json=json, **kwargs)
           ^^^^^^^^^^^^^^^^^^^^^^^^^^^^^^^^^^^^^^^^^^^^^^^^^^^^
/root/.venv/lib/python3.11/site-packages/requests/api.py:59: in request
    return session.request(method=method, url=url, **kwargs)
           ^^^^^^^^^^^^^^^^^^^^^^^^^^^^^^^^^^^^^^^^^^^^^^^^^
/root/.venv/lib/python3.11/site-packages/requests/sessions.py:578: in request
    prep = self.prepare_request(req)
           ^^^^^^^^^^^^^^^^^^^^^^^^^
/root/.venv/lib/python3.11/site-packages/requests/sessions.py:487: in prepare_request
    p.prepare(
/root/.venv/lib/python3.11/site-packages/requests/models.py:369: in prepare
    self.prepare_url(url, params)
/root/.venv/lib/python3.11/site-packages/requests/models.py:440: in prepare_url
    raise MissingSchema(
E   requests.exceptions.MissingSchema: Invalid URL '/api/auth/login': No scheme supplied. Perhaps you meant https:///api/auth/login?</error></testcase><testcase classname="backend.tests.test_iter138_notification_classifier" name="test_regression_spot_check_endpoints[/api/leads]" time="0.000"><error message="failed on setup with &quot;requests.exceptions.MissingSchema: Invalid URL '/api/auth/login': No scheme supplied. Perhaps you meant https:///api/auth/login?&quot;">backend/tests/test_iter138_notification_classifier.py:20: in token
    r = requests.post(
/root/.venv/lib/python3.11/site-packages/requests/api.py:115: in post
    return request("post", url, data=data, json=json, **kwargs)
           ^^^^^^^^^^^^^^^^^^^^^^^^^^^^^^^^^^^^^^^^^^^^^^^^^^^^
/root/.venv/lib/python3.11/site-packages/requests/api.py:59: in request
    return session.request(method=method, url=url, **kwargs)
           ^^^^^^^^^^^^^^^^^^^^^^^^^^^^^^^^^^^^^^^^^^^^^^^^^
/root/.venv/lib/python3.11/site-packages/requests/sessions.py:578: in request
    prep = self.prepare_request(req)
           ^^^^^^^^^^^^^^^^^^^^^^^^^
/root/.venv/lib/python3.11/site-packages/requests/sessions.py:487: in prepare_request
    p.prepare(
/root/.venv/lib/python3.11/site-packages/requests/models.py:369: in prepare
    self.prepare_url(url, params)
/root/.venv/lib/python3.11/site-packages/requests/models.py:440: in prepare_url
    raise MissingSchema(
E   requests.exceptions.MissingSchema: Invalid URL '/api/auth/login': No scheme supplied. Perhaps you meant https:///api/auth/login?</error></testcase><testcase classname="backend.tests.test_iter138_notification_classifier" name="test_regression_spot_check_endpoints[/api/leads/counts]" time="0.000"><error message="failed on setup with &quot;requests.exceptions.MissingSchema: Invalid URL '/api/auth/login': No scheme supplied. Perhaps you meant https:///api/auth/login?&quot;">backend/tests/test_iter138_notification_classifier.py:20: in token
    r = requests.post(
/root/.venv/lib/python3.11/site-packages/requests/api.py:115: in post
    return request("post", url, data=data, json=json, **kwargs)
           ^^^^^^^^^^^^^^^^^^^^^^^^^^^^^^^^^^^^^^^^^^^^^^^^^^^^
/root/.venv/lib/python3.11/site-packages/requests/api.py:59: in request
    return session.request(method=method, url=url, **kwargs)
           ^^^^^^^^^^^^^^^^^^^^^^^^^^^^^^^^^^^^^^^^^^^^^^^^^
/root/.venv/lib/python3.11/site-packages/requests/sessions.py:578: in request
    prep = self.prepare_request(req)
           ^^^^^^^^^^^^^^^^^^^^^^^^^
/root/.venv/lib/python3.11/site-packages/requests/sessions.py:487: in prepare_request
    p.prepare(
/root/.venv/lib/python3.11/site-packages/requests/models.py:369: in prepare
    self.prepare_url(url, params)
/root/.venv/lib/python3.11/site-packages/requests/models.py:440: in prepare_url
    raise MissingSchema(
E   requests.exceptions.MissingSchema: Invalid URL '/api/auth/login': No scheme supplied. Perhaps you meant https:///api/auth/login?</error></testcase><testcase classname="backend.tests.test_iter138_notification_classifier" name="test_regression_spot_check_endpoints[/api/aria/today]" time="0.000"><error message="failed on setup with &quot;requests.exceptions.MissingSchema: Invalid URL '/api/auth/login': No scheme supplied. Perhaps you meant https:///api/auth/login?&quot;">backend/tests/test_iter138_notification_classifier.py:20: in token
    r = requests.post(
/root/.venv/lib/python3.11/site-packages/requests/api.py:115: in post
    return request("post", url, data=data, json=json, **kwargs)
           ^^^^^^^^^^^^^^^^^^^^^^^^^^^^^^^^^^^^^^^^^^^^^^^^^^^^
/root/.venv/lib/python3.11/site-packages/requests/api.py:59: in request
    return session.request(method=method, url=url, **kwargs)
           ^^^^^^^^^^^^^^^^^^^^^^^^^^^^^^^^^^^^^^^^^^^^^^^^^
/root/.venv/lib/python3.11/site-packages/requests/sessions.py:578: in request
    prep = self.prepare_request(req)
           ^^^^^^^^^^^^^^^^^^^^^^^^^
/root/.venv/lib/python3.11/site-packages/requests/sessions.py:487: in prepare_request
    p.prepare(
/root/.venv/lib/python3.11/site-packages/requests/models.py:369: in prepare
    self.prepare_url(url, params)
/root/.venv/lib/python3.11/site-packages/requests/models.py:440: in prepare_url
    raise MissingSchema(
E   requests.exceptions.MissingSchema: Invalid URL '/api/auth/login': No scheme supplied. Perhaps you meant https:///api/auth/login?</error></testcase><testcase classname="backend.tests.test_iter138_notification_classifier" name="test_regression_spot_check_endpoints[/api/aria/feed]" time="0.000"><error message="failed on setup with &quot;requests.exceptions.MissingSchema: Invalid URL '/api/auth/login': No scheme supplied. Perhaps you meant https:///api/auth/login?&quot;">backend/tests/test_iter138_notification_classifier.py:20: in token
    r = requests.post(
/root/.venv/lib/python3.11/site-packages/requests/api.py:115: in post
    return request("post", url, data=data, json=json, **kwargs)
           ^^^^^^^^^^^^^^^^^^^^^^^^^^^^^^^^^^^^^^^^^^^^^^^^^^^^
/root/.venv/lib/python3.11/site-packages/requests/api.py:59: in request
    return session.request(method=method, url=url, **kwargs)
           ^^^^^^^^^^^^^^^^^^^^^^^^^^^^^^^^^^^^^^^^^^^^^^^^^
/root/.venv/lib/python3.11/site-packages/requests/sessions.py:578: in request
    prep = self.prepare_request(req)
           ^^^^^^^^^^^^^^^^^^^^^^^^^
/root/.venv/lib/python3.11/site-packages/requests/sessions.py:487: in prepare_request
    p.prepare(
/root/.venv/lib/python3.11/site-packages/requests/models.py:369: in prepare
    self.prepare_url(url, params)
/root/.venv/lib/python3.11/site-packages/requests/models.py:440: in prepare_url
    raise MissingSchema(
E   requests.exceptions.MissingSchema: Invalid URL '/api/auth/login': No scheme supplied. Perhaps you meant https:///api/auth/login?</error></testcase><testcase classname="backend.tests.test_iter138_notification_classifier" name="test_regression_spot_check_endpoints[/api/voice-seeds]" time="0.000"><error message="failed on setup with &quot;requests.exceptions.MissingSchema: Invalid URL '/api/auth/login': No scheme supplied. Perhaps you meant https:///api/auth/login?&quot;">backend/tests/test_iter138_notification_classifier.py:20: in token
    r = requests.post(
/root/.venv/lib/python3.11/site-packages/requests/api.py:115: in post
    return request("post", url, data=data, json=json, **kwargs)
           ^^^^^^^^^^^^^^^^^^^^^^^^^^^^^^^^^^^^^^^^^^^^^^^^^^^^
/root/.venv/lib/python3.11/site-packages/requests/api.py:59: in request
    return session.request(method=method, url=url, **kwargs)
           ^^^^^^^^^^^^^^^^^^^^^^^^^^^^^^^^^^^^^^^^^^^^^^^^^
/root/.venv/lib/python3.11/site-packages/requests/sessions.py:578: in request
    prep = self.prepare_request(req)
           ^^^^^^^^^^^^^^^^^^^^^^^^^
/root/.venv/lib/python3.11/site-packages/requests/sessions.py:487: in prepare_request
    p.prepare(
/root/.venv/lib/python3.11/site-packages/requests/models.py:369: in prepare
    self.prepare_url(url, params)
/root/.venv/lib/python3.11/site-packages/requests/models.py:440: in prepare_url
    raise MissingSchema(
E   requests.exceptions.MissingSchema: Invalid URL '/api/auth/login': No scheme supplied. Perhaps you meant https:///api/auth/login?</error></testcase><testcase classname="backend.tests.test_iter138_notification_classifier" name="test_regression_approvals_endpoints" time="0.000"><error message="failed on setup with &quot;requests.exceptions.MissingSchema: Invalid URL '/api/auth/login': No scheme supplied. Perhaps you meant https:///api/auth/login?&quot;">backend/tests/test_iter138_notification_classifier.py:20: in token
    r = requests.post(
/root/.venv/lib/python3.11/site-packages/requests/api.py:115: in post
    return request("post", url, data=data, json=json, **kwargs)
           ^^^^^^^^^^^^^^^^^^^^^^^^^^^^^^^^^^^^^^^^^^^^^^^^^^^^
/root/.venv/lib/python3.11/site-packages/requests/api.py:59: in request
    return session.request(method=method, url=url, **kwargs)
           ^^^^^^^^^^^^^^^^^^^^^^^^^^^^^^^^^^^^^^^^^^^^^^^^^
/root/.venv/lib/python3.11/site-packages/requests/sessions.py:578: in request
    prep = self.prepare_request(req)
           ^^^^^^^^^^^^^^^^^^^^^^^^^
/root/.venv/lib/python3.11/site-packages/requests/sessions.py:487: in prepare_request
    p.prepare(
/root/.venv/lib/python3.11/site-packages/requests/models.py:369: in prepare
    self.prepare_url(url, params)
/root/.venv/lib/python3.11/site-packages/requests/models.py:440: in prepare_url
    raise MissingSchema(
E   requests.exceptions.MissingSchema: Invalid URL '/api/auth/login': No scheme supplied. Perhaps you meant https:///api/auth/login?</error></testcase></testsuite></testsuites>