<?xml version="1.0" encoding="utf-8"?><testsuites name="pytest tests"><testsuite name="pytest" errors="0" failures="0" skipped="0" tests="4" time="1.532" timestamp="2026-06-12T10:54:07.195172+00:00" hostname="agent-env-0ba9a290-1bd1-435d-b5fb-f5291b2cace4"><testcase classname="backend.tests.test_dashboard_modes" name="test_pietential_mode" time="0.533" /><testcase classname="backend.tests.test_dashboard_modes" name="test_demo_mode" time="0.455" /><testcase classname="backend.tests.test_dashboard_modes" name="test_pietential_insights_feed" time="0.113" /><testcase classname="backend.tests.test_dashboard_modes" name="test_demo_tenant_isolation" time="0.362" /></testsuite></testsuites>