<?xml version="1.0" encoding="utf-8"?><testsuites name="pytest tests"><testsuite name="pytest" errors="0" failures="0" skipped="0" tests="4" time="1.303" timestamp="2026-04-29T13:54:52.593180+00:00" hostname="agent-env-0ba9a290-1bd1-435d-b5fb-f5291b2cace4"><testcase classname="backend.tests.test_iter17_command_center" name="test_command_center_requires_auth" time="0.294" /><testcase classname="backend.tests.test_iter17_command_center" name="test_command_center_full_shape" time="0.511" /><testcase classname="backend.tests.test_iter17_command_center" name="test_command_center_real_data_when_leads_exist" time="0.302" /><testcase classname="backend.tests.test_iter17_command_center" name="test_inr_format_in_labels" time="0.116" /></testsuite></testsuites>