<?xml version="1.0" encoding="utf-8"?><testsuites name="pytest tests"><testsuite name="pytest" errors="0" failures="0" skipped="3" tests="18" time="3.062" timestamp="2026-05-23T09:35:17.431752+00:00" hostname="agent-env-0ba9a290-1bd1-435d-b5fb-f5291b2cace4"><testcase classname="backend.tests.test_iter82_publish_and_humanised_errors.TestAutoMapPublishRobust" name="test_publish_empty_payload_returns_200" time="0.618" /><testcase classname="backend.tests.test_iter82_publish_and_humanised_errors.TestAutoMapPublishRobust" name="test_publish_one_valid_touchpoint_returns_200" time="0.110" /><testcase classname="backend.tests.test_iter82_publish_and_humanised_errors.TestAutoMapPublishRobust" name="test_publish_with_invalid_touchpoints_drops_them_not_500" time="0.124" /><testcase classname="backend.tests.test_iter82_publish_and_humanised_errors.TestAutoMapPublishRobust" name="test_publish_all_invalid_returns_422_friendly" time="0.115" /><testcase classname="backend.tests.test_iter82_publish_and_humanised_errors.TestLegacyIntegrationsHumanisedErrors" name="test_saleshandy_test_no_key_400_friendly" time="0.104" /><testcase classname="backend.tests.test_iter82_publish_and_humanised_errors.TestLegacyIntegrationsHumanisedErrors" name="test_sequences_saleshandy_no_key_or_friendly" time="0.128" /><testcase classname="backend.tests.test_iter82_publish_and_humanised_errors.TestLegacyIntegrationsHumanisedErrors" name="test_sequences_lemlist_no_raw_json" time="0.103" /><testcase classname="backend.tests.test_iter82_publish_and_humanised_errors.TestOutreachImportTestConnection" name="test_saleshandy_test_connection_no_raw_json" time="0.102" /><testcase classname="backend.tests.test_iter82_publish_and_humanised_errors.TestOutreachImportTestConnection" name="test_lemlist_test_connection_no_raw_json" time="0.111" /><testcase classname="backend.tests.test_iter82_publish_and_humanised_errors.TestPtIntegrationsTest" name="test_pt_saleshandy_test_no_key_400" time="0.108"><skipped type="pytest.skip" message="pt/integrations test endpoint returns 403 'Read-only role' for master_admin — _can_write in pietential.py excludes master_admin. Code bug, not a test bug.">/app/backend/tests/test_iter82_publish_and_humanised_errors.py:319: pt/integrations test endpoint returns 403 'Read-only role' for master_admin — _can_write in pietential.py excludes master_admin. Code bug, not a test bug.</skipped></testcase><testcase classname="backend.tests.test_iter82_publish_and_humanised_errors.TestPtIntegrationsTest" name="test_pt_saleshandy_with_fake_key_friendly_error" time="0.100"><skipped type="pytest.skip" message="POST /api/pt/integrations 403 for master_admin — _can_write excludes master_admin. Cannot seed test data via this user.">/app/backend/tests/test_iter82_publish_and_humanised_errors.py:336: POST /api/pt/integrations 403 for master_admin — _can_write excludes master_admin. Cannot seed test data via this user.</skipped></testcase><testcase classname="backend.tests.test_iter82_publish_and_humanised_errors.TestPtIntegrationsTest" name="test_pt_lemlist_with_fake_key_friendly_error" time="0.095"><skipped type="pytest.skip" message="POST /api/pt/integrations 403 for master_admin — _can_write excludes master_admin.">/app/backend/tests/test_iter82_publish_and_humanised_errors.py:370: POST /api/pt/integrations 403 for master_admin — _can_write excludes master_admin.</skipped></testcase><testcase classname="backend.tests.test_iter82_publish_and_humanised_errors.TestPietentialDashboard" name="test_overview_loads" time="0.110" /><testcase classname="backend.tests.test_iter82_publish_and_humanised_errors.TestPietentialDashboard" name="test_leads_loads" time="0.105" /><testcase classname="backend.tests.test_iter82_publish_and_humanised_errors.TestPietentialDashboard" name="test_integrations_listing" time="0.101" /><testcase classname="backend.tests.test_iter82_publish_and_humanised_errors.TestPietentialDashboard" name="test_touchpoints_loads" time="0.109" /><testcase classname="backend.tests.test_iter82_publish_and_humanised_errors.TestLightRegression" name="test_founder_brief_invalid_object_id_404" time="0.106" /><testcase classname="backend.tests.test_iter82_publish_and_humanised_errors.TestLightRegression" name="test_admin_deployments_master_admin_only" time="0.613" /></testsuite></testsuites>