<?xml version="1.0" encoding="utf-8"?><testsuites name="pytest tests"><testsuite name="pytest" errors="0" failures="0" skipped="0" tests="19" time="4.373" timestamp="2026-05-30T16:31:52.231657+00:00" hostname="agent-env-0ba9a290-1bd1-435d-b5fb-f5291b2cace4"><testcase classname="backend.tests.test_iter141_admin_applications" name="test_public_submit_still_works_no_slack_no_whatsapp" time="0.458" /><testcase classname="backend.tests.test_iter141_admin_applications" name="test_list_requires_auth" time="0.105" /><testcase classname="backend.tests.test_iter141_admin_applications" name="test_list_forbidden_for_sales_rep" time="0.506" /><testcase classname="backend.tests.test_iter141_admin_applications" name="test_get_forbidden_for_sales_rep" time="0.558" /><testcase classname="backend.tests.test_iter141_admin_applications" name="test_patch_status_forbidden_for_sales_rep" time="0.109" /><testcase classname="backend.tests.test_iter141_admin_applications" name="test_admin_list_new_returns_items_counts_total" time="0.466" /><testcase classname="backend.tests.test_iter141_admin_applications" name="test_admin_list_all_status_returns_everything" time="0.107" /><testcase classname="backend.tests.test_iter141_admin_applications" name="test_admin_list_invalid_status_returns_400" time="0.111" /><testcase classname="backend.tests.test_iter141_admin_applications" name="test_admin_get_returns_full_doc_no_id_leak" time="0.100" /><testcase classname="backend.tests.test_iter141_admin_applications" name="test_admin_get_unknown_id_returns_404" time="0.150" /><testcase classname="backend.tests.test_iter141_admin_applications" name="test_patch_status_reviewing_sets_last_reviewed_by" time="0.256" /><testcase classname="backend.tests.test_iter141_admin_applications" name="test_patch_status_bad_value_returns_400" time="0.105" /><testcase classname="backend.tests.test_iter141_admin_applications" name="test_patch_status_unknown_id_returns_404" time="0.136" /><testcase classname="backend.tests.test_iter141_admin_applications" name="test_create_workspace_provisions_tenant_and_flips_status" time="0.236" /><testcase classname="backend.tests.test_iter141_admin_applications" name="test_create_workspace_validation_short_name" time="0.109" /><testcase classname="backend.tests.test_iter141_admin_applications" name="test_create_workspace_validation_bad_mode" time="0.106" /><testcase classname="backend.tests.test_iter141_admin_applications" name="test_create_workspace_unknown_app_returns_404" time="0.110" /><testcase classname="backend.tests.test_iter141_admin_applications" name="test_create_workspace_forbidden_for_sales_rep" time="0.401" /><testcase classname="backend.tests.test_iter141_admin_applications" name="test_approvals_count_endpoint" time="0.149" /></testsuite></testsuites>