<?xml version="1.0" encoding="utf-8"?><testsuites name="pytest tests"><testsuite name="pytest" errors="0" failures="0" skipped="0" tests="4" time="1.124" timestamp="2026-05-06T15:58:53.599885+00:00" hostname="agent-env-0ba9a290-1bd1-435d-b5fb-f5291b2cace4"><testcase classname="backend.tests.test_sync_activity_digest.TestDigestToday" name="test_status_and_shape" time="0.589" /><testcase classname="backend.tests.test_sync_activity_digest.TestDigestToday" name="test_seeded_counts" time="0.207" /><testcase classname="backend.tests.test_sync_activity_digest.TestDigestToday" name="test_recent_hydrated_with_lead_name" time="0.128" /><testcase classname="backend.tests.test_sync_activity_digest.TestDigestToday" name="test_unauthenticated" time="0.138" /></testsuite></testsuites>