<?xml version="1.0" encoding="utf-8"?><testsuites name="pytest tests"><testsuite name="pytest" errors="0" failures="0" skipped="0" tests="11" time="2.383" timestamp="2026-04-29T14:15:18.540988+00:00" hostname="agent-env-0ba9a290-1bd1-435d-b5fb-f5291b2cace4"><testcase classname="backend.tests.test_iter18_eod_pipeline_followups.TestEodWrap" name="test_config_get_returns_defaults_or_existing" time="0.509" /><testcase classname="backend.tests.test_iter18_eod_pipeline_followups.TestEodWrap" name="test_config_put_persists" time="0.235" /><testcase classname="backend.tests.test_iter18_eod_pipeline_followups.TestEodWrap" name="test_config_put_disable_persists" time="0.243" /><testcase classname="backend.tests.test_iter18_eod_pipeline_followups.TestEodWrap" name="test_preview_returns_html_and_wrap_keys" time="0.134" /><testcase classname="backend.tests.test_iter18_eod_pipeline_followups.TestEodWrap" name="test_send_now_attempts_send" time="0.321" /><testcase classname="backend.tests.test_iter18_eod_pipeline_followups.TestEodWrap" name="test_unauth_blocked" time="0.129" /><testcase classname="backend.tests.test_iter18_eod_pipeline_followups.TestRegressions" name="test_daily_call_plan_config" time="0.236" /><testcase classname="backend.tests.test_iter18_eod_pipeline_followups.TestRegressions" name="test_founder_command_center" time="0.117" /><testcase classname="backend.tests.test_iter18_eod_pipeline_followups.TestRegressions" name="test_leads" time="0.127" /><testcase classname="backend.tests.test_iter18_eod_pipeline_followups.TestRegressions" name="test_analytics_dashboard" time="0.113" /><testcase classname="backend.tests.test_iter18_eod_pipeline_followups.TestRegressions" name="test_call_priority" time="0.140" /></testsuite></testsuites>