<?xml version="1.0" encoding="utf-8"?><testsuites name="pytest tests"><testsuite name="pytest" errors="0" failures="0" skipped="0" tests="17" time="5.073" timestamp="2026-05-09T11:06:35.401400+00:00" hostname="agent-env-0ba9a290-1bd1-435d-b5fb-f5291b2cace4"><testcase classname="backend.tests.test_iter28_invites_whatsapp.TestInvitations" name="test_create_invite_with_email_sends_resend" time="0.943" /><testcase classname="backend.tests.test_iter28_invites_whatsapp.TestInvitations" name="test_create_invite_no_email_skipped" time="0.253" /><testcase classname="backend.tests.test_iter28_invites_whatsapp.TestInvitations" name="test_resend_increments_counter" time="0.400" /><testcase classname="backend.tests.test_iter28_invites_whatsapp.TestInvitations" name="test_resend_404_for_unknown" time="0.114" /><testcase classname="backend.tests.test_iter28_invites_whatsapp.TestInvitations" name="test_resend_400_no_email" time="0.373" /><testcase classname="backend.tests.test_iter28_invites_whatsapp.TestInvitations" name="test_role_gating_member_rejected" time="0.458" /><testcase classname="backend.tests.test_iter28_invites_whatsapp.TestInvitations" name="test_cleanup_remaining_invite" time="0.116" /><testcase classname="backend.tests.test_iter28_invites_whatsapp.TestWhatsAppProviders" name="test_get_default_summary" time="0.321" /><testcase classname="backend.tests.test_iter28_invites_whatsapp.TestWhatsAppProviders" name="test_save_360dialog_credentials" time="0.117" /><testcase classname="backend.tests.test_iter28_invites_whatsapp.TestWhatsAppProviders" name="test_save_meta_credentials_and_switch" time="0.125" /><testcase classname="backend.tests.test_iter28_invites_whatsapp.TestWhatsAppProviders" name="test_switch_provider_without_api_key_preserves_secret" time="0.107" /><testcase classname="backend.tests.test_iter28_invites_whatsapp.TestWhatsAppProviders" name="test_test_connection_360dialog_fake_key_fails" time="0.552" /><testcase classname="backend.tests.test_iter28_invites_whatsapp.TestWhatsAppProviders" name="test_delete_360dialog_falls_back_to_meta" time="0.101" /><testcase classname="backend.tests.test_iter28_invites_whatsapp.TestWhatsAppProviders" name="test_delete_meta_clears_provider" time="0.110" /><testcase classname="backend.tests.test_iter28_invites_whatsapp.TestWhatsAppProviders" name="test_test_connection_no_provider_returns_400" time="0.127" /><testcase classname="backend.tests.test_iter28_invites_whatsapp.TestWhatsAppProviders" name="test_cross_tenant_isolation" time="0.467" /><testcase classname="backend.tests.test_iter28_invites_whatsapp.TestDispatchHelper" name="test_helper_module_exists_and_returns_not_configured" time="0.314" /></testsuite></testsuites>