<?xml version="1.0" encoding="utf-8"?><testsuites name="pytest tests"><testsuite name="pytest" errors="0" failures="0" skipped="0" tests="26" time="15.535" timestamp="2026-05-22T11:00:58.641900+00:00" hostname="agent-env-0ba9a290-1bd1-435d-b5fb-f5291b2cace4"><testcase classname="backend.tests.test_iter74_aria_agent_refactor" name="test_aria_get_endpoint_200[/api/aria-agent/training]" time="0.692" /><testcase classname="backend.tests.test_iter74_aria_agent_refactor" name="test_aria_get_endpoint_200[/api/aria-agent/playbooks]" time="0.102" /><testcase classname="backend.tests.test_iter74_aria_agent_refactor" name="test_aria_get_endpoint_200[/api/aria-agent/journeys/default]" time="0.110" /><testcase classname="backend.tests.test_iter74_aria_agent_refactor" name="test_aria_get_endpoint_200[/api/aria-agent/handoff/rules]" time="0.109" /><testcase classname="backend.tests.test_iter74_aria_agent_refactor" name="test_aria_get_endpoint_200[/api/aria-agent/handoff/alerts]" time="0.118" /><testcase classname="backend.tests.test_iter74_aria_agent_refactor" name="test_aria_get_endpoint_200[/api/aria-agent/revival/segments]" time="0.108" /><testcase classname="backend.tests.test_iter74_aria_agent_refactor" name="test_aria_get_endpoint_200[/api/aria-agent/agent-activity]" time="0.111" /><testcase classname="backend.tests.test_iter74_aria_agent_refactor" name="test_aria_get_endpoint_200[/api/aria-agent/insights]" time="0.108" /><testcase classname="backend.tests.test_iter74_aria_agent_refactor" name="test_aria_get_endpoint_200[/api/aria-agent/assets/catalog]" time="0.109" /><testcase classname="backend.tests.test_iter74_aria_agent_refactor" name="test_aria_get_endpoint_200[/api/aria-agent/assets]" time="0.105" /><testcase classname="backend.tests.test_iter74_aria_agent_refactor" name="test_aria_get_endpoint_200[/api/aria-agent/brain]" time="0.117" /><testcase classname="backend.tests.test_iter74_aria_agent_refactor" name="test_aria_get_endpoint_200[/api/aria-agent/weekly-recap]" time="0.132" /><testcase classname="backend.tests.test_iter74_aria_agent_refactor" name="test_aria_get_endpoint_200[/api/aria-agent/workspace/stories]" time="0.159" /><testcase classname="backend.tests.test_iter74_aria_agent_refactor" name="test_aria_get_endpoint_200[/api/aria-agent/workspace/feed]" time="0.114" /><testcase classname="backend.tests.test_iter74_aria_agent_refactor" name="test_aria_get_endpoint_200[/api/aria-agent/workspace/pipeline-mood]" time="0.114" /><testcase classname="backend.tests.test_iter74_aria_agent_refactor" name="test_aria_get_endpoint_200[/api/aria-agent/workspace/morning-brief]" time="0.129" /><testcase classname="backend.tests.test_iter74_aria_agent_refactor" name="test_put_training_persists" time="0.214" /><testcase classname="backend.tests.test_iter74_aria_agent_refactor" name="test_playbook_activate_deactivate_roundtrip" time="0.343" /><testcase classname="backend.tests.test_iter74_aria_agent_refactor" name="test_asset_crud_flow" time="0.544" /><testcase classname="backend.tests.test_iter74_aria_agent_refactor" name="test_workspace_story_card" time="0.234" /><testcase classname="backend.tests.test_iter74_aria_agent_refactor" name="test_founder_brief" time="10.914" /><testcase classname="backend.tests.test_iter74_aria_agent_refactor" name="test_aria_read" time="0.138" /><testcase classname="backend.tests.test_iter73_touchpoints_extracted_persistence.TestTouchpointsExtractedPersistence" name="test_publish_includes_touchpoints_extracted_count" time="0.449" /><testcase classname="backend.tests.test_iter73_touchpoints_extracted_persistence.TestTouchpointsExtractedPersistence" name="test_persisted_in_tenant_settings_automap_summary" time="0.005" /><testcase classname="backend.tests.test_iter73_touchpoints_extracted_persistence.TestTouchpointsExtractedPersistence" name="test_publish_with_empty_touchpoints_extracted_resets" time="0.057" /><testcase classname="backend.tests.test_iter73_touchpoints_extracted_persistence.TestTouchpointsExtractedPersistence" name="test_publish_payload_accepts_user_edits" time="0.052" /></testsuite></testsuites>