<?xml version="1.0" encoding="utf-8"?><testsuites name="pytest tests"><testsuite name="pytest" errors="0" failures="3" skipped="0" tests="26" time="15.852" timestamp="2026-05-22T10:41:14.044731+00:00" hostname="agent-env-0ba9a290-1bd1-435d-b5fb-f5291b2cace4"><testcase classname="backend.tests.test_iter74_aria_agent_refactor" name="test_aria_get_endpoint_200[/api/aria-agent/training]" time="0.629" /><testcase classname="backend.tests.test_iter74_aria_agent_refactor" name="test_aria_get_endpoint_200[/api/aria-agent/playbooks]" time="0.140" /><testcase classname="backend.tests.test_iter74_aria_agent_refactor" name="test_aria_get_endpoint_200[/api/aria-agent/journeys/default]" time="0.129" /><testcase classname="backend.tests.test_iter74_aria_agent_refactor" name="test_aria_get_endpoint_200[/api/aria-agent/handoff/rules]" time="0.110" /><testcase classname="backend.tests.test_iter74_aria_agent_refactor" name="test_aria_get_endpoint_200[/api/aria-agent/handoff/alerts]" time="0.109" /><testcase classname="backend.tests.test_iter74_aria_agent_refactor" name="test_aria_get_endpoint_200[/api/aria-agent/revival/segments]" time="0.108" /><testcase classname="backend.tests.test_iter74_aria_agent_refactor" name="test_aria_get_endpoint_200[/api/aria-agent/agent-activity]" time="0.109" /><testcase classname="backend.tests.test_iter74_aria_agent_refactor" name="test_aria_get_endpoint_200[/api/aria-agent/insights]" time="0.110" /><testcase classname="backend.tests.test_iter74_aria_agent_refactor" name="test_aria_get_endpoint_200[/api/aria-agent/assets/catalog]" time="0.121" /><testcase classname="backend.tests.test_iter74_aria_agent_refactor" name="test_aria_get_endpoint_200[/api/aria-agent/assets]" time="0.114" /><testcase classname="backend.tests.test_iter74_aria_agent_refactor" name="test_aria_get_endpoint_200[/api/aria-agent/brain]" time="0.137" /><testcase classname="backend.tests.test_iter74_aria_agent_refactor" name="test_aria_get_endpoint_200[/api/aria-agent/weekly-recap]" time="0.145" /><testcase classname="backend.tests.test_iter74_aria_agent_refactor" name="test_aria_get_endpoint_200[/api/aria-agent/workspace/stories]" time="0.109" /><testcase classname="backend.tests.test_iter74_aria_agent_refactor" name="test_aria_get_endpoint_200[/api/aria-agent/workspace/feed]" time="0.116" /><testcase classname="backend.tests.test_iter74_aria_agent_refactor" name="test_aria_get_endpoint_200[/api/aria-agent/workspace/pipeline-mood]" time="0.118" /><testcase classname="backend.tests.test_iter74_aria_agent_refactor" name="test_aria_get_endpoint_200[/api/aria-agent/workspace/morning-brief]" time="0.124" /><testcase classname="backend.tests.test_iter74_aria_agent_refactor" name="test_put_training_persists" time="0.236" /><testcase classname="backend.tests.test_iter74_aria_agent_refactor" name="test_playbook_activate_deactivate_roundtrip" time="0.352" /><testcase classname="backend.tests.test_iter74_aria_agent_refactor" name="test_asset_crud_flow" time="0.534" /><testcase classname="backend.tests.test_iter74_aria_agent_refactor" name="test_workspace_story_card" time="0.285" /><testcase classname="backend.tests.test_iter74_aria_agent_refactor" name="test_founder_brief" time="11.133" /><testcase classname="backend.tests.test_iter74_aria_agent_refactor" name="test_aria_read" time="0.144" /><testcase classname="backend.tests.test_iter73_touchpoints_extracted_persistence.TestTouchpointsExtractedPersistence" name="test_publish_includes_touchpoints_extracted_count" time="0.451" /><testcase classname="backend.tests.test_iter73_touchpoints_extracted_persistence.TestTouchpointsExtractedPersistence" name="test_persisted_in_tenant_settings_automap_summary" time="0.005"><failure message="AssertionError: Tenant not found in MongoDB&#10;assert None">backend/tests/test_iter73_touchpoints_extracted_persistence.py:112: in test_persisted_in_tenant_settings_automap_summary
    assert tenant, "Tenant not found in MongoDB"
E   AssertionError: Tenant not found in MongoDB
E   assert None</failure></testcase><testcase classname="backend.tests.test_iter73_touchpoints_extracted_persistence.TestTouchpointsExtractedPersistence" name="test_publish_with_empty_touchpoints_extracted_resets" time="0.056"><failure message="AttributeError: 'NoneType' object has no attribute 'get'">backend/tests/test_iter73_touchpoints_extracted_persistence.py:136: in test_publish_with_empty_touchpoints_extracted_resets
    automap = (tenant.get("settings") or {}).get("automap_summary") or {}
               ^^^^^^^^^^
E   AttributeError: 'NoneType' object has no attribute 'get'</failure></testcase><testcase classname="backend.tests.test_iter73_touchpoints_extracted_persistence.TestTouchpointsExtractedPersistence" name="test_publish_payload_accepts_user_edits" time="0.053"><failure message="assert 0 == 1&#10; +  where 0 = len([])">backend/tests/test_iter73_touchpoints_extracted_persistence.py:159: in test_publish_payload_accepts_user_edits
    assert len(tps) == 1
E   assert 0 == 1
E    +  where 0 = len([])</failure></testcase></testsuite></testsuites>