<?xml version="1.0" encoding="utf-8"?><testsuites name="pytest tests"><testsuite name="pytest" errors="0" failures="1" skipped="0" tests="16" time="5.581" timestamp="2026-05-23T10:07:59.293909+00:00" hostname="agent-env-0ba9a290-1bd1-435d-b5fb-f5291b2cace4"><testcase classname="backend.tests.test_iter85_email_signature_attachment_handshake.TestGetConfigSignatureFields" name="test_get_fresh_state_has_signature_html_empty_and_flag_false" time="0.593" /><testcase classname="backend.tests.test_iter85_email_signature_attachment_handshake.TestSaveConfigSignatureAndHandshake" name="test_save_signature_persists_and_flag_flips" time="0.439" /><testcase classname="backend.tests.test_iter85_email_signature_attachment_handshake.TestSaveConfigSignatureAndHandshake" name="test_save_with_real_key_handshake_ok_true_lists_genleadai_domain" time="0.266" /><testcase classname="backend.tests.test_iter85_email_signature_attachment_handshake.TestSaveConfigSignatureAndHandshake" name="test_save_with_fake_key_handshake_ok_false_message_rejected" time="0.224"><failure message="AssertionError: expected 'Resend rejected the API key' phrase per review-request, got: 'Resend returned 400.' (BUG: verify_resend_handshake at routes/pt_email.py only handles 401, but Resend returns 400 for invalid keys)&#10;assert 'resend rejected the api key' in 'resend returned 400.'">backend/tests/test_iter85_email_signature_attachment_handshake.py:195: in test_save_with_fake_key_handshake_ok_false_message_rejected
    assert "resend rejected the api key" in msg, (
E   AssertionError: expected 'Resend rejected the API key' phrase per review-request, got: 'Resend returned 400.' (BUG: verify_resend_handshake at routes/pt_email.py only handles 401, but Resend returns 400 for invalid keys)
E   assert 'resend rejected the api key' in 'resend returned 400.'</failure></testcase><testcase classname="backend.tests.test_iter85_email_signature_attachment_handshake.TestTestSendSignatureAttachment" name="test_test_send_with_signature_true_appends_signature" time="0.527" /><testcase classname="backend.tests.test_iter85_email_signature_attachment_handshake.TestTestSendSignatureAttachment" name="test_test_send_with_signature_false_does_not_append" time="0.547" /><testcase classname="backend.tests.test_iter85_email_signature_attachment_handshake.TestTestSendSignatureAttachment" name="test_test_send_with_valid_attachment_count_1" time="0.756" /><testcase classname="backend.tests.test_iter85_email_signature_attachment_handshake.TestTestSendSignatureAttachment" name="test_test_send_with_nonexistent_attachment_silently_drops" time="0.656" /><testcase classname="backend.tests.test_iter85_email_signature_attachment_handshake.TestTestSendSignatureAttachment" name="test_test_send_path_traversal_silently_dropped" time="0.329" /><testcase classname="backend.tests.test_iter85_email_signature_attachment_handshake.TestConcurrentSafeKeySwap" name="test_legacy_send_lead_magnet_endpoint_not_broken" time="0.122" /><testcase classname="backend.tests.test_iter85_email_signature_attachment_handshake.TestSalesRepStillBlocked" name="test_sales_rep_blocked_on_email_config_save" time="0.450" /><testcase classname="backend.tests.test_iter85_email_signature_attachment_handshake.TestSalesRepStillBlocked" name="test_sales_rep_blocked_on_email_test_send" time="0.105" /><testcase classname="backend.tests.test_iter85_email_signature_attachment_handshake.TestRegressionPriorIters" name="test_pt_overview_200" time="0.116" /><testcase classname="backend.tests.test_iter85_email_signature_attachment_handshake.TestRegressionPriorIters" name="test_pt_leads_200" time="0.115" /><testcase classname="backend.tests.test_iter85_email_signature_attachment_handshake.TestRegressionPriorIters" name="test_auto_map_publish_empty_payload_200" time="0.098" /><testcase classname="backend.tests.test_iter85_email_signature_attachment_handshake.TestRegressionPriorIters" name="test_saleshandy_test_no_raw_leak" time="0.099" /></testsuite></testsuites>