<?xml version="1.0" encoding="utf-8"?><testsuites name="pytest tests"><testsuite name="pytest" errors="0" failures="0" skipped="0" tests="33" time="31.176" timestamp="2026-05-23T08:32:10.283540+00:00" hostname="agent-env-0ba9a290-1bd1-435d-b5fb-f5291b2cace4"><testcase classname="backend.tests.test_iter80_s95_integration.TestHappyPathRegression" name="test_login_success" time="5.462" /><testcase classname="backend.tests.test_iter80_s95_integration.TestHappyPathRegression" name="test_leads_search_safe" time="0.101" /><testcase classname="backend.tests.test_iter80_s95_integration.TestHappyPathRegression" name="test_leads_search_with_dollar_prefix_no_500" time="0.102" /><testcase classname="backend.tests.test_iter80_s95_integration.TestHappyPathRegression" name="test_conversations_threads_search" time="0.106" /><testcase classname="backend.tests.test_iter80_s95_integration.TestHappyPathRegression" name="test_workspace_stories" time="0.113" /><testcase classname="backend.tests.test_iter80_s95_integration.TestHappyPathRegression" name="test_workspace_feed" time="0.109" /><testcase classname="backend.tests.test_iter80_s95_integration.TestHappyPathRegression" name="test_workspace_morning_brief" time="0.103" /><testcase classname="backend.tests.test_iter80_s95_integration.TestHappyPathRegression" name="test_workspace_pipeline_mood" time="0.110" /><testcase classname="backend.tests.test_iter80_s95_integration.TestBroadcastsNoSQLGuards" name="test_broadcast_preview_normal_filter" time="0.104" /><testcase classname="backend.tests.test_iter80_s95_integration.TestBroadcastsNoSQLGuards" name="test_broadcast_preview_strips_ne_operator" time="0.107" /><testcase classname="backend.tests.test_iter80_s95_integration.TestBroadcastsNoSQLGuards" name="test_broadcast_preview_strips_top_level_where" time="0.096" /><testcase classname="backend.tests.test_iter80_s95_integration.TestBroadcastsNoSQLGuards" name="test_broadcasts_create_strips_dollar_keys" time="0.102" /><testcase classname="backend.tests.test_iter80_s95_integration.TestPromptInjectionHardening" name="test_ask_reply_with_system_tag_succeeds" time="3.110" /><testcase classname="backend.tests.test_iter80_s95_integration.TestPromptInjectionHardening" name="test_ask_reply_invalid_lead_404_not_500" time="0.123" /><testcase classname="backend.tests.test_iter80_s95_integration.TestBriefsInvalidLead" name="test_founder_brief_invalid_id_format" time="0.109" /><testcase classname="backend.tests.test_iter80_s95_integration.TestBriefsInvalidLead" name="test_founder_brief_nonexistent_id" time="0.113" /><testcase classname="backend.tests.test_iter80_s95_integration.TestBriefsInvalidLead" name="test_aria_read_invalid_id_format" time="0.107" /><testcase classname="backend.tests.test_iter80_s95_integration.TestRateLimits" name="test_aria_read_429_after_20" time="8.309" /><testcase classname="backend.tests.test_iter80_s95_integration.TestRateLimits" name="test_auth_login_429_after_10" time="5.520" /><testcase classname="backend.tests.test_iter80_s95_integration.TestRateLimits" name="test_founder_brief_429_after_10" time="7.077" /><testcase classname="backend.tests.test_iter80_s95_security" name="test_sanitise_strips_system_tags" time="0.000" /><testcase classname="backend.tests.test_iter80_s95_security" name="test_sanitise_strips_ignore_instructions" time="0.000" /><testcase classname="backend.tests.test_iter80_s95_security" name="test_sanitise_strips_assistant_and_user_tags" time="0.000" /><testcase classname="backend.tests.test_iter80_s95_security" name="test_sanitise_truncates_long_payloads" time="0.000" /><testcase classname="backend.tests.test_iter80_s95_security" name="test_sanitise_handles_none_and_empty" time="0.000" /><testcase classname="backend.tests.test_iter80_s95_security" name="test_safe_filter_strips_dollar_keys" time="0.000" /><testcase classname="backend.tests.test_iter80_s95_security" name="test_safe_filter_strips_top_level_dollar_keys" time="0.000" /><testcase classname="backend.tests.test_iter80_s95_security" name="test_safe_filter_handles_nested_lists" time="0.000" /><testcase classname="backend.tests.test_iter80_s95_security" name="test_safe_query_param_strips_leading_dollar_and_caps_length" time="0.000" /><testcase classname="backend.tests.test_iter80_s95_security" name="test_encrypt_decrypt_roundtrip" time="0.003" /><testcase classname="backend.tests.test_iter80_s95_security" name="test_encrypt_is_idempotent" time="0.000" /><testcase classname="backend.tests.test_iter80_s95_security" name="test_decrypt_passthrough_for_unencrypted" time="0.000" /><testcase classname="backend.tests.test_iter80_s95_security" name="test_encrypt_handles_none_and_empty" time="0.000" /></testsuite></testsuites>