<?xml version="1.0" encoding="utf-8"?><testsuites name="pytest tests"><testsuite name="pytest" errors="0" failures="7" skipped="0" tests="40" time="33.856" timestamp="2026-05-30T15:04:22.229205+00:00" hostname="agent-env-0ba9a290-1bd1-435d-b5fb-f5291b2cace4"><testcase classname="tests.test_iter137_p1_fixes.TestFix1EodWrapSendNow" name="test_send_now_returns_structured_503_not_500" time="0.773" /><testcase classname="tests.test_iter137_p1_fixes.TestFix2EodWrapLast" name="test_last_endpoint_exists_and_has_shape" time="0.129" /><testcase classname="tests.test_iter137_p1_fixes.TestFix3JourneyGenerateAsync" name="test_kickoff_returns_job_id_fast" time="0.124" /><testcase classname="tests.test_iter137_p1_fixes.TestFix3JourneyGenerateAsync" name="test_job_poll_completes" time="21.225" /><testcase classname="tests.test_iter137_p1_fixes.TestFix3JourneyGenerateAsync" name="test_bogus_job_id_returns_404" time="0.142" /><testcase classname="tests.test_iter137_p1_fixes.TestFix3JourneyGenerateAsync" name="test_cross_tenant_isolation_404" time="0.117" /><testcase classname="tests.test_iter137_p1_fixes.TestRegressionSiblingNotifs" name="test_morning_brief_last_still_200" time="0.109" /><testcase classname="tests.test_iter137_p1_fixes.TestRegressionSiblingNotifs" name="test_approval_digest_last_still_200" time="0.110" /><testcase classname="tests.test_iter137_p1_fixes.TestRegressionSiblingNotifs" name="test_morning_brief_send_now" time="0.301" /><testcase classname="tests.test_iter137_p1_fixes.TestRegressionSiblingNotifs" name="test_approval_digest_send_now" time="0.105" /><testcase classname="tests.test_iter137_p1_fixes.TestRegressionJourneyCrud" name="test_list_touchpoints" time="1.130" /><testcase classname="tests.test_iter137_p1_fixes.TestRegressionJourneyCrud" name="test_create_patch_delete_cycle" time="0.454" /><testcase classname="tests.test_iter135_full_regression" name="test_login_returns_token" time="0.353" /><testcase classname="tests.test_iter135_full_regression" name="test_tenants_me" time="0.059" /><testcase classname="tests.test_iter135_full_regression" name="test_leads_counts" time="0.060"><failure message="AssertionError: missing hot in {'total': 138, 'by_stage': {'qualified': 3, 'nurturing': 0, 'new': 25, 'cold': 0}, 'by_status_raw': {'new': 25, 'qualified': 3, 'Closed Lost': 1, 'closed_won': 1, 'closed_lost': 101, 'Closed Won': 7}, 'pipeline_snapshot': {'total': 138, 'qualified': 3, 'nurturing': 0, 'needs_attention': 14, 'calls_booked_week': 0}}&#10;assert 'hot' in {'by_stage': {'cold': 0, 'new': 25, 'nurturing': 0, 'qualified': 3}, 'by_status_raw': {'Closed Lost': 1, 'Closed Won': 7, 'closed_lost': 101, 'closed_won': 1, ...}, 'pipeline_snapshot': {'calls_booked_week': 0, 'needs_attention': 14, 'nurturing': 0, 'qualified': 3, ...}, 'total': 138}">E   AssertionError: missing hot in {'total': 138, 'by_stage': {'qualified': 3, 'nurturing': 0, 'new': 25, 'cold': 0}, 'by_status_raw': {'new': 25, 'qualified': 3, 'Closed Lost': 1, 'closed_won': 1, 'closed_lost': 101, 'Closed Won': 7}, 'pipeline_snapshot': {'total': 138, 'qualified': 3, 'nurturing': 0, 'needs_attention': 14, 'calls_booked_week': 0}}
    assert 'hot' in {'by_stage': {'cold': 0, 'new': 25, 'nurturing': 0, 'qualified': 3}, 'by_status_raw': {'Closed Lost': 1, 'Closed Won': 7, 'closed_lost': 101, 'closed_won': 1, ...}, 'pipeline_snapshot': {'calls_booked_week': 0, 'needs_attention': 14, 'nurturing': 0, 'qualified': 3, ...}, 'total': 138}</failure></testcase><testcase classname="tests.test_iter135_full_regression" name="test_pipeline_snapshot" time="0.184"><failure message="Failed: no pipeline snapshot endpoint worked: ('/api/pipeline/snapshot', 404, '{&quot;detail&quot;:&quot;Not Found&quot;}')">E   Failed: no pipeline snapshot endpoint worked: ('/api/pipeline/snapshot', 404, '{"detail":"Not Found"}')</failure></testcase><testcase classname="tests.test_iter135_full_regression" name="test_lead_overview" time="0.107" /><testcase classname="tests.test_iter135_full_regression" name="test_lead_intel_profile" time="0.058" /><testcase classname="tests.test_iter135_full_regression" name="test_lead_conversations" time="0.063" /><testcase classname="tests.test_iter135_full_regression" name="test_lead_activities" time="0.058"><failure message="AssertionError: {&quot;detail&quot;:&quot;Method Not Allowed&quot;}&#10;assert 405 == 200&#10; +  where 405 = &lt;Response [405]&gt;.status_code">E   AssertionError: {"detail":"Method Not Allowed"}
    assert 405 == 200
     +  where 405 = &lt;Response [405]&gt;.status_code</failure></testcase><testcase classname="tests.test_iter135_full_regression" name="test_draft_with_aria_variants" time="3.731"><failure message="AssertionError: expected 3 variants got 0: {'channel': 'email', 'draft': &quot;Hi there,\n\nI noticed your profile but realize I don't have much context on your current priorities. I'm reaching out because we help companies streamline their sales processes, but I want to make sure there's actually a fit before taking up your time.\n\nWould it make sense to have a brief conversation about what you're focused on right now?\n\nTEST_csv_iter136@x.com&quot;, 'subject': 'Quick question', 'ai_powered': True, 'has_intel': False, 'attempt': 1, 'max_attempts': 3, 'error': None}&#10;assert (True and 0 == 3)&#10; +  where True = isinstance([], list)&#10; +  and   0 = len([])">E   AssertionError: expected 3 variants got 0: {'channel': 'email', 'draft': "Hi there,\n\nI noticed your profile but realize I don't have much context on your current priorities. I'm reaching out because we help companies streamline their sales processes, but I want to make sure there's actually a fit before taking up your time.\n\nWould it make sense to have a brief conversation about what you're focused on right now?\n\nTEST_csv_iter136@x.com", 'subject': 'Quick question', 'ai_powered': True, 'has_intel': False, 'attempt': 1, 'max_attempts': 3, 'error': None}
    assert (True and 0 == 3)
     +  where True = isinstance([], list)
     +  and   0 = len([])</failure></testcase><testcase classname="tests.test_iter135_full_regression" name="test_voice_seeds_crud" time="0.055"><failure message="AssertionError: {&quot;detail&quot;:&quot;text: Field required&quot;}&#10;assert 422 in (200, 201)&#10; +  where 422 = &lt;Response [422]&gt;.status_code">E   AssertionError: {"detail":"text: Field required"}
    assert 422 in (200, 201)
     +  where 422 = &lt;Response [422]&gt;.status_code</failure></testcase><testcase classname="tests.test_iter135_full_regression" name="test_scan_hot_batch" time="0.057"><failure message="AssertionError: missing processed in {'queued': 28, 'leads': [{'lead_id': '69df5f8410ff1b6e41ead21c', 'name': 'Finley Mitchell', 'icp_score': 95, 'icp_tier': 'hot', 'source': 'legacy'}, {'lead_id': '69f2051e47eadcfc49c01ad9', 'name': 'Sasha Ivanov', 'icp_score': 95, 'icp_tier': 'A', 'source': 'legacy'}, {'lead_id': '69df5f8410ff1b6e41ead225', 'name': 'Quinn Varma', 'icp_score': 93, 'icp_tier': 'hot', 'source': 'legacy'}, {'lead_id': '69f2051e47eadcfc49c01ad4', 'name': 'Quinn Varma', 'icp_score': 93, 'icp_tier': 'A', 'source': 'legacy'}, {'lead_id': '69f2051e47eadcfc49c01aeb', 'name': 'Ben Sokolov', 'icp_score': 92, 'icp_tier': 'A', 'source': 'legacy'}, {'lead_id': '69df5f8410ff1b6e41ead223', 'name': 'Olivia Thompson', 'icp_score': 91, 'icp_tier': 'hot', 'source': 'legacy'}, {'lead_id': '69f2051e47eadcfc49c01ae0', 'name': 'Theo Ndiaye', 'icp_score': 91, 'icp_tier': 'A', 'source': 'legacy'}, {'lead_id': '69df5f8410ff1b6e41ead214', 'name': 'Casey Evans', 'icp_score': 90, 'icp_tier': 'hot', 'source': 'legacy'}, {'lead_id': '69df5f8410ff1b6e41ead22a', 'name': 'Val Baker', 'icp_score': 90, 'icp_tier': 'hot', 'source': 'legacy'}, {'lead_id': '69df5f8410ff1b6e41ead232', 'name': 'Diana Jones', 'icp_score': 90, 'icp_tier': 'hot', 'source': 'legacy'}, {'lead_id': '69f2051e47eadcfc49c01ae8', 'name': 'Aisha Karim', 'icp_score': 89, 'icp_tier': 'A', 'source': 'legacy'}, {'lead_id': '69f2051e47eadcfc49c01ad7', 'name': 'Priya Menon', 'icp_score': 88, 'icp_tier': 'A', 'source': 'legacy'}, {'lead_id': '69f2051e47eadcfc49c01ae2', 'name': 'Owen Brewster', 'icp_score': 86, 'icp_tier': 'A', 'source': 'legacy'}, {'lead_id': '69df5f8410ff1b6e41ead21d', 'name': 'Harper Nguyen', 'icp_score': 85, 'icp_tier': 'hot', 'source': 'legacy'}, {'lead_id': '69df6f1e3e197ef1ceb4e383', 'name': 'Test Lead', 'icp_score': 85, 'icp_tier': 'hot', 'source': 'legacy'}, {'lead_id': '69df5f8410ff1b6e41ead22f', 'name': 'Aiden Green', 'icp_score': 84, 'icp_tier': 'hot', 'source': 'legacy'}, {'lead_id': '69df5f8410ff1b6e41ead23f', 'name': 'Rosa Yang', 'icp_score': 84, 'icp_tier': 'hot', 'source': 'legacy'}, {'lead_id': '69f2051e47eadcfc49c01ade', 'name': 'Rahul Bhatt', 'icp_score': 84, 'icp_tier': 'A', 'source': 'legacy'}, {'lead_id': '69df5f8410ff1b6e41ead21a', 'name': 'Dakota Kumar', 'icp_score': 83, 'icp_tier': 'hot', 'source': 'legacy'}, {'lead_id': '69df5f8410ff1b6e41ead236', 'name': 'Henry Nelson', 'icp_score': 83, 'icp_tier': 'hot', 'source': 'legacy'}, {'lead_id': '69f2051e47eadcfc49c01ad5', 'name': 'Amelia Cordeiro', 'icp_score': 82, 'icp_tier': 'A', 'source': 'legacy'}, {'lead_id': '69f2051e47eadcfc49c01ae7', 'name': 'Liam Wallace', 'icp_score': 81, 'icp_tier': 'A', 'source': 'legacy'}, {'lead_id': '69df5f8410ff1b6e41ead21f', 'name': 'Kai Patel', 'icp_score': 79, 'icp_tier': 'hot', 'source': 'legacy'}, {'lead_id': '69df5f8410ff1b6e41ead22d', 'name': 'Yael Edwards', 'icp_score': 78, 'icp_tier': 'hot', 'source': 'legacy'}, {'lead_id': '69df5f8410ff1b6e41ead23c', 'name': 'Nora Underwood', 'icp_score': 76, 'icp_tier': 'hot', 'source': 'legacy'}, {'lead_id': '69df7388cc98bc5ae39df9b2', 'name': 'Test Lead', 'icp_score': 75, 'icp_tier': 'hot', 'source': 'legacy'}, {'lead_id': '69df5f8410ff1b6e41ead213', 'name': 'Morgan Davis', 'icp_score': 73, 'icp_tier': 'hot', 'source': 'legacy'}, {'lead_id': '69df5f8410ff1b6e41ead21b', 'name': 'Emery Lee', 'icp_score': 70, 'icp_tier': 'hot', 'source': 'legacy'}], 'threshold': 80, 'batch_id': '30233dcc52cb45bc942a6f8661caedf8', 'message': &quot;Queued intel scans for 28 hot lead(s). Results appear in each lead's Intel tab as they complete.&quot;}&#10;assert 'processed' in {'batch_id': '30233dcc52cb45bc942a6f8661caedf8', 'leads': [{'icp_score': 95, 'icp_tier': 'hot', 'lead_id': '69df5f8410ff1b6e41ead21c', 'name': 'Finley Mitchell', ...}, {'icp_score': 95, 'icp_tier': 'A', 'lead_id': '69f2051e47eadcfc49c01ad9', 'name': 'Sasha Ivanov', ...}, {'icp_score': 93, 'icp_tier': 'hot', 'lead_id': '69df5f8410ff1b6e41ead225', 'name': 'Quinn Varma', ...}, {'icp_score': 93, 'icp_tier': 'A', 'lead_id': '69f2051e47eadcfc49c01ad4', 'name': 'Quinn Varma', ...}, {'icp_score': 92, 'icp_tier': 'A', 'lead_id': '69f2051e47eadcfc49c01aeb', 'name': 'Ben Sokolov', ...}, {'icp_score': 91, 'icp_tier': 'hot', 'lead_id': '69df5f8410ff1b6e41ead223', 'name': 'Olivia Thompson', ...}, ...], 'message': &quot;Queued intel scans for 28 hot lead(s). Results appear in each lead's Intel tab as they complete.&quot;, 'queued': 28, ...}">E   AssertionError: missing processed in {'queued': 28, 'leads': [{'lead_id': '69df5f8410ff1b6e41ead21c', 'name': 'Finley Mitchell', 'icp_score': 95, 'icp_tier': 'hot', 'source': 'legacy'}, {'lead_id': '69f2051e47eadcfc49c01ad9', 'name': 'Sasha Ivanov', 'icp_score': 95, 'icp_tier': 'A', 'source': 'legacy'}, {'lead_id': '69df5f8410ff1b6e41ead225', 'name': 'Quinn Varma', 'icp_score': 93, 'icp_tier': 'hot', 'source': 'legacy'}, {'lead_id': '69f2051e47eadcfc49c01ad4', 'name': 'Quinn Varma', 'icp_score': 93, 'icp_tier': 'A', 'source': 'legacy'}, {'lead_id': '69f2051e47eadcfc49c01aeb', 'name': 'Ben Sokolov', 'icp_score': 92, 'icp_tier': 'A', 'source': 'legacy'}, {'lead_id': '69df5f8410ff1b6e41ead223', 'name': 'Olivia Thompson', 'icp_score': 91, 'icp_tier': 'hot', 'source': 'legacy'}, {'lead_id': '69f2051e47eadcfc49c01ae0', 'name': 'Theo Ndiaye', 'icp_score': 91, 'icp_tier': 'A', 'source': 'legacy'}, {'lead_id': '69df5f8410ff1b6e41ead214', 'name': 'Casey Evans', 'icp_score': 90, 'icp_tier': 'hot', 'source': 'legacy'}, {'lead_id': '69df5f8410ff1b6e41ead22a', 'name': 'Val Baker', 'icp_score': 90, 'icp_tier': 'hot', 'source': 'legacy'}, {'lead_id': '69df5f8410ff1b6e41ead232', 'name': 'Diana Jones', 'icp_score': 90, 'icp_tier': 'hot', 'source': 'legacy'}, {'lead_id': '69f2051e47eadcfc49c01ae8', 'name': 'Aisha Karim', 'icp_score': 89, 'icp_tier': 'A', 'source': 'legacy'}, {'lead_id': '69f2051e47eadcfc49c01ad7', 'name': 'Priya Menon', 'icp_score': 88, 'icp_tier': 'A', 'source': 'legacy'}, {'lead_id': '69f2051e47eadcfc49c01ae2', 'name': 'Owen Brewster', 'icp_score': 86, 'icp_tier': 'A', 'source': 'legacy'}, {'lead_id': '69df5f8410ff1b6e41ead21d', 'name': 'Harper Nguyen', 'icp_score': 85, 'icp_tier': 'hot', 'source': 'legacy'}, {'lead_id': '69df6f1e3e197ef1ceb4e383', 'name': 'Test Lead', 'icp_score': 85, 'icp_tier': 'hot', 'source': 'legacy'}, {'lead_id': '69df5f8410ff1b6e41ead22f', 'name': 'Aiden Green', 'icp_score': 84, 'icp_tier': 'hot', 'source': 'legacy'}, {'lead_id': '69df5f8410ff1b6e41ead23f', 'name': 'Rosa Yang', 'icp_score': 84, 'icp_tier': 'hot', 'source': 'legacy'}, {'lead_id': '69f2051e47eadcfc49c01ade', 'name': 'Rahul Bhatt', 'icp_score': 84, 'icp_tier': 'A', 'source': 'legacy'}, {'lead_id': '69df5f8410ff1b6e41ead21a', 'name': 'Dakota Kumar', 'icp_score': 83, 'icp_tier': 'hot', 'source': 'legacy'}, {'lead_id': '69df5f8410ff1b6e41ead236', 'name': 'Henry Nelson', 'icp_score': 83, 'icp_tier': 'hot', 'source': 'legacy'}, {'lead_id': '69f2051e47eadcfc49c01ad5', 'name': 'Amelia Cordeiro', 'icp_score': 82, 'icp_tier': 'A', 'source': 'legacy'}, {'lead_id': '69f2051e47eadcfc49c01ae7', 'name': 'Liam Wallace', 'icp_score': 81, 'icp_tier': 'A', 'source': 'legacy'}, {'lead_id': '69df5f8410ff1b6e41ead21f', 'name': 'Kai Patel', 'icp_score': 79, 'icp_tier': 'hot', 'source': 'legacy'}, {'lead_id': '69df5f8410ff1b6e41ead22d', 'name': 'Yael Edwards', 'icp_score': 78, 'icp_tier': 'hot', 'source': 'legacy'}, {'lead_id': '69df5f8410ff1b6e41ead23c', 'name': 'Nora Underwood', 'icp_score': 76, 'icp_tier': 'hot', 'source': 'legacy'}, {'lead_id': '69df7388cc98bc5ae39df9b2', 'name': 'Test Lead', 'icp_score': 75, 'icp_tier': 'hot', 'source': 'legacy'}, {'lead_id': '69df5f8410ff1b6e41ead213', 'name': 'Morgan Davis', 'icp_score': 73, 'icp_tier': 'hot', 'source': 'legacy'}, {'lead_id': '69df5f8410ff1b6e41ead21b', 'name': 'Emery Lee', 'icp_score': 70, 'icp_tier': 'hot', 'source': 'legacy'}], 'threshold': 80, 'batch_id': '30233dcc52cb45bc942a6f8661caedf8', 'message': "Queued intel scans for 28 hot lead(s). Results appear in each lead's Intel tab as they complete."}
    assert 'processed' in {'batch_id': '30233dcc52cb45bc942a6f8661caedf8', 'leads': [{'icp_score': 95, 'icp_tier': 'hot', 'lead_id': '69df5f8410ff1b6e41ead21c', 'name': 'Finley Mitchell', ...}, {'icp_score': 95, 'icp_tier': 'A', 'lead_id': '69f2051e47eadcfc49c01ad9', 'name': 'Sasha Ivanov', ...}, {'icp_score': 93, 'icp_tier': 'hot', 'lead_id': '69df5f8410ff1b6e41ead225', 'name': 'Quinn Varma', ...}, {'icp_score': 93, 'icp_tier': 'A', 'lead_id': '69f2051e47eadcfc49c01ad4', 'name': 'Quinn Varma', ...}, {'icp_score': 92, 'icp_tier': 'A', 'lead_id': '69f2051e47eadcfc49c01aeb', 'name': 'Ben Sokolov', ...}, {'icp_score': 91, 'icp_tier': 'hot', 'lead_id': '69df5f8410ff1b6e41ead223', 'name': 'Olivia Thompson', ...}, ...], 'message': "Queued intel scans for 28 hot lead(s). Results appear in each lead's Intel tab as they complete.", 'queued': 28, ...}</failure></testcase><testcase classname="tests.test_iter135_full_regression" name="test_scan_progress" time="0.058" /><testcase classname="tests.test_iter135_full_regression" name="test_journey_reorder" time="0.129"><failure message="AssertionError: {&quot;detail&quot;:&quot;order.0: Input should be a valid dictionary or object to extract fields from; order.1: Input should be a valid dictionary or object to extract fields from; order.2: Input should be a valid &#10;assert 422 in (200, 204)&#10; +  where 422 = &lt;Response [422]&gt;.status_code">E   AssertionError: {"detail":"order.0: Input should be a valid dictionary or object to extract fields from; order.1: Input should be a valid dictionary or object to extract fields from; order.2: Input should be a valid 
    assert 422 in (200, 204)
     +  where 422 = &lt;Response [422]&gt;.status_code</failure></testcase><testcase classname="tests.test_iter135_full_regression" name="test_approvals_list" time="0.054" /><testcase classname="tests.test_iter135_full_regression" name="test_tenant_isolation_voice_seeds" time="0.140" /><testcase classname="tests.test_iter134_scan_progress" name="test_scan_hot_returns_batch_id" time="1.074" /><testcase classname="tests.test_iter134_scan_progress" name="test_scan_status_returns_shape" time="0.211" /><testcase classname="tests.test_iter134_scan_progress" name="test_scan_status_404_unknown_batch" time="0.003" /><testcase classname="tests.test_iter125_refactor_and_drag" name="test_command_center_moved_route_still_mounted" time="0.253" /><testcase classname="tests.test_iter125_refactor_and_drag" name="test_ttv_milestones_moved_route" time="0.251" /><testcase classname="tests.test_iter125_refactor_and_drag" name="test_api_keys_moved_routes_round_trip" time="0.258" /><testcase classname="tests.test_iter125_refactor_and_drag" name="test_audit_log_moved_route_admin_only" time="0.259" /><testcase classname="tests.test_iter125_refactor_and_drag" name="test_export_leads_csv_moved_route" time="0.254" /><testcase classname="tests.test_iter125_refactor_and_drag" name="test_form_submit_public_route" time="0.003" /><testcase classname="tests.test_iter125_refactor_and_drag" name="test_journey_drag_reorder_full_payload" time="0.291" /><testcase classname="tests.test_iter127_scan_hot" name="test_scan_hot_returns_queued_count" time="0.257" /><testcase classname="tests.test_iter127_scan_hot" name="test_scan_hot_high_threshold_returns_zero" time="0.273" /><testcase classname="tests.test_iter127_scan_hot" name="test_scan_hot_validates_input" time="0.254" /></testsuite></testsuites>