<?xml version="1.0" encoding="utf-8"?><testsuites name="pytest tests"><testsuite name="pytest" errors="0" failures="1" skipped="0" tests="23" time="3.996" timestamp="2026-05-08T09:45:43.811148+00:00" hostname="agent-env-0ba9a290-1bd1-435d-b5fb-f5291b2cace4"><testcase classname="backend.tests.test_pietential_phase3" name="test_saleshandy_csv_import" time="0.607" /><testcase classname="backend.tests.test_pietential_phase3" name="test_saleshandy_csv_reimport_updates" time="0.133" /><testcase classname="backend.tests.test_pietential_phase3" name="test_lemlist_csv_import" time="0.220" /><testcase classname="backend.tests.test_pietential_phase3" name="test_campaigns_list_all" time="0.117" /><testcase classname="backend.tests.test_pietential_phase3" name="test_campaigns_filter_saleshandy" time="0.133" /><testcase classname="backend.tests.test_pietential_phase3" name="test_campaigns_filter_lemlist" time="0.167" /><testcase classname="backend.tests.test_pietential_phase3" name="test_logs_list" time="0.167" /><testcase classname="backend.tests.test_pietential_phase3" name="test_logs_filter_csv_import" time="0.104" /><testcase classname="backend.tests.test_pietential_phase3" name="test_logs_filter_level_info" time="0.117" /><testcase classname="backend.tests.test_pietential_phase3" name="test_logs_filter_level_error_returns_array" time="0.104" /><testcase classname="backend.tests.test_pietential_phase3" name="test_account_platform_active_flags" time="0.144"><failure message="AssertionError: assert None is True&#10; +  where None = &lt;built-in method get of dict object at 0xf8c4a4b8c100&gt;('lemlist_active')&#10; +    where &lt;built-in method get of dict object at 0xf8c4a4b8c100&gt; = {'account_stage': 'cold', 'contacts_mapped': 1, 'created_at': '2026-05-08T09:45:44.739441+00:00', 'employee_count': None, ...}.get">backend/tests/test_pietential_phase3.py:173: in test_account_platform_active_flags
    assert coolco.get("lemlist_active") is True
E   AssertionError: assert None is True
E    +  where None = &lt;built-in method get of dict object at 0xf8c4a4b8c100&gt;('lemlist_active')
E    +    where &lt;built-in method get of dict object at 0xf8c4a4b8c100&gt; = {'account_stage': 'cold', 'contacts_mapped': 1, 'created_at': '2026-05-08T09:45:44.739441+00:00', 'employee_count': None, ...}.get</failure></testcase><testcase classname="backend.tests.test_pietential_phase3" name="test_manual_sync_without_api_key_400" time="0.238" /><testcase classname="backend.tests.test_pietential_phase3" name="test_manual_sync_with_api_key_ok" time="0.321" /><testcase classname="backend.tests.test_pietential_phase3" name="test_field_mapping_get_default" time="0.149" /><testcase classname="backend.tests.test_pietential_phase3" name="test_field_mapping_post_then_get" time="0.248" /><testcase classname="backend.tests.test_pietential_phase3" name="test_regression_routes[/api/pt/overview]" time="0.129" /><testcase classname="backend.tests.test_pietential_phase3" name="test_regression_routes[/api/pt/saleshandy/activity]" time="0.110" /><testcase classname="backend.tests.test_pietential_phase3" name="test_regression_routes[/api/pt/lemlist/activity]" time="0.105" /><testcase classname="backend.tests.test_pietential_phase3" name="test_regression_routes[/api/pt/touchpoints]" time="0.124" /><testcase classname="backend.tests.test_pietential_phase3" name="test_regression_routes[/api/pt/team]" time="0.110" /><testcase classname="backend.tests.test_pietential_phase3" name="test_regression_routes[/api/pt/training/signal]" time="0.114" /><testcase classname="backend.tests.test_pietential_phase3" name="test_regression_demo_replay" time="0.116" /><testcase classname="backend.tests.test_pietential_phase3" name="test_regression_score_decay_admin" time="0.102" /></testsuite></testsuites>