<?xml version="1.0" encoding="utf-8"?><testsuites name="pytest tests"><testsuite name="pytest" errors="0" failures="0" skipped="0" tests="6" time="2.415" timestamp="2026-05-11T08:54:41.026262+00:00" hostname="agent-env-0ba9a290-1bd1-435d-b5fb-f5291b2cace4"><testcase classname="tests.test_iter31_compliance_classification_engine.TestTouchpointEngine" name="test_save_map_for_demo" time="0.486" /><testcase classname="tests.test_iter31_compliance_classification_engine.TestTouchpointEngine" name="test_create_lead_instantiates_journey" time="0.100" /><testcase classname="tests.test_iter31_compliance_classification_engine.TestTouchpointEngine" name="test_idempotent_instantiate" time="0.048" /><testcase classname="tests.test_iter31_compliance_classification_engine.TestTouchpointEngine" name="test_pause_resume_cancel" time="0.300" /><testcase classname="tests.test_iter31_compliance_classification_engine.TestTouchpointEngine" name="test_send_now_on_pending_touchpoint" time="0.194" /><testcase classname="tests.test_iter31_compliance_classification_engine.TestTouchpointEngine" name="test_closed_won_cancels_remaining" time="1.191" /></testsuite></testsuites>