<?xml version="1.0" encoding="utf-8"?><testsuites name="pytest tests"><testsuite name="pytest" errors="0" failures="0" skipped="0" tests="9" time="14.101" timestamp="2026-06-12T10:16:07.263864+00:00" hostname="agent-env-0ba9a290-1bd1-435d-b5fb-f5291b2cace4"><testcase classname="backend.tests.test_iter150_dashboard_router.TestDashboardMode" name="test_mode_pietential" time="0.638" /><testcase classname="backend.tests.test_iter150_dashboard_router.TestDashboardMode" name="test_mode_demo" time="0.451" /><testcase classname="backend.tests.test_iter150_dashboard_router.TestFullDashboards" name="test_b2c_payload_pietential" time="0.140" /><testcase classname="backend.tests.test_iter150_dashboard_router.TestFullDashboards" name="test_b2b_founder_payload_pietential" time="0.125" /><testcase classname="backend.tests.test_iter150_dashboard_router.TestFullDashboards" name="test_tenant_isolation_b2b_founder" time="0.216" /><testcase classname="backend.tests.test_iter150_dashboard_router.TestSalesDashboardTopActions" name="test_first_call_returns_miss_with_3_rows" time="5.159" /><testcase classname="backend.tests.test_iter150_dashboard_router.TestSalesDashboardTopActions" name="test_second_call_returns_cache_hit_same_rows" time="0.286" /><testcase classname="backend.tests.test_iter150_dashboard_router.TestSalesDashboardTopActions" name="test_regenerate_busts_cache" time="3.435" /><testcase classname="backend.tests.test_iter150_dashboard_router.TestSalesDashboardTopActions" name="test_demo_b2b_sales_works" time="3.571" /></testsuite></testsuites>