<?xml version="1.0" encoding="utf-8"?><testsuites name="pytest tests"><testsuite name="pytest" errors="0" failures="0" skipped="0" tests="16" time="4.312" timestamp="2026-05-14T16:15:47.822545+00:00" hostname="agent-env-0ba9a290-1bd1-435d-b5fb-f5291b2cace4"><testcase classname="backend.tests.test_iter51_launch_readiness" name="test_health" time="0.259" /><testcase classname="backend.tests.test_iter51_launch_readiness" name="test_login_password_success" time="0.332" /><testcase classname="backend.tests.test_iter51_launch_readiness" name="test_login_wrong_password" time="0.295" /><testcase classname="backend.tests.test_iter51_launch_readiness" name="test_email_code_request" time="0.705" /><testcase classname="backend.tests.test_iter51_launch_readiness" name="test_password_forgot" time="0.708" /><testcase classname="backend.tests.test_iter51_launch_readiness" name="test_public_widget_assets[/aria-widget.js]" time="0.078" /><testcase classname="backend.tests.test_iter51_launch_readiness" name="test_public_widget_assets[/aria-wa-widget.js]" time="0.072" /><testcase classname="backend.tests.test_iter51_launch_readiness" name="test_public_widget_assets[/aria-form-widget.js]" time="0.075" /><testcase classname="backend.tests.test_iter51_launch_readiness" name="test_get_leads" time="0.447" /><testcase classname="backend.tests.test_iter51_launch_readiness" name="test_get_integrations" time="0.420" /><testcase classname="backend.tests.test_iter51_launch_readiness" name="test_master_admin_stats" time="0.058" /><testcase classname="backend.tests.test_iter51_launch_readiness" name="test_audit_log_recent" time="0.079" /><testcase classname="backend.tests.test_iter51_launch_readiness" name="test_notifications_preferences_get" time="0.189" /><testcase classname="backend.tests.test_iter51_launch_readiness" name="test_touchpoint_journey_get" time="0.056" /><testcase classname="backend.tests.test_iter51_launch_readiness" name="test_contact_request_public" time="0.383" /><testcase classname="backend.tests.test_iter51_launch_readiness" name="test_protected_endpoint_requires_auth" time="0.073" /></testsuite></testsuites>