<?xml version="1.0" encoding="utf-8"?><testsuites name="pytest tests"><testsuite name="pytest" errors="0" failures="1" skipped="0" tests="13" time="20.875" timestamp="2026-05-28T15:22:42.416832+00:00" hostname="agent-env-0ba9a290-1bd1-435d-b5fb-f5291b2cace4"><testcase classname="tests.test_iter121_batch9_final.TestConversationThread" name="test_thread_for_lead_returns_structured_payload" time="0.714" /><testcase classname="tests.test_iter121_batch9_final.TestConversationThread" name="test_thread_other_tenant_empty" time="0.541" /><testcase classname="tests.test_iter121_batch9_final.TestNotificationsAggregator" name="test_get_returns_three_sections" time="0.143" /><testcase classname="tests.test_iter121_batch9_final.TestNotificationsAggregator" name="test_partial_post_only_persists_morning_brief" time="0.376" /><testcase classname="tests.test_iter121_batch9_final.TestAutoApproveDecision" name="test_eligible_ok_path" time="0.444" /><testcase classname="tests.test_iter121_batch9_final.TestAutoApproveDecision" name="test_gate_fit_below_threshold" time="0.265" /><testcase classname="tests.test_iter121_batch9_final.TestAutoApproveDecision" name="test_disabled" time="0.176" /><testcase classname="tests.test_iter121_batch9_final.TestAutoApproveDecision" name="test_intent_filter" time="0.120" /><testcase classname="tests.test_iter121_batch9_final.TestAutoApproveDecision" name="test_daily_cap" time="0.158" /><testcase classname="tests.test_iter121_batch9_final.TestProcessInboundAutoApprove" name="test_auto_dispatched_when_eligible" time="7.898" /><testcase classname="tests.test_iter121_batch9_final.TestProcessInboundAutoApprove" name="test_not_dispatched_when_fit_below" time="4.668" /><testcase classname="tests.test_iter121_batch9_final.TestProcessInboundAutoApprove" name="test_not_dispatched_when_rule_disabled" time="4.999" /><testcase classname="tests.test_iter121_batch9_final.TestTokenUsage" name="test_claude_call_logs_positive_ints" time="0.192"><failure message="AssertionError: chat failed: 422 {&quot;detail&quot;:&quot;Field required&quot;}&#10;assert 422 in (200, 201)&#10; +  where 422 = &lt;Response [422]&gt;.status_code">tests/test_iter121_batch9_final.py:291: in test_claude_call_logs_positive_ints
    assert r.status_code in (200, 201), f"chat failed: {r.status_code} {r.text[:300]}"
E   AssertionError: chat failed: 422 {"detail":"Field required"}
E   assert 422 in (200, 201)
E    +  where 422 = &lt;Response [422]&gt;.status_code</failure></testcase></testsuite></testsuites>