<?xml version="1.0" encoding="utf-8"?><testsuites name="pytest tests"><testsuite name="pytest" errors="0" failures="0" skipped="0" tests="61" time="26.033" timestamp="2026-05-22T11:57:32.052062+00:00" hostname="agent-env-0ba9a290-1bd1-435d-b5fb-f5291b2cace4"><testcase classname="backend.tests.test_iter78_managed_deployment" name="test_s2_single_lead_delete_returns_cascade_counts" time="0.737" /><testcase classname="backend.tests.test_iter78_managed_deployment" name="test_s2_bulk_lead_delete" time="0.462" /><testcase classname="backend.tests.test_iter78_managed_deployment" name="test_s2_bulk_delete_validates_empty_list" time="0.123" /><testcase classname="backend.tests.test_iter78_managed_deployment" name="test_s2_conversation_delete_non_owner_blocked" time="0.000" /><testcase classname="backend.tests.test_iter78_managed_deployment" name="test_s2_conversation_delete_no_messages_returns_zero" time="0.120" /><testcase classname="backend.tests.test_iter78_managed_deployment" name="test_s3_icp_create_then_link_then_unlink" time="0.548" /><testcase classname="backend.tests.test_iter78_managed_deployment" name="test_s3_link_to_unknown_campaign_404" time="0.370" /><testcase classname="backend.tests.test_iter78_managed_deployment" name="test_s5_import_from_automap_no_summary_404" time="0.116" /><testcase classname="backend.tests.test_iter78_managed_deployment" name="test_s5_import_from_automap_fills_fields" time="0.248" /><testcase classname="backend.tests.test_iter78_managed_deployment" name="test_s6_activate_playbook_writes_active_playbook_to_tenant_settings" time="0.112" /><testcase classname="backend.tests.test_iter78_managed_deployment" name="test_s6_activating_a_second_playbook_deactivates_the_first" time="0.369" /><testcase classname="backend.tests.test_iter78_managed_deployment" name="test_s6_deactivate_clears_tenant_settings" time="0.239" /><testcase classname="backend.tests.test_iter74_aria_agent_refactor" name="test_aria_get_endpoint_200[/api/aria-agent/training]" time="0.545" /><testcase classname="backend.tests.test_iter74_aria_agent_refactor" name="test_aria_get_endpoint_200[/api/aria-agent/playbooks]" time="0.114" /><testcase classname="backend.tests.test_iter74_aria_agent_refactor" name="test_aria_get_endpoint_200[/api/aria-agent/journeys/default]" time="0.118" /><testcase classname="backend.tests.test_iter74_aria_agent_refactor" name="test_aria_get_endpoint_200[/api/aria-agent/handoff/rules]" time="0.108" /><testcase classname="backend.tests.test_iter74_aria_agent_refactor" name="test_aria_get_endpoint_200[/api/aria-agent/handoff/alerts]" time="0.135" /><testcase classname="backend.tests.test_iter74_aria_agent_refactor" name="test_aria_get_endpoint_200[/api/aria-agent/revival/segments]" time="0.107" /><testcase classname="backend.tests.test_iter74_aria_agent_refactor" name="test_aria_get_endpoint_200[/api/aria-agent/agent-activity]" time="0.116" /><testcase classname="backend.tests.test_iter74_aria_agent_refactor" name="test_aria_get_endpoint_200[/api/aria-agent/insights]" time="0.130" /><testcase classname="backend.tests.test_iter74_aria_agent_refactor" name="test_aria_get_endpoint_200[/api/aria-agent/assets/catalog]" time="0.115" /><testcase classname="backend.tests.test_iter74_aria_agent_refactor" name="test_aria_get_endpoint_200[/api/aria-agent/assets]" time="0.111" /><testcase classname="backend.tests.test_iter74_aria_agent_refactor" name="test_aria_get_endpoint_200[/api/aria-agent/brain]" time="0.131" /><testcase classname="backend.tests.test_iter74_aria_agent_refactor" name="test_aria_get_endpoint_200[/api/aria-agent/weekly-recap]" time="0.112" /><testcase classname="backend.tests.test_iter74_aria_agent_refactor" name="test_aria_get_endpoint_200[/api/aria-agent/workspace/stories]" time="0.114" /><testcase classname="backend.tests.test_iter74_aria_agent_refactor" name="test_aria_get_endpoint_200[/api/aria-agent/workspace/feed]" time="0.113" /><testcase classname="backend.tests.test_iter74_aria_agent_refactor" name="test_aria_get_endpoint_200[/api/aria-agent/workspace/pipeline-mood]" time="0.110" /><testcase classname="backend.tests.test_iter74_aria_agent_refactor" name="test_aria_get_endpoint_200[/api/aria-agent/workspace/morning-brief]" time="0.113" /><testcase classname="backend.tests.test_iter74_aria_agent_refactor" name="test_put_training_persists" time="0.232" /><testcase classname="backend.tests.test_iter74_aria_agent_refactor" name="test_playbook_activate_deactivate_roundtrip" time="0.327" /><testcase classname="backend.tests.test_iter74_aria_agent_refactor" name="test_asset_crud_flow" time="0.553" /><testcase classname="backend.tests.test_iter74_aria_agent_refactor" name="test_workspace_story_card" time="0.220" /><testcase classname="backend.tests.test_iter74_aria_agent_refactor" name="test_founder_brief" time="10.936" /><testcase classname="backend.tests.test_iter74_aria_agent_refactor" name="test_aria_read" time="0.135" /><testcase classname="backend.tests.test_iter73_touchpoints_extracted_persistence.TestTouchpointsExtractedPersistence" name="test_publish_includes_touchpoints_extracted_count" time="0.441" /><testcase classname="backend.tests.test_iter73_touchpoints_extracted_persistence.TestTouchpointsExtractedPersistence" name="test_persisted_in_tenant_settings_automap_summary" time="0.003" /><testcase classname="backend.tests.test_iter73_touchpoints_extracted_persistence.TestTouchpointsExtractedPersistence" name="test_publish_with_empty_touchpoints_extracted_resets" time="0.051" /><testcase classname="backend.tests.test_iter73_touchpoints_extracted_persistence.TestTouchpointsExtractedPersistence" name="test_publish_payload_accepts_user_edits" time="0.051" /><testcase classname="backend.tests.test_iter52_multi_icp_outreach" name="test_icp_create_then_list" time="0.577" /><testcase classname="backend.tests.test_iter52_multi_icp_outreach" name="test_icp_invalid_tone" time="0.127" /><testcase classname="backend.tests.test_iter52_multi_icp_outreach" name="test_icp_tier_limit_starter_capped_at_2" time="0.427" /><testcase classname="backend.tests.test_iter52_multi_icp_outreach" name="test_icp_tier_unlimited_on_dwy" time="0.470" /><testcase classname="backend.tests.test_iter52_multi_icp_outreach" name="test_icp_update_partial" time="0.216" /><testcase classname="backend.tests.test_iter52_multi_icp_outreach" name="test_icp_delete_with_no_tagged_records" time="0.246" /><testcase classname="backend.tests.test_iter52_multi_icp_outreach" name="test_icp_delete_blocked_when_tagged" time="0.331" /><testcase classname="backend.tests.test_iter52_multi_icp_outreach" name="test_icp_assign_contact_happy_path" time="0.322" /><testcase classname="backend.tests.test_iter52_multi_icp_outreach" name="test_icp_assign_contact_missing_contact" time="0.221" /><testcase classname="backend.tests.test_iter52_multi_icp_outreach" name="test_outreach_campaign_create_and_list" time="0.228" /><testcase classname="backend.tests.test_iter52_multi_icp_outreach" name="test_outreach_touchpoint_upsert_with_valid_conditions" time="0.356" /><testcase classname="backend.tests.test_iter52_multi_icp_outreach" name="test_outreach_touchpoint_invalid_conditions" time="0.477" /><testcase classname="backend.tests.test_iter52_multi_icp_outreach" name="test_outreach_campaign_map" time="0.652" /><testcase classname="backend.tests.test_iter52_multi_icp_outreach" name="test_outreach_enroll_idempotent" time="0.579" /><testcase classname="backend.tests.test_iter52_multi_icp_outreach" name="test_outreach_pause_resume_cascade" time="0.482" /><testcase classname="backend.tests.test_iter52_multi_icp_outreach" name="test_render_template_all_tokens_present" time="0.270" /><testcase classname="backend.tests.test_iter52_multi_icp_outreach" name="test_render_template_missing_tokens_become_empty" time="0.002" /><testcase classname="backend.tests.test_iter52_multi_icp_outreach" name="test_render_template_no_tokens" time="0.002" /><testcase classname="backend.tests.test_iter52_multi_icp_outreach" name="test_render_template_malformed_tokens_left_literal" time="0.002" /><testcase classname="backend.tests.test_iter52_multi_icp_outreach" name="test_validate_conditions_accepts_all_branches" time="0.002" /><testcase classname="backend.tests.test_iter52_multi_icp_outreach" name="test_handle_inbound_reply_keyword_match_tags_hot_lead" time="0.349" /><testcase classname="backend.tests.test_iter52_multi_icp_outreach" name="test_handle_inbound_reply_negative_keyword_stops" time="0.343" /><testcase classname="backend.tests.test_iter52_multi_icp_outreach" name="test_outreach_analytics_endpoint" time="0.477" /></testsuite></testsuites>