<?xml version="1.0" encoding="utf-8"?><testsuites name="pytest tests"><testsuite name="pytest" errors="0" failures="2" skipped="0" tests="17" time="5.553" timestamp="2026-05-28T13:23:07.487343+00:00" hostname="agent-env-0ba9a290-1bd1-435d-b5fb-f5291b2cace4"><testcase classname="backend.tests.test_iter115_full_day_checkup" name="test_auth_login_success" time="0.547" /><testcase classname="backend.tests.test_iter115_full_day_checkup" name="test_auth_login_wrong_password" time="0.342" /><testcase classname="backend.tests.test_iter115_full_day_checkup" name="test_auth_change_password_roundtrip" time="1.905" /><testcase classname="backend.tests.test_iter115_full_day_checkup" name="test_tenants_me" time="0.121" /><testcase classname="backend.tests.test_iter115_full_day_checkup" name="test_tenant_scoping_pietential" time="0.113" /><testcase classname="backend.tests.test_iter115_full_day_checkup" name="test_providers_list" time="0.119"><failure message="AssertionError: expected &gt;=10 providers, got 5&#10;assert 5 &gt;= 10&#10; +  where 5 = len([{'auth_type': 'oauth', 'id': 'google', 'label': 'Google', 'scopes': ['https://www.googleapis.com/auth/gmail.readonly', 'https://www.googleapis.com/auth/gmail.send', 'https://www.googleapis.com/auth/calendar.events', 'https://www.googleapis.com/auth/calendar.readonly', 'https://www.googleapis.com/auth/adwords', 'openid', ...]}, {'auth_type': 'oauth', 'id': 'microsoft', 'label': 'Microsoft', 'scopes': ['Mail.Read', 'Mail.Send', 'Calendars.ReadWrite', 'offline_access', 'User.Read']}, {'auth_type': 'oauth', 'id': 'meta', 'label': 'Meta', 'scopes': ['ads_read', 'leads_retrieval', 'pages_read_engagement']}, {'auth_type': 'oauth', 'id': 'linkedin', 'label': 'LinkedIn', 'scopes': ['r_liteprofile', 'r_emailaddress', 'w_member_social', 'openid', 'profile', 'email']}, {'auth_type': 'oauth', 'id': 'calendly', 'label': 'Calendly', 'scopes': ['default']}])">backend/tests/test_iter115_full_day_checkup.py:98: in test_providers_list
    assert len(providers) &gt;= 10, f"expected &gt;=10 providers, got {len(providers)}"
E   AssertionError: expected &gt;=10 providers, got 5
E   assert 5 &gt;= 10
E    +  where 5 = len([{'auth_type': 'oauth', 'id': 'google', 'label': 'Google', 'scopes': ['https://www.googleapis.com/auth/gmail.readonly', 'https://www.googleapis.com/auth/gmail.send', 'https://www.googleapis.com/auth/calendar.events', 'https://www.googleapis.com/auth/calendar.readonly', 'https://www.googleapis.com/auth/adwords', 'openid', ...]}, {'auth_type': 'oauth', 'id': 'microsoft', 'label': 'Microsoft', 'scopes': ['Mail.Read', 'Mail.Send', 'Calendars.ReadWrite', 'offline_access', 'User.Read']}, {'auth_type': 'oauth', 'id': 'meta', 'label': 'Meta', 'scopes': ['ads_read', 'leads_retrieval', 'pages_read_engagement']}, {'auth_type': 'oauth', 'id': 'linkedin', 'label': 'LinkedIn', 'scopes': ['r_liteprofile', 'r_emailaddress', 'w_member_social', 'openid', 'profile', 'email']}, {'auth_type': 'oauth', 'id': 'calendly', 'label': 'Calendly', 'scopes': ['default']}])</failure></testcase><testcase classname="backend.tests.test_iter115_full_day_checkup" name="test_proxycurl_oauth_flow" time="0.373" /><testcase classname="backend.tests.test_iter115_full_day_checkup" name="test_serper_oauth_flow" time="0.353" /><testcase classname="backend.tests.test_iter115_full_day_checkup" name="test_google_oauth_url_or_503" time="0.135" /><testcase classname="backend.tests.test_iter115_full_day_checkup" name="test_call_booking_graceful" time="0.116" /><testcase classname="backend.tests.test_iter115_full_day_checkup" name="test_batch_hot_leads_no_keys_aborted" time="0.113"><failure message="AssertionError: expected aborted=True without keys, got {'tenant_id': 'ten_pietential', 'processed': 0, 'succeeded': 0, 'failed': 0, 'skipped_existing': True, 'results': [], 'message': 'No hot leads needed enrichment.'}&#10;assert None is True&#10; +  where None = &lt;built-in method get of dict object at 0xff3b88f82940&gt;('aborted')&#10; +    where &lt;built-in method get of dict object at 0xff3b88f82940&gt; = {'failed': 0, 'message': 'No hot leads needed enrichment.', 'processed': 0, 'results': [], ...}.get">backend/tests/test_iter115_full_day_checkup.py:176: in test_batch_hot_leads_no_keys_aborted
    assert body.get("aborted") is True, \
E   AssertionError: expected aborted=True without keys, got {'tenant_id': 'ten_pietential', 'processed': 0, 'succeeded': 0, 'failed': 0, 'skipped_existing': True, 'results': [], 'message': 'No hot leads needed enrichment.'}
E   assert None is True
E    +  where None = &lt;built-in method get of dict object at 0xff3b88f82940&gt;('aborted')
E    +    where &lt;built-in method get of dict object at 0xff3b88f82940&gt; = {'failed': 0, 'message': 'No hot leads needed enrichment.', 'processed': 0, 'results': [], ...}.get</failure></testcase><testcase classname="backend.tests.test_iter115_full_day_checkup" name="test_batch_hot_leads_with_key_no_500" time="0.286" /><testcase classname="backend.tests.test_iter115_full_day_checkup" name="test_batch_hot_leads_skip_existing" time="0.245" /><testcase classname="backend.tests.test_iter115_full_day_checkup" name="test_no_mongo_id_leaks" time="0.564" /><testcase classname="backend.tests.test_iter115_full_day_checkup" name="test_no_hardcoded_oauth_in_env" time="0.000" /><testcase classname="backend.tests.test_iter115_full_day_checkup" name="test_no_localhost_in_frontend_src" time="0.007" /><testcase classname="backend.tests.test_iter115_full_day_checkup" name="test_all_backend_routes_have_api_prefix" time="0.017" /></testsuite></testsuites>