<?xml version="1.0" encoding="utf-8"?><testsuites name="pytest tests"><testsuite name="pytest" errors="0" failures="0" skipped="0" tests="28" time="9.058" timestamp="2026-05-23T08:45:15.677223+00:00" hostname="agent-env-0ba9a290-1bd1-435d-b5fb-f5291b2cace4"><testcase classname="backend.tests.test_iter78_managed_deployment" name="test_s2_single_lead_delete_returns_cascade_counts" time="0.755" /><testcase classname="backend.tests.test_iter78_managed_deployment" name="test_s2_bulk_lead_delete" time="0.500" /><testcase classname="backend.tests.test_iter78_managed_deployment" name="test_s2_bulk_delete_validates_empty_list" time="0.112" /><testcase classname="backend.tests.test_iter78_managed_deployment" name="test_s2_conversation_delete_non_owner_blocked" time="0.001" /><testcase classname="backend.tests.test_iter78_managed_deployment" name="test_s2_conversation_delete_no_messages_returns_zero" time="0.178" /><testcase classname="backend.tests.test_iter78_managed_deployment" name="test_s3_icp_create_then_link_then_unlink" time="0.503" /><testcase classname="backend.tests.test_iter78_managed_deployment" name="test_s3_link_to_unknown_campaign_404" time="0.341" /><testcase classname="backend.tests.test_iter78_managed_deployment" name="test_s5_import_from_automap_no_summary_404" time="0.104" /><testcase classname="backend.tests.test_iter78_managed_deployment" name="test_s5_import_from_automap_fills_fields" time="0.222" /><testcase classname="backend.tests.test_iter78_managed_deployment" name="test_s6_activate_playbook_writes_active_playbook_to_tenant_settings" time="0.147" /><testcase classname="backend.tests.test_iter78_managed_deployment" name="test_s6_activating_a_second_playbook_deactivates_the_first" time="0.313" /><testcase classname="backend.tests.test_iter78_managed_deployment" name="test_s6_deactivate_clears_tenant_settings" time="0.247" /><testcase classname="backend.tests.test_iter78_supplemental" name="test_audit_log_lead_delete" time="0.531" /><testcase classname="backend.tests.test_iter78_supplemental" name="test_audit_log_lead_bulk_delete" time="0.357" /><testcase classname="backend.tests.test_iter78_supplemental" name="test_audit_log_conversation_delete" time="0.111" /><testcase classname="backend.tests.test_iter78_supplemental" name="test_audit_log_playbook_activate_and_deactivate" time="0.238" /><testcase classname="backend.tests.test_iter78_supplemental" name="test_conversation_delete_does_not_delete_lead" time="0.316" /><testcase classname="backend.tests.test_iter78_supplemental" name="test_cross_tenant_lead_delete_returns_404" time="0.102" /><testcase classname="backend.tests.test_iter78_supplemental" name="test_cross_tenant_icp_link_returns_404" time="0.137" /><testcase classname="backend.tests.test_iter78_supplemental" name="test_get_active_playbook_block_non_empty_after_activate" time="1.712" /><testcase classname="backend.tests.test_iter78_supplemental" name="test_get_active_playbook_block_empty_after_deactivate" time="0.206" /><testcase classname="backend.tests.test_iter79_managed_deployment" name="test_s8_list_deployments_requires_master_admin" time="0.476" /><testcase classname="backend.tests.test_iter79_managed_deployment" name="test_s8_sidebar_status_returns_status_and_counts" time="0.106" /><testcase classname="backend.tests.test_iter79_managed_deployment" name="test_s8_onboard_and_toggle_full_lifecycle" time="0.640" /><testcase classname="backend.tests.test_iter79_managed_deployment" name="test_s8_get_unknown_tenant_404" time="0.098" /><testcase classname="backend.tests.test_iter79_managed_deployment" name="test_s6_suggested_assets_endpoint" time="0.213" /><testcase classname="backend.tests.test_iter79_managed_deployment" name="test_s6_suggested_assets_unknown_lead_404" time="0.107" /><testcase classname="backend.tests.test_iter79_managed_deployment" name="test_s9_5_safe_validation_error_returns_string_detail" time="0.106" /></testsuite></testsuites>