<?xml version="1.0" encoding="utf-8"?><testsuites name="pytest tests"><testsuite name="pytest" errors="0" failures="0" skipped="0" tests="12" time="25.225" timestamp="2026-05-11T08:07:56.726547+00:00" hostname="agent-env-0ba9a290-1bd1-435d-b5fb-f5291b2cace4"><testcase classname="backend.tests.test_iter30_plans_touchpoint_preview.TestPlansCatalog" name="test_catalog_returns_three_plans" time="0.593" /><testcase classname="backend.tests.test_iter30_plans_touchpoint_preview.TestPlansStatus" name="test_status_for_fresh_signup_stamps_trial" time="0.478" /><testcase classname="backend.tests.test_iter30_plans_touchpoint_preview.TestPlansStatus" name="test_status_is_idempotent" time="0.749" /><testcase classname="backend.tests.test_iter30_plans_touchpoint_preview.TestPlansStatus" name="test_status_preserves_existing_pro_plan" time="0.126" /><testcase classname="backend.tests.test_iter30_plans_touchpoint_preview.TestPlansSelect" name="test_select_diy_on_fresh_signup" time="0.224" /><testcase classname="backend.tests.test_iter30_plans_touchpoint_preview.TestPlansSelect" name="test_invalid_plan_id_400" time="0.101" /><testcase classname="backend.tests.test_iter30_plans_touchpoint_preview.TestPlansSelect" name="test_member_role_forbidden" time="0.450" /><testcase classname="backend.tests.test_iter30_plans_touchpoint_preview.TestContactSales" name="test_contact_sales_inserts_inquiry" time="0.136" /><testcase classname="backend.tests.test_iter30_plans_touchpoint_preview.TestTouchpointPreview" name="test_preview_returns_two_items_with_claude" time="5.978" /><testcase classname="backend.tests.test_iter30_plans_touchpoint_preview.TestTouchpointPreview" name="test_preview_invalid_template_404" time="0.136" /><testcase classname="backend.tests.test_iter30_plans_touchpoint_preview.TestTouchpointPreview" name="test_preview_limit_1" time="3.128" /><testcase classname="backend.tests.test_iter30_plans_touchpoint_preview.TestTouchpointPreview" name="test_preview_limit_4" time="13.037" /></testsuite></testsuites>