<?xml version="1.0" encoding="utf-8"?><testsuites name="pytest tests"><testsuite name="pytest" errors="0" failures="0" skipped="0" tests="17" time="4.936" timestamp="2026-05-23T10:29:46.572243+00:00" hostname="agent-env-0ba9a290-1bd1-435d-b5fb-f5291b2cace4"><testcase classname="tests.test_iter86_setup_health_multiattach_leadmagnet.TestSetupHealthShape" name="test_shape_and_five_items_with_required_ids" time="0.599" /><testcase classname="tests.test_iter86_setup_health_multiattach_leadmagnet.TestSetupHealthShape" name="test_clean_state_email_ok_via_platform_default" time="0.111" /><testcase classname="tests.test_iter86_setup_health_multiattach_leadmagnet.TestSetupHealthShape" name="test_clean_state_saleshandy_and_lemlist_fail" time="0.105" /><testcase classname="tests.test_iter86_setup_health_multiattach_leadmagnet.TestSetupHealthShape" name="test_lead_magnet_warn_when_not_configured" time="0.113" /><testcase classname="tests.test_iter86_setup_health_multiattach_leadmagnet.TestSetupHealthShape" name="test_touchpoints_status_ok_or_fail_based_on_count" time="0.129" /><testcase classname="tests.test_iter86_setup_health_multiattach_leadmagnet.TestSetupHealthShape" name="test_saleshandy_needs_setup_warn_with_error_log" time="0.119" /><testcase classname="tests.test_iter86_setup_health_multiattach_leadmagnet.TestSetupHealthShape" name="test_workspace_resend_key_detail_mentions_from_address" time="0.444" /><testcase classname="tests.test_iter86_setup_health_multiattach_leadmagnet.TestMultiAttachmentTestSend" name="test_multi_attachment_two_pdfs_count_2" time="0.553" /><testcase classname="tests.test_iter86_setup_health_multiattach_leadmagnet.TestMultiAttachmentTestSend" name="test_multi_attachment_missing_files_silently_dropped" time="0.385" /><testcase classname="tests.test_iter86_setup_health_multiattach_leadmagnet.TestMultiAttachmentTestSend" name="test_dedupe_single_plus_list" time="0.502" /><testcase classname="tests.test_iter86_setup_health_multiattach_leadmagnet.TestLeadMagnetManualSendRegression" name="test_send_lead_magnet_endpoint_no_500" time="0.605" /><testcase classname="tests.test_iter86_setup_health_multiattach_leadmagnet.TestLeadMagnetManualSendRegression" name="test_send_lead_magnet_disabled_magnet_returns_400_not_500" time="0.111" /><testcase classname="tests.test_iter86_setup_health_multiattach_leadmagnet.TestLightRegression" name="test_iter80_login_rate_limit_still_present" time="0.099" /><testcase classname="tests.test_iter86_setup_health_multiattach_leadmagnet.TestLightRegression" name="test_iter81_founder_brief_404_on_invalid_oid" time="0.099" /><testcase classname="tests.test_iter86_setup_health_multiattach_leadmagnet.TestLightRegression" name="test_iter85_signature_test_send_still_works" time="0.351" /><testcase classname="tests.test_iter86_setup_health_multiattach_leadmagnet.TestLightRegression" name="test_iter84_sales_rep_blocked_on_email_test_send" time="0.426" /><testcase classname="tests.test_iter86_setup_health_multiattach_leadmagnet.TestLightRegression" name="test_setup_health_accessible_to_sales_rep" time="0.108" /></testsuite></testsuites>