<?xml version="1.0" encoding="utf-8"?><testsuites name="pytest tests"><testsuite name="pytest" errors="0" failures="0" skipped="0" tests="4" time="0.826" timestamp="2026-05-22T10:41:48.586486+00:00" hostname="agent-env-0ba9a290-1bd1-435d-b5fb-f5291b2cace4"><testcase classname="backend.tests.test_iter73_touchpoints_extracted_persistence.TestTouchpointsExtractedPersistence" name="test_publish_includes_touchpoints_extracted_count" time="0.556" /><testcase classname="backend.tests.test_iter73_touchpoints_extracted_persistence.TestTouchpointsExtractedPersistence" name="test_persisted_in_tenant_settings_automap_summary" time="0.005" /><testcase classname="backend.tests.test_iter73_touchpoints_extracted_persistence.TestTouchpointsExtractedPersistence" name="test_publish_with_empty_touchpoints_extracted_resets" time="0.068" /><testcase classname="backend.tests.test_iter73_touchpoints_extracted_persistence.TestTouchpointsExtractedPersistence" name="test_publish_payload_accepts_user_edits" time="0.068" /></testsuite></testsuites>