<?xml version="1.0" encoding="utf-8"?><testsuites name="pytest tests"><testsuite name="pytest" errors="0" failures="0" skipped="0" tests="6" time="2.002" timestamp="2026-05-28T11:03:55.801933+00:00" hostname="agent-env-0ba9a290-1bd1-435d-b5fb-f5291b2cace4"><testcase classname="backend.tests.test_iter109_batch2_command_center.TestHybridKPIs" name="test_kpis_hybrid_shape" time="0.714" /><testcase classname="backend.tests.test_iter109_batch2_command_center.TestHybridKPIs" name="test_signals_endpoint" time="0.142" /><testcase classname="backend.tests.test_iter109_batch2_command_center.TestHybridKPIs" name="test_pipeline_endpoint" time="0.116" /><testcase classname="backend.tests.test_iter109_batch2_command_center.TestHybridKPIs" name="test_next_scan_endpoint" time="0.109" /><testcase classname="backend.tests.test_iter109_batch2_command_center.TestB2BKPIs" name="test_kpis_b2b_shape" time="0.547" /><testcase classname="backend.tests.test_iter109_batch2_command_center.TestB2BKPIs" name="test_b2b_signals_and_pipeline" time="0.301" /></testsuite></testsuites>