<?xml version="1.0" encoding="utf-8"?><testsuites name="pytest tests"><testsuite name="pytest" errors="0" failures="1" skipped="0" tests="5" time="1.485" timestamp="2026-05-19T07:50:57.045578+00:00" hostname="agent-env-0ba9a290-1bd1-435d-b5fb-f5291b2cace4"><testcase classname="backend.tests.test_iter71_dashboard_tenant_isolation.TestFounderCommandCenter" name="test_fresh_tenant_empty_payload" time="0.608" /><testcase classname="backend.tests.test_iter71_dashboard_tenant_isolation.TestFounderCommandCenter" name="test_demo_flag_returns_sample_names" time="0.444" /><testcase classname="backend.tests.test_iter71_dashboard_tenant_isolation.TestFounderCommandCenter" name="test_admin_real_data_no_fake_names" time="0.147"><failure message="AssertionError: fake Aanya Kapoor leaking into admin real-data response&#10;assert 'Aanya Kapoor' not in &quot;{'computed_...': '₹1.8Cr'}&quot;&#10;  &#10;  'Aanya Kapoor' is contained here:&#10;  ?                                                                                                                                                                                                                                                                                                                                                                                                                                                                                                                                                                            ...&#10;  &#10;  ...Full output truncated (3 lines hidden), use '-vv' to show">E   AssertionError: fake Aanya Kapoor leaking into admin real-data response
    assert 'Aanya Kapoor' not in "{'computed_...': '₹1.8Cr'}"
      
      'Aanya Kapoor' is contained here:
      ?                                                                                                                                                                                                                                                                                                                                                                                                                                                                                                                                                                            ...
      
      ...Full output truncated (3 lines hidden), use '-vv' to show</failure></testcase><testcase classname="backend.tests.test_iter71_dashboard_tenant_isolation.TestUsersTenantIsolation" name="test_admin_users_scoped" time="0.108" /><testcase classname="backend.tests.test_iter71_dashboard_tenant_isolation.TestUsersTenantIsolation" name="test_fresh_tenant_only_owner" time="0.104" /></testsuite></testsuites>