<?xml version="1.0" encoding="utf-8"?><testsuites name="pytest tests"><testsuite name="pytest" errors="0" failures="1" skipped="0" tests="25" time="5.506" timestamp="2026-05-11T08:54:14.162114+00:00" hostname="agent-env-0ba9a290-1bd1-435d-b5fb-f5291b2cace4"><testcase classname="tests.test_iter31_compliance_classification_engine.TestCompliance" name="test_opted_out_list_initially" time="0.442" /><testcase classname="tests.test_iter31_compliance_classification_engine.TestCompliance" name="test_manual_opt_in_flips_flag" time="0.095" /><testcase classname="tests.test_iter31_compliance_classification_engine.TestCompliance" name="test_manual_opt_out_adds_to_blocklist" time="0.096" /><testcase classname="tests.test_iter31_compliance_classification_engine.TestCompliance" name="test_delete_from_blocklist" time="0.047" /><testcase classname="tests.test_iter31_compliance_classification_engine.TestStopKeyword" name="test_stop_via_webhook[STOP]" time="0.613" /><testcase classname="tests.test_iter31_compliance_classification_engine.TestStopKeyword" name="test_stop_via_webhook[UNSUBSCRIBE]" time="0.612" /><testcase classname="tests.test_iter31_compliance_classification_engine.TestStopKeyword" name="test_stop_via_webhook[stop messages]" time="0.630" /><testcase classname="tests.test_iter31_compliance_classification_engine.TestContacts" name="test_initial_list_returns_dict" time="0.050" /><testcase classname="tests.test_iter31_compliance_classification_engine.TestContacts" name="test_create_contact_full_flow" time="0.091" /><testcase classname="tests.test_iter31_compliance_classification_engine.TestContacts" name="test_filter_by_type" time="0.045" /><testcase classname="tests.test_iter31_compliance_classification_engine.TestContacts" name="test_update_contact" time="0.053" /><testcase classname="tests.test_iter31_compliance_classification_engine.TestContacts" name="test_invalid_contact_type_400" time="0.044" /><testcase classname="tests.test_iter31_compliance_classification_engine.TestContacts" name="test_missing_phone_400" time="0.045" /><testcase classname="tests.test_iter31_compliance_classification_engine.TestContacts" name="test_cross_tenant_isolation" time="0.377" /><testcase classname="tests.test_iter31_compliance_classification_engine.TestContacts" name="test_delete_contact" time="0.044" /><testcase classname="tests.test_iter31_compliance_classification_engine.TestClassification" name="test_list_triggers_has_defaults" time="0.046" /><testcase classname="tests.test_iter31_compliance_classification_engine.TestClassification" name="test_create_custom_trigger" time="0.133" /><testcase classname="tests.test_iter31_compliance_classification_engine.TestClassification" name="test_classification_log_lists" time="0.047" /><testcase classname="tests.test_iter31_compliance_classification_engine.TestClassification" name="test_delete_trigger" time="0.050" /><testcase classname="tests.test_iter31_compliance_classification_engine.TestTouchpointEngine" name="test_save_map_for_demo" time="0.059"><failure message="AssertionError: {&quot;detail&quot;:&quot;Invalid message_type 'case_study'&quot;}&#10;assert 400 == 200&#10; +  where 400 = &lt;Response [400]&gt;.status_code">tests/test_iter31_compliance_classification_engine.py:242: in test_save_map_for_demo
    assert r.status_code == 200, r.text
E   AssertionError: {"detail":"Invalid message_type 'case_study'"}
E   assert 400 == 200
E    +  where 400 = &lt;Response [400]&gt;.status_code</failure></testcase><testcase classname="tests.test_iter31_compliance_classification_engine.TestTouchpointEngine" name="test_create_lead_instantiates_journey" time="0.095" /><testcase classname="tests.test_iter31_compliance_classification_engine.TestTouchpointEngine" name="test_idempotent_instantiate" time="0.047" /><testcase classname="tests.test_iter31_compliance_classification_engine.TestTouchpointEngine" name="test_pause_resume_cancel" time="0.277" /><testcase classname="tests.test_iter31_compliance_classification_engine.TestTouchpointEngine" name="test_send_now_on_pending_touchpoint" time="0.185" /><testcase classname="tests.test_iter31_compliance_classification_engine.TestTouchpointEngine" name="test_closed_won_cancels_remaining" time="1.184" /></testsuite></testsuites>