<?xml version="1.0" encoding="utf-8"?><testsuites name="pytest tests"><testsuite name="pytest" errors="0" failures="2" skipped="1" tests="16" time="3.787" timestamp="2026-05-23T09:51:57.197524+00:00" hostname="agent-env-0ba9a290-1bd1-435d-b5fb-f5291b2cace4"><testcase classname="backend.tests.test_iter84_email_send_flow.TestEmailConfigGet" name="test_get_config_fresh_state_uses_global_fallback" time="0.661" /><testcase classname="backend.tests.test_iter84_email_send_flow.TestEmailConfigGet" name="test_get_config_no_x_tenant_id_header_needed" time="0.100" /><testcase classname="backend.tests.test_iter84_email_send_flow.TestEmailConfigSave" name="test_post_config_saves_name_and_address" time="0.209" /><testcase classname="backend.tests.test_iter84_email_send_flow.TestEmailConfigSave" name="test_post_config_blank_resend_key_keeps_existing" time="0.414" /><testcase classname="backend.tests.test_iter84_email_send_flow.TestEmailConfigSave" name="test_post_config_allows_master_admin" time="0.108" /><testcase classname="backend.tests.test_iter84_email_send_flow.TestEmailConfigSave" name="test_post_config_blocks_sales_rep_with_403" time="0.426"><failure message="AssertionError: expected 403 for sales_rep, got 200: {&quot;ok&quot;:true,&quot;saved_at&quot;:&quot;2026-05-23T09:51:59.188586+00:00&quot;}&#10;assert 200 == 403&#10; +  where 200 = &lt;Response [200]&gt;.status_code">backend/tests/test_iter84_email_send_flow.py:189: in test_post_config_blocks_sales_rep_with_403
    assert r.status_code == 403, (
E   AssertionError: expected 403 for sales_rep, got 200: {"ok":true,"saved_at":"2026-05-23T09:51:59.188586+00:00"}
E   assert 200 == 403
E    +  where 200 = &lt;Response [200]&gt;.status_code</failure></testcase><testcase classname="backend.tests.test_iter84_email_send_flow.TestEmailTestSend" name="test_test_send_invalid_recipient_returns_422" time="0.104" /><testcase classname="backend.tests.test_iter84_email_send_flow.TestEmailTestSend" name="test_test_send_blocks_sales_rep_with_403" time="0.270"><failure message="AssertionError: expected 403 for sales_rep, got 400: {&quot;detail&quot;:&quot;Resend rejected the API key. Paste a fresh key from Resend → API Keys and retry.&quot;}&#10;assert 400 == 403&#10; +  where 400 = &lt;Response [400]&gt;.status_code">backend/tests/test_iter84_email_send_flow.py:212: in test_test_send_blocks_sales_rep_with_403
    assert r.status_code == 403, f"expected 403 for sales_rep, got {r.status_code}: {r.text[:300]}"
E   AssertionError: expected 403 for sales_rep, got 400: {"detail":"Resend rejected the API key. Paste a fresh key from Resend → API Keys and retry."}
E   assert 400 == 403
E    +  where 400 = &lt;Response [400]&gt;.status_code</failure></testcase><testcase classname="backend.tests.test_iter84_email_send_flow.TestEmailTestSend" name="test_test_send_no_x_tenant_id_header_needed" time="0.234" /><testcase classname="backend.tests.test_iter84_email_send_flow.TestEmailTestSend" name="test_test_send_sandbox_friendly_error_no_raw_leak" time="0.417" /><testcase classname="backend.tests.test_iter84_email_send_flow.TestEmailTestSend" name="test_test_send_owner_inbox_success" time="0.274" /><testcase classname="backend.tests.test_iter84_email_send_flow.TestEmailTestSend" name="test_test_send_no_key_returns_400_friendly" time="0.000"><skipped type="pytest.skip" message="RESEND_API_KEY is set in this test process's env; can't fully clear global fallback from the backend supervisor process either. The 'no key' branch is verified by inspection of _get_email_config and the explicit `if not cfg['resend_api_key']` check at line 1293.">/app/backend/tests/test_iter84_email_send_flow.py:329: RESEND_API_KEY is set in this test process's env; can't fully clear global fallback from the backend supervisor process either. The 'no key' branch is verified by inspection of _get_email_config and the explicit `if not cfg['resend_api_key']` check at line 1293.</skipped></testcase><testcase classname="backend.tests.test_iter84_email_send_flow.TestRegressionIter82_83" name="test_pt_overview_200" time="0.109" /><testcase classname="backend.tests.test_iter84_email_send_flow.TestRegressionIter82_83" name="test_pt_leads_200" time="0.110" /><testcase classname="backend.tests.test_iter84_email_send_flow.TestRegressionIter82_83" name="test_auto_map_publish_empty_payload_200" time="0.116" /><testcase classname="backend.tests.test_iter84_email_send_flow.TestRegressionIter82_83" name="test_saleshandy_test_no_raw_json_leak" time="0.112" /></testsuite></testsuites>