<?xml version="1.0" encoding="utf-8"?><testsuites name="pytest tests"><testsuite name="pytest" errors="0" failures="0" skipped="0" tests="18" time="4.224" timestamp="2026-05-23T09:38:48.877212+00:00" hostname="agent-env-0ba9a290-1bd1-435d-b5fb-f5291b2cace4"><testcase classname="backend.tests.test_iter82_publish_and_humanised_errors.TestAutoMapPublishRobust" name="test_publish_empty_payload_returns_200" time="0.683" /><testcase classname="backend.tests.test_iter82_publish_and_humanised_errors.TestAutoMapPublishRobust" name="test_publish_one_valid_touchpoint_returns_200" time="0.125" /><testcase classname="backend.tests.test_iter82_publish_and_humanised_errors.TestAutoMapPublishRobust" name="test_publish_with_invalid_touchpoints_drops_them_not_500" time="0.103" /><testcase classname="backend.tests.test_iter82_publish_and_humanised_errors.TestAutoMapPublishRobust" name="test_publish_all_invalid_returns_422_friendly" time="0.107" /><testcase classname="backend.tests.test_iter82_publish_and_humanised_errors.TestLegacyIntegrationsHumanisedErrors" name="test_saleshandy_test_no_key_400_friendly" time="0.115" /><testcase classname="backend.tests.test_iter82_publish_and_humanised_errors.TestLegacyIntegrationsHumanisedErrors" name="test_sequences_saleshandy_no_key_or_friendly" time="0.132" /><testcase classname="backend.tests.test_iter82_publish_and_humanised_errors.TestLegacyIntegrationsHumanisedErrors" name="test_sequences_lemlist_no_raw_json" time="0.101" /><testcase classname="backend.tests.test_iter82_publish_and_humanised_errors.TestOutreachImportTestConnection" name="test_saleshandy_test_connection_no_raw_json" time="0.129" /><testcase classname="backend.tests.test_iter82_publish_and_humanised_errors.TestOutreachImportTestConnection" name="test_lemlist_test_connection_no_raw_json" time="0.095" /><testcase classname="backend.tests.test_iter82_publish_and_humanised_errors.TestPtIntegrationsTest" name="test_pt_saleshandy_test_no_key_400" time="0.101" /><testcase classname="backend.tests.test_iter82_publish_and_humanised_errors.TestPtIntegrationsTest" name="test_pt_saleshandy_with_fake_key_friendly_error" time="0.568" /><testcase classname="backend.tests.test_iter82_publish_and_humanised_errors.TestPtIntegrationsTest" name="test_pt_lemlist_with_fake_key_friendly_error" time="0.767" /><testcase classname="backend.tests.test_iter82_publish_and_humanised_errors.TestPietentialDashboard" name="test_overview_loads" time="0.104" /><testcase classname="backend.tests.test_iter82_publish_and_humanised_errors.TestPietentialDashboard" name="test_leads_loads" time="0.130" /><testcase classname="backend.tests.test_iter82_publish_and_humanised_errors.TestPietentialDashboard" name="test_integrations_listing" time="0.106" /><testcase classname="backend.tests.test_iter82_publish_and_humanised_errors.TestPietentialDashboard" name="test_touchpoints_loads" time="0.107" /><testcase classname="backend.tests.test_iter82_publish_and_humanised_errors.TestLightRegression" name="test_founder_brief_invalid_object_id_404" time="0.102" /><testcase classname="backend.tests.test_iter82_publish_and_humanised_errors.TestLightRegression" name="test_admin_deployments_master_admin_only" time="0.575" /></testsuite></testsuites>