<?xml version="1.0" encoding="utf-8"?><testsuites name="pytest tests"><testsuite name="pytest" errors="0" failures="0" skipped="1" tests="19" time="6.262" timestamp="2026-04-29T13:18:17.977933+00:00" hostname="agent-env-0ba9a290-1bd1-435d-b5fb-f5291b2cace4"><testcase classname="backend.tests.test_phase1_plans.TestBillingPlans" name="test_returns_4_plans" time="0.722" /><testcase classname="backend.tests.test_phase1_plans.TestBillingPlans" name="test_pro_amount_399" time="0.113" /><testcase classname="backend.tests.test_phase1_plans.TestBillingPlans" name="test_custom_is_contact_sales" time="0.105" /><testcase classname="backend.tests.test_phase1_plans.TestBillingPlans" name="test_feature_keys_count" time="0.111" /><testcase classname="backend.tests.test_phase1_plans.TestBillingPlans" name="test_starter_has_locked_features" time="0.102" /><testcase classname="backend.tests.test_phase1_plans.TestCurrentPlan" name="test_default_starter" time="0.109" /><testcase classname="backend.tests.test_phase1_plans.TestDevSetPlan" name="test_admin_can_set_growth" time="0.296" /><testcase classname="backend.tests.test_phase1_plans.TestDevSetPlan" name="test_admin_can_set_pro" time="0.222" /><testcase classname="backend.tests.test_phase1_plans.TestDevSetPlan" name="test_invalid_plan_400" time="0.107" /><testcase classname="backend.tests.test_phase1_plans.TestDevSetPlan" name="test_non_admin_403" time="0.446" /><testcase classname="backend.tests.test_phase1_plans.TestBillingCheckout" name="test_custom_returns_400" time="0.123" /><testcase classname="backend.tests.test_phase1_plans.TestBillingCheckout" name="test_pro_returns_checkout_url" time="0.649" /><testcase classname="backend.tests.test_phase1_plans.TestRequestUpgrade" name="test_request_upgrade_pro" time="0.391" /><testcase classname="backend.tests.test_phase1_plans.TestRequestUpgrade" name="test_request_upgrade_invalid_plan" time="0.115" /><testcase classname="backend.tests.test_phase1_plans.TestRequestUpgrade" name="test_activity_row_created" time="0.429"><skipped type="pytest.skip" message="activities endpoint not available: 405">/app/backend/tests/test_phase1_plans.py:172: activities endpoint not available: 405</skipped></testcase><testcase classname="backend.tests.test_phase1_plans.TestDemoSeeder" name="test_force_seeds_25" time="0.113" /><testcase classname="backend.tests.test_phase1_plans.TestDemoSeeder" name="test_no_force_skips_when_leads_exist" time="0.103" /><testcase classname="backend.tests.test_phase1_plans.TestDemoSeeder" name="test_leads_have_diverse_data" time="0.120" /><testcase classname="backend.tests.test_phase1_plans.TestRequireFeatureHelper" name="test_helper_importable" time="1.795" /></testsuite></testsuites>