<?xml version="1.0" encoding="utf-8"?><testsuites name="pytest tests"><testsuite name="pytest" errors="0" failures="0" skipped="0" tests="12" time="1.733" timestamp="2026-05-11T16:33:24.230628+00:00" hostname="agent-env-0ba9a290-1bd1-435d-b5fb-f5291b2cace4"><testcase classname="backend.tests.test_iter39_reports_admin_failed.TestReports" name="test_summary[this_month]" time="0.517" /><testcase classname="backend.tests.test_iter39_reports_admin_failed.TestReports" name="test_summary[last_month]" time="0.080" /><testcase classname="backend.tests.test_iter39_reports_admin_failed.TestReports" name="test_summary[last_3_months]" time="0.094" /><testcase classname="backend.tests.test_iter39_reports_admin_failed.TestReports" name="test_funnel" time="0.081" /><testcase classname="backend.tests.test_iter39_reports_admin_failed.TestReports" name="test_activity" time="0.082" /><testcase classname="backend.tests.test_iter39_reports_admin_failed.TestReports" name="test_sources" time="0.075" /><testcase classname="backend.tests.test_iter39_reports_admin_failed.TestReports" name="test_export_pdf" time="0.143" /><testcase classname="backend.tests.test_iter39_reports_admin_failed.TestReports" name="test_auth_required" time="0.119" /><testcase classname="backend.tests.test_iter39_reports_admin_failed.TestMasterAdmin" name="test_health_services" time="0.084" /><testcase classname="backend.tests.test_iter39_reports_admin_failed.TestMasterAdmin" name="test_trials_expiring" time="0.072" /><testcase classname="backend.tests.test_iter39_reports_admin_failed.TestFailedMessages" name="test_list" time="0.074" /><testcase classname="backend.tests.test_iter39_reports_admin_failed.TestFailedMessages" name="test_auth_required" time="0.227" /></testsuite></testsuites>