<?xml version="1.0" encoding="utf-8"?><testsuites name="pytest tests"><testsuite name="pytest" errors="0" failures="0" skipped="0" tests="12" time="22.278" timestamp="2026-05-30T14:48:58.423115+00:00" hostname="agent-env-0ba9a290-1bd1-435d-b5fb-f5291b2cace4"><testcase classname="backend.tests.test_iter137_p1_fixes.TestFix1EodWrapSendNow" name="test_send_now_returns_structured_503_not_500" time="0.833" /><testcase classname="backend.tests.test_iter137_p1_fixes.TestFix2EodWrapLast" name="test_last_endpoint_exists_and_has_shape" time="0.125" /><testcase classname="backend.tests.test_iter137_p1_fixes.TestFix3JourneyGenerateAsync" name="test_kickoff_returns_job_id_fast" time="0.109" /><testcase classname="backend.tests.test_iter137_p1_fixes.TestFix3JourneyGenerateAsync" name="test_job_poll_completes" time="19.542" /><testcase classname="backend.tests.test_iter137_p1_fixes.TestFix3JourneyGenerateAsync" name="test_bogus_job_id_returns_404" time="0.217" /><testcase classname="backend.tests.test_iter137_p1_fixes.TestFix3JourneyGenerateAsync" name="test_cross_tenant_isolation_404" time="0.117" /><testcase classname="backend.tests.test_iter137_p1_fixes.TestRegressionSiblingNotifs" name="test_morning_brief_last_still_200" time="0.125" /><testcase classname="backend.tests.test_iter137_p1_fixes.TestRegressionSiblingNotifs" name="test_approval_digest_last_still_200" time="0.114" /><testcase classname="backend.tests.test_iter137_p1_fixes.TestRegressionSiblingNotifs" name="test_morning_brief_send_now" time="0.320" /><testcase classname="backend.tests.test_iter137_p1_fixes.TestRegressionSiblingNotifs" name="test_approval_digest_send_now" time="0.120" /><testcase classname="backend.tests.test_iter137_p1_fixes.TestRegressionJourneyCrud" name="test_list_touchpoints" time="0.112" /><testcase classname="backend.tests.test_iter137_p1_fixes.TestRegressionJourneyCrud" name="test_create_patch_delete_cycle" time="0.454" /></testsuite></testsuites>