<?xml version="1.0" encoding="utf-8"?><testsuites name="pytest tests"><testsuite name="pytest" errors="0" failures="0" skipped="0" tests="9" time="5.544" timestamp="2026-05-11T16:08:14.147712+00:00" hostname="agent-env-0ba9a290-1bd1-435d-b5fb-f5291b2cace4"><testcase classname="backend.tests.test_iter38_touchpoint_redesign.TestScoringEndpoint" name="test_scoring_returns_200_and_structure" time="0.673" /><testcase classname="backend.tests.test_iter38_touchpoint_redesign.TestScoringEndpoint" name="test_scoring_journey_fields" time="0.216" /><testcase classname="backend.tests.test_iter38_touchpoint_redesign.TestScoringEndpoint" name="test_scoring_items_have_performance_and_lead_fit" time="0.120" /><testcase classname="backend.tests.test_iter38_touchpoint_redesign.TestScoringEndpoint" name="test_scoring_no_objectid_leakage" time="0.181" /><testcase classname="backend.tests.test_iter38_touchpoint_redesign.TestAIQualityEndpoint" name="test_ai_quality_returns_200" time="3.541" /><testcase classname="backend.tests.test_iter38_touchpoint_redesign.TestAIQualityEndpoint" name="test_ai_quality_item_shape" time="0.154" /><testcase classname="backend.tests.test_iter38_touchpoint_redesign.TestAIQualityEndpoint" name="test_ai_quality_cache_second_call_fast" time="0.264" /><testcase classname="backend.tests.test_iter38_touchpoint_redesign.TestScoringAuth" name="test_scoring_requires_auth" time="0.185" /><testcase classname="backend.tests.test_iter38_touchpoint_redesign.TestScoringAuth" name="test_ai_quality_requires_auth" time="0.139" /></testsuite></testsuites>