<?xml version="1.0" encoding="utf-8"?><testsuites name="pytest tests"><testsuite name="pytest" errors="0" failures="0" skipped="0" tests="17" time="19.615" timestamp="2026-05-11T15:28:35.367702+00:00" hostname="agent-env-0ba9a290-1bd1-435d-b5fb-f5291b2cace4"><testcase classname="backend.tests.test_iter37_touchpoint_sprint4.TestTemplates" name="test_8_templates_present" time="0.637" /><testcase classname="backend.tests.test_iter37_touchpoint_sprint4.TestMaxCap" name="test_get_map" time="0.071" /><testcase classname="backend.tests.test_iter37_touchpoint_sprint4.TestMaxCap" name="test_save_32_succeeds" time="0.081" /><testcase classname="backend.tests.test_iter37_touchpoint_sprint4.TestMaxCap" name="test_save_33_fails_400" time="0.098" /><testcase classname="backend.tests.test_iter37_touchpoint_sprint4.TestVersionHistory" name="test_save_then_versions_endpoint" time="0.200" /><testcase classname="backend.tests.test_iter37_touchpoint_sprint4.TestVersionHistory" name="test_retention_cap_5" time="1.346" /><testcase classname="backend.tests.test_iter37_touchpoint_sprint4.TestVersionHistory" name="test_restore_version" time="0.798" /><testcase classname="backend.tests.test_iter37_touchpoint_sprint4.TestVersionHistory" name="test_restore_404_for_unknown" time="0.088" /><testcase classname="backend.tests.test_iter37_touchpoint_sprint4.TestVersionHistory" name="test_restore_403_for_sales_rep" time="0.479" /><testcase classname="backend.tests.test_iter37_touchpoint_sprint4.TestImportDocument" name="test_docx_5_steps_returns_preview" time="6.587" /><testcase classname="backend.tests.test_iter37_touchpoint_sprint4.TestImportDocument" name="test_empty_file_400" time="0.158" /><testcase classname="backend.tests.test_iter37_touchpoint_sprint4.TestImportDocument" name="test_unsupported_extension_400" time="0.137" /><testcase classname="backend.tests.test_iter37_touchpoint_sprint4.TestImportDocument" name="test_over_10mb_400" time="1.208" /><testcase classname="backend.tests.test_iter37_touchpoint_sprint4.TestImportDocument" name="test_sales_rep_403" time="0.159" /><testcase classname="backend.tests.test_iter37_touchpoint_sprint4.TestAuditIntegration" name="test_save_writes_audit" time="0.626" /><testcase classname="backend.tests.test_iter37_touchpoint_sprint4.TestAuditIntegration" name="test_import_writes_audit" time="5.862" /><testcase classname="backend.tests.test_iter37_touchpoint_sprint4.TestAuditIntegration" name="test_restore_writes_audit" time="1.015" /></testsuite></testsuites>