<?xml version="1.0" encoding="utf-8"?><testsuites name="pytest tests"><testsuite name="pytest" errors="0" failures="2" skipped="0" tests="19" time="3.637" timestamp="2026-04-29T15:02:47.432151+00:00" hostname="agent-env-0ba9a290-1bd1-435d-b5fb-f5291b2cace4"><testcase classname="backend.tests.test_iter19_aria_agent.TestTraining" name="test_get_training_defaults" time="0.561" /><testcase classname="backend.tests.test_iter19_aria_agent.TestTraining" name="test_put_then_get_persists" time="0.308" /><testcase classname="backend.tests.test_iter19_aria_agent.TestPlaybooks" name="test_list_playbooks" time="0.126" /><testcase classname="backend.tests.test_iter19_aria_agent.TestPlaybooks" name="test_activate_deactivate_roundtrip" time="0.572" /><testcase classname="backend.tests.test_iter19_aria_agent.TestJourneys" name="test_default_journey" time="0.107" /><testcase classname="backend.tests.test_iter19_aria_agent.TestFounderBrief" name="test_brief_for_real_lead" time="0.242" /><testcase classname="backend.tests.test_iter19_aria_agent.TestHandoff" name="test_rules" time="0.104" /><testcase classname="backend.tests.test_iter19_aria_agent.TestHandoff" name="test_alerts" time="0.145" /><testcase classname="backend.tests.test_iter19_aria_agent.TestRevival" name="test_segments" time="0.109" /><testcase classname="backend.tests.test_iter19_aria_agent.TestAgentActivity" name="test_activity" time="0.130" /><testcase classname="backend.tests.test_iter19_aria_agent.TestInsights" name="test_insights" time="0.132" /><testcase classname="backend.tests.test_iter19_aria_agent" name="test_existing_endpoints_still_work[/api/aria/today]" time="0.146" /><testcase classname="backend.tests.test_iter19_aria_agent" name="test_existing_endpoints_still_work[/api/aria/eod-wrap/config]" time="0.143" /><testcase classname="backend.tests.test_iter19_aria_agent" name="test_existing_endpoints_still_work[/api/insights/founder-command-center]" time="0.129" /><testcase classname="backend.tests.test_iter19_aria_agent" name="test_existing_endpoints_still_work[/api/leads]" time="0.124" /><testcase classname="backend.tests.test_iter19_aria_agent" name="test_existing_endpoints_still_work[/api/dashboard]" time="0.112"><failure message="AssertionError: /api/dashboard returned 404 {&quot;detail&quot;:&quot;Not Found&quot;}&#10;assert 404 == 200&#10; +  where 404 = &lt;Response [404]&gt;.status_code">backend/tests/test_iter19_aria_agent.py:187: in test_existing_endpoints_still_work
    assert r.status_code == 200, f"{path} returned {r.status_code} {r.text[:200]}"
E   AssertionError: /api/dashboard returned 404 {"detail":"Not Found"}
E   assert 404 == 200
E    +  where 404 = &lt;Response [404]&gt;.status_code</failure></testcase><testcase classname="backend.tests.test_iter19_aria_agent" name="test_existing_endpoints_still_work[/api/aria/best-time-to-call-priority]" time="0.102"><failure message="AssertionError: /api/aria/best-time-to-call-priority returned 404 {&quot;detail&quot;:&quot;Not Found&quot;}&#10;assert 404 == 200&#10; +  where 404 = &lt;Response [404]&gt;.status_code">backend/tests/test_iter19_aria_agent.py:187: in test_existing_endpoints_still_work
    assert r.status_code == 200, f"{path} returned {r.status_code} {r.text[:200]}"
E   AssertionError: /api/aria/best-time-to-call-priority returned 404 {"detail":"Not Found"}
E   assert 404 == 200
E    +  where 404 = &lt;Response [404]&gt;.status_code</failure></testcase><testcase classname="backend.tests.test_iter19_aria_agent" name="test_existing_endpoints_still_work[/api/aria/daily-call-plan/config]" time="0.107" /><testcase classname="backend.tests.test_iter19_aria_agent" name="test_existing_endpoints_still_work[/api/analytics/dashboard]" time="0.121" /></testsuite></testsuites>