<?xml version="1.0" encoding="utf-8"?><testsuites name="pytest tests"><testsuite name="pytest" errors="0" failures="1" skipped="1" tests="24" time="16.496" timestamp="2026-05-06T15:43:18.675312+00:00" hostname="agent-env-0ba9a290-1bd1-435d-b5fb-f5291b2cace4"><testcase classname="backend.tests.test_iter22_refactor_regression.TestAuth" name="test_health" time="0.312" /><testcase classname="backend.tests.test_iter22_refactor_regression.TestAuth" name="test_login_success" time="0.333" /><testcase classname="backend.tests.test_iter22_refactor_regression.TestAuth" name="test_login_invalid" time="0.306" /><testcase classname="backend.tests.test_iter22_refactor_regression.TestAuth" name="test_me" time="0.369" /><testcase classname="backend.tests.test_iter22_refactor_regression.TestAuth" name="test_register_duplicate_rejected" time="0.083" /><testcase classname="backend.tests.test_iter22_refactor_regression.TestAuth" name="test_register_new_then_login" time="0.589" /><testcase classname="backend.tests.test_iter22_refactor_regression.TestMeta" name="test_users_list" time="0.076" /><testcase classname="backend.tests.test_iter22_refactor_regression.TestMeta" name="test_users_unauth" time="0.068" /><testcase classname="backend.tests.test_iter22_refactor_regression.TestMeta" name="test_calendly_event_types" time="0.603" /><testcase classname="backend.tests.test_iter22_refactor_regression.TestMeta" name="test_calendly_user" time="0.440" /><testcase classname="backend.tests.test_iter22_refactor_regression.TestCampaigns" name="test_create_and_get" time="0.119"><failure message="AssertionError: {&quot;detail&quot;:[{&quot;type&quot;:&quot;missing&quot;,&quot;loc&quot;:[&quot;body&quot;,&quot;lead_type&quot;],&quot;msg&quot;:&quot;Field required&quot;,&quot;input&quot;:{&quot;name&quot;:&quot;TEST_iter22_5bf640&quot;,&quot;description&quot;:&quot;regression&quot;,&quot;channel&quot;:&quot;email&quot;,&quot;target_audience&quot;:&quot;B2B&quot;},&quot;url&quot;:&quot;https://errors.pydantic.dev/2.12/v/missing&quot;}]}&#10;assert 422 in (200, 201)&#10; +  where 422 = &lt;Response [422]&gt;.status_code">backend/tests/test_iter22_refactor_regression.py:130: in test_create_and_get
    assert r.status_code in (200, 201), r.text
E   AssertionError: {"detail":[{"type":"missing","loc":["body","lead_type"],"msg":"Field required","input":{"name":"TEST_iter22_5bf640","description":"regression","channel":"email","target_audience":"B2B"},"url":"https://errors.pydantic.dev/2.12/v/missing"}]}
E   assert 422 in (200, 201)
E    +  where 422 = &lt;Response [422]&gt;.status_code</failure></testcase><testcase classname="backend.tests.test_iter22_refactor_regression.TestAI" name="test_ai_score" time="5.951" /><testcase classname="backend.tests.test_iter22_refactor_regression.TestAI" name="test_ai_email_generate" time="0.165" /><testcase classname="backend.tests.test_iter22_refactor_regression.TestAI" name="test_ai_chat" time="0.077" /><testcase classname="backend.tests.test_iter22_refactor_regression.TestAI" name="test_ai_summarize" time="5.541" /><testcase classname="backend.tests.test_iter22_refactor_regression.TestAnalytics" name="test_dashboard" time="0.099" /><testcase classname="backend.tests.test_iter22_refactor_regression.TestAnalytics" name="test_email_send_exists" time="0.385" /><testcase classname="backend.tests.test_iter22_refactor_regression.TestAutomationRuleTest" name="test_rule_not_found_returns_404" time="0.109" /><testcase classname="backend.tests.test_iter22_refactor_regression.TestAutomationRuleTest" name="test_rule_endpoint_contract_when_rule_exists" time="0.104"><skipped type="pytest.skip" message="no automation rules configured in this workspace">/app/backend/tests/test_iter22_refactor_regression.py:229: no automation rules configured in this workspace</skipped></testcase><testcase classname="backend.tests.test_iter22_refactor_regression.TestRegression" name="test_leads_list" time="0.106" /><testcase classname="backend.tests.test_iter22_refactor_regression.TestRegression" name="test_lead_activities" time="0.218" /><testcase classname="backend.tests.test_iter22_refactor_regression.TestRegression" name="test_aria_agent_activity" time="0.118" /><testcase classname="backend.tests.test_iter22_refactor_regression.TestRegression" name="test_aria_agent_insights" time="0.113" /><testcase classname="backend.tests.test_iter22_refactor_regression.TestRegression" name="test_integrations_automation_rules_list" time="0.103" /></testsuite></testsuites>