<?xml version="1.0" encoding="utf-8"?><testsuites name="pytest tests"><testsuite name="pytest" errors="0" failures="0" skipped="0" tests="19" time="3.665" timestamp="2026-05-30T15:03:49.435374+00:00" hostname="agent-env-0ba9a290-1bd1-435d-b5fb-f5291b2cace4"><testcase classname="tests.test_iter138_notification_classifier" name="test_a1_eod_wrap_send_now_returns_classified_503" time="0.839" /><testcase classname="tests.test_iter138_notification_classifier" name="test_a2_morning_brief_send_now_returns_classified_503" time="0.316" /><testcase classname="tests.test_iter138_notification_classifier" name="test_a3_approval_digest_empty_queue_returns_200_skipped" time="0.361" /><testcase classname="tests.test_iter138_notification_classifier" name="test_a4_approval_digest_non_empty_returns_classified_503" time="0.298" /><testcase classname="tests.test_iter138_notification_classifier" name="test_b_journey_generate_jobs_ttl_index" time="0.001" /><testcase classname="tests.test_iter138_notification_classifier" name="test_b_journey_job_has_expires_at_future_date" time="0.132" /><testcase classname="tests.test_iter138_notification_classifier" name="test_regression_aria_config_endpoints_200[/api/aria/morning-brief/config]" time="0.123" /><testcase classname="tests.test_iter138_notification_classifier" name="test_regression_aria_config_endpoints_200[/api/aria/approval-digest/config]" time="0.106" /><testcase classname="tests.test_iter138_notification_classifier" name="test_regression_aria_config_endpoints_200[/api/aria/eod-wrap/config]" time="0.112" /><testcase classname="tests.test_iter138_notification_classifier" name="test_regression_aria_config_endpoints_200[/api/aria/eod-wrap/last]" time="0.149" /><testcase classname="tests.test_iter138_notification_classifier" name="test_regression_aria_config_endpoints_200[/api/aria/morning-brief/last]" time="0.113" /><testcase classname="tests.test_iter138_notification_classifier" name="test_regression_aria_config_endpoints_200[/api/aria/approval-digest/last]" time="0.121" /><testcase classname="tests.test_iter138_notification_classifier" name="test_regression_spot_check_endpoints[/api/health]" time="0.098" /><testcase classname="tests.test_iter138_notification_classifier" name="test_regression_spot_check_endpoints[/api/leads]" time="0.122" /><testcase classname="tests.test_iter138_notification_classifier" name="test_regression_spot_check_endpoints[/api/leads/counts]" time="0.133" /><testcase classname="tests.test_iter138_notification_classifier" name="test_regression_spot_check_endpoints[/api/aria/today]" time="0.127" /><testcase classname="tests.test_iter138_notification_classifier" name="test_regression_spot_check_endpoints[/api/aria/feed]" time="0.118" /><testcase classname="tests.test_iter138_notification_classifier" name="test_regression_spot_check_endpoints[/api/voice-seeds]" time="0.107" /><testcase classname="tests.test_iter138_notification_classifier" name="test_regression_approvals_endpoints" time="0.211" /></testsuite></testsuites>