<?xml version="1.0" encoding="utf-8"?><testsuites name="pytest tests"><testsuite name="pytest" errors="0" failures="0" skipped="0" tests="25" time="61.488" timestamp="2026-05-08T09:25:33.825275+00:00" hostname="agent-env-0ba9a290-1bd1-435d-b5fb-f5291b2cace4"><testcase classname="backend.tests.test_pietential_phase2" name="test_overview_phase2_metrics" time="0.561" /><testcase classname="backend.tests.test_pietential_phase2" name="test_integrations_primary_future_split" time="0.230" /><testcase classname="backend.tests.test_pietential_phase2" name="test_webhook_signature_required_when_secret_set" time="0.415" /><testcase classname="backend.tests.test_pietential_phase2" name="test_webhook_no_secret_when_unset" time="0.212" /><testcase classname="backend.tests.test_pietential_phase2" name="test_touchpoints_returns_10" time="0.119" /><testcase classname="backend.tests.test_pietential_phase2" name="test_saleshandy_lemlist_activity_shape" time="0.201" /><testcase classname="backend.tests.test_pietential_phase2" name="test_demo_replay_creates_lead_score_145" time="0.221" /><testcase classname="backend.tests.test_pietential_phase2" name="test_team_list_admin" time="0.120" /><testcase classname="backend.tests.test_pietential_phase2" name="test_role_update_admin_only" time="0.572" /><testcase classname="backend.tests.test_pietential_phase2" name="test_permissions_admin_vs_salesrep" time="0.327" /><testcase classname="backend.tests.test_pietential_phase2" name="test_training_signal_icp_fit_and_positive_conversation" time="0.652" /><testcase classname="backend.tests.test_pietential_phase2" name="test_score_decay_admin_gate" time="0.230" /><testcase classname="backend.tests.test_pietential" name="test_overview_metrics_shape" time="40.277" /><testcase classname="backend.tests.test_pietential" name="test_scoring_rules_counts" time="0.146" /><testcase classname="backend.tests.test_pietential" name="test_create_lead_and_company" time="2.392" /><testcase classname="backend.tests.test_pietential" name="test_scoring_engine_warm_then_hot" time="0.467" /><testcase classname="backend.tests.test_pietential" name="test_companies" time="0.219" /><testcase classname="backend.tests.test_pietential" name="test_task_patch_to_done" time="0.268" /><testcase classname="backend.tests.test_pietential" name="test_notes_create_get" time="0.227" /><testcase classname="backend.tests.test_pietential" name="test_bulk_create_then_dup_fail" time="0.243" /><testcase classname="backend.tests.test_pietential" name="test_webhooks_saleshandy_then_calendly" time="12.032" /><testcase classname="backend.tests.test_pietential" name="test_integrations_upsert_and_list" time="0.215" /><testcase classname="backend.tests.test_pietential" name="test_reports_weekly_monthly" time="0.233" /><testcase classname="backend.tests.test_pietential" name="test_sales_rep_can_patch_company" time="0.447" /><testcase classname="backend.tests.test_pietential" name="test_admin_can_delete_lead" time="0.362" /></testsuite></testsuites>