<?xml version="1.0" encoding="utf-8"?><testsuites name="pytest tests"><testsuite name="pytest" errors="0" failures="0" skipped="0" tests="15" time="15.662" timestamp="2026-05-28T14:45:11.353776+00:00" hostname="agent-env-0ba9a290-1bd1-435d-b5fb-f5291b2cace4"><testcase classname="backend.tests.test_iter119_batch7_approvals.TestListAndCount" name="test_list_shape_no_bson_id_leak" time="0.694" /><testcase classname="backend.tests.test_iter119_batch7_approvals.TestListAndCount" name="test_count_matches_list" time="0.168" /><testcase classname="backend.tests.test_iter119_batch7_approvals.TestApprove" name="test_approve_valid" time="1.114" /><testcase classname="backend.tests.test_iter119_batch7_approvals.TestApprove" name="test_approve_invalid_id" time="0.054" /><testcase classname="backend.tests.test_iter119_batch7_approvals.TestApprove" name="test_approve_already_actioned_409" time="0.396" /><testcase classname="backend.tests.test_iter119_batch7_approvals.TestTenantIsolation" name="test_approve_other_tenant_returns_404" time="0.060" /><testcase classname="backend.tests.test_iter119_batch7_approvals.TestTenantIsolation" name="test_edit_other_tenant_returns_404" time="0.061" /><testcase classname="backend.tests.test_iter119_batch7_approvals.TestTenantIsolation" name="test_reject_other_tenant_returns_404" time="0.055" /><testcase classname="backend.tests.test_iter119_batch7_approvals.TestEditSend" name="test_edit_persists_and_dispatches" time="0.223" /><testcase classname="backend.tests.test_iter119_batch7_approvals.TestReject" name="test_reject_with_reason" time="0.051" /><testcase classname="backend.tests.test_iter119_batch7_approvals.TestReject" name="test_reject_without_reason" time="0.054" /><testcase classname="backend.tests.test_iter119_batch7_approvals.TestBulk" name="test_bulk_approve_all" time="0.660" /><testcase classname="backend.tests.test_iter119_batch7_approvals.TestBulk" name="test_bulk_approve_subset" time="0.436" /><testcase classname="backend.tests.test_iter119_batch7_approvals.TestBulk" name="test_bulk_reject_all" time="0.052" /><testcase classname="backend.tests.test_iter119_batch7_approvals.TestRegression" name="test_resend_webhook_creates_pending_outreach" time="11.413" /></testsuite></testsuites>