<?xml version="1.0" encoding="utf-8"?><testsuites name="pytest tests"><testsuite name="pytest" errors="0" failures="0" skipped="0" tests="14" time="3.864" timestamp="2026-04-28T15:21:18.085361+00:00" hostname="agent-env-0ba9a290-1bd1-435d-b5fb-f5291b2cace4"><testcase classname="backend.tests.test_lead_magnet.TestRegression" name="test_health" time="0.161" /><testcase classname="backend.tests.test_lead_magnet.TestRegression" name="test_login" time="0.355" /><testcase classname="backend.tests.test_lead_magnet.TestRegression" name="test_leads_list" time="0.471" /><testcase classname="backend.tests.test_lead_magnet.TestRegression" name="test_ttv" time="0.120" /><testcase classname="backend.tests.test_lead_magnet.TestRegression" name="test_onboarding_status" time="0.121" /><testcase classname="backend.tests.test_lead_magnet.TestMagnetConfig" name="test_get_config" time="0.138" /><testcase classname="backend.tests.test_lead_magnet.TestMagnetConfig" name="test_put_config" time="0.276" /><testcase classname="backend.tests.test_lead_magnet.TestUpload" name="test_reject_non_pdf" time="0.129" /><testcase classname="backend.tests.test_lead_magnet.TestUpload" name="test_accept_pdf" time="0.237" /><testcase classname="backend.tests.test_lead_magnet.TestUpload" name="test_uploads_requires_auth" time="0.142" /><testcase classname="backend.tests.test_lead_magnet.TestUpload" name="test_uploads_404" time="0.111" /><testcase classname="backend.tests.test_lead_magnet.TestSendAndTrack" name="test_send_when_disabled_then_enable_and_send" time="1.293" /><testcase classname="backend.tests.test_lead_magnet.TestSendAndTrack" name="test_track_invalid" time="0.104" /><testcase classname="backend.tests.test_lead_magnet.TestSendAndTrack" name="test_engagement" time="0.127" /></testsuite></testsuites>