<?xml version="1.0" encoding="utf-8"?><testsuites name="pytest tests"><testsuite name="pytest" errors="0" failures="0" skipped="0" tests="8" time="1.937" timestamp="2026-04-28T14:36:46.499205+00:00" hostname="agent-env-0ba9a290-1bd1-435d-b5fb-f5291b2cace4"><testcase classname="backend.tests.test_ttv.TestTTVMilestones" name="test_requires_auth" time="0.312" /><testcase classname="backend.tests.test_ttv.TestTTVMilestones" name="test_returns_5_milestones_with_shape" time="0.568" /><testcase classname="backend.tests.test_ttv.TestTTVMilestones" name="test_negative_durations_return_none" time="0.132" /><testcase classname="backend.tests.test_ttv.TestExistingFlows" name="test_login" time="0.345" /><testcase classname="backend.tests.test_ttv.TestExistingFlows" name="test_leads_list" time="0.113" /><testcase classname="backend.tests.test_ttv.TestExistingFlows" name="test_your_five_today" time="0.108" /><testcase classname="backend.tests.test_ttv.TestExistingFlows" name="test_onboarding_status" time="0.169" /><testcase classname="backend.tests.test_ttv.TestExistingFlows" name="test_onboarding_complete" time="0.120" /></testsuite></testsuites>